[0.048s] Invoking command in '/home/rtsd-user/dev_ws/build/cpp_pubsub': CMAKE_PREFIX_PATH=${CMAKE_PREFIX_PATH}:/opt/ros/galactic /usr/bin/cmake --build /home/rtsd-user/dev_ws/build/cpp_pubsub -- -j1 -l1
[0.153s] [35m[1mScanning dependencies of target listener[0m
[0.238s] [ 25%] [32mBuilding CXX object CMakeFiles/listener.dir/src/subscriber_member_function.cpp.o[0m
[5.777s] [01m[K/home/rtsd-user/dev_ws/src/cpp_pubsub/src/subscriber_member_function.cpp:[m[K In member function â€˜[01m[Kvoid MinimalSubscriber::topic_callback(sensor_msgs::msg::Image_<std::allocator<void> >::ConstSharedPtr) const[m[Kâ€™:
[5.777s] [01m[K/home/rtsd-user/dev_ws/src/cpp_pubsub/src/subscriber_member_function.cpp:176:25:[m[K [01;31m[Kerror: [m[Kno match for â€˜[01m[Koperator*[m[Kâ€™ (operand type is â€˜[01m[Ksensor_msgs::msg::Image[m[Kâ€™ {aka â€˜[01m[Ksensor_msgs::msg::Image_<std::allocator<void> >[m[Kâ€™})
[5.777s]   176 |     publisher_->publish([01;31m[K*img_msg[m[K);
[5.777s]       |                         [01;31m[K^~~~~~~~[m[K
[5.778s] In file included from [01m[K/usr/include/opencv4/opencv2/core/cvstd.inl.hpp:47[m[K,
[5.778s]                  from [01m[K/usr/include/opencv4/opencv2/core.hpp:3292[m[K,
[5.778s]                  from [01m[K/usr/include/opencv4/opencv2/core/core.hpp:48[m[K,
[5.778s]                  from [01m[K/opt/ros/galactic/include/cv_bridge/cv_bridge.h:43[m[K,
[5.778s]                  from [01m[K/home/rtsd-user/dev_ws/src/cpp_pubsub/src/subscriber_member_function.cpp:27[m[K:
[5.779s] [01m[K/usr/include/c++/9/complex:391:5:[m[K [01;36m[Knote: [m[Kcandidate: â€˜[01m[Ktemplate<class _Tp> std::complex<_Tp> std::operator*(const std::complex<_Tp>&, const std::complex<_Tp>&)[m[Kâ€™
[5.779s]   391 |     [01;36m[Koperator[m[K*(const complex<_Tp>& __x, const complex<_Tp>& __y)
[5.779s]       |     [01;36m[K^~~~~~~~[m[K
[5.779s] [01m[K/usr/include/c++/9/complex:391:5:[m[K [01;36m[Knote: [m[K  template argument deduction/substitution failed:
[5.780s] [01m[K/home/rtsd-user/dev_ws/src/cpp_pubsub/src/subscriber_member_function.cpp:176:26:[m[K [01;36m[Knote: [m[K  â€˜[01m[Ksensor_msgs::msg::Image[m[Kâ€™ {aka â€˜[01m[Ksensor_msgs::msg::Image_<std::allocator<void> >[m[Kâ€™} is not derived from â€˜[01m[Kconst std::complex<_Tp>[m[Kâ€™
[5.780s]   176 |     publisher_->publish(*[01;36m[Kimg_msg[m[K);
[5.780s]       |                          [01;36m[K^~~~~~~[m[K
[5.780s] In file included from [01m[K/usr/include/opencv4/opencv2/core/cvstd.inl.hpp:47[m[K,
[5.781s]                  from [01m[K/usr/include/opencv4/opencv2/core.hpp:3292[m[K,
[5.781s]                  from [01m[K/usr/include/opencv4/opencv2/core/core.hpp:48[m[K,
[5.781s]                  from [01m[K/opt/ros/galactic/include/cv_bridge/cv_bridge.h:43[m[K,
[5.782s]                  from [01m[K/home/rtsd-user/dev_ws/src/cpp_pubsub/src/subscriber_member_function.cpp:27[m[K:
[5.782s] [01m[K/usr/include/c++/9/complex:400:5:[m[K [01;36m[Knote: [m[Kcandidate: â€˜[01m[Ktemplate<class _Tp> std::complex<_Tp> std::operator*(const std::complex<_Tp>&, const _Tp&)[m[Kâ€™
[5.782s]   400 |     [01;36m[Koperator[m[K*(const complex<_Tp>& __x, const _Tp& __y)
[5.785s]       |     [01;36m[K^~~~~~~~[m[K
[5.785s] [01m[K/usr/include/c++/9/complex:400:5:[m[K [01;36m[Knote: [m[K  template argument deduction/substitution failed:
[5.785s] [01m[K/home/rtsd-user/dev_ws/src/cpp_pubsub/src/subscriber_member_function.cpp:176:26:[m[K [01;36m[Knote: [m[K  â€˜[01m[Ksensor_msgs::msg::Image[m[Kâ€™ {aka â€˜[01m[Ksensor_msgs::msg::Image_<std::allocator<void> >[m[Kâ€™} is not derived from â€˜[01m[Kconst std::complex<_Tp>[m[Kâ€™
[5.785s]   176 |     publisher_->publish(*[01;36m[Kimg_msg[m[K);
[5.785s]       |                          [01;36m[K^~~~~~~[m[K
[5.786s] In file included from [01m[K/usr/include/opencv4/opencv2/core/cvstd.inl.hpp:47[m[K,
[5.786s]                  from [01m[K/usr/include/opencv4/opencv2/core.hpp:3292[m[K,
[5.786s]                  from [01m[K/usr/include/opencv4/opencv2/core/core.hpp:48[m[K,
[5.786s]                  from [01m[K/opt/ros/galactic/include/cv_bridge/cv_bridge.h:43[m[K,
[5.786s]                  from [01m[K/home/rtsd-user/dev_ws/src/cpp_pubsub/src/subscriber_member_function.cpp:27[m[K:
[5.786s] [01m[K/usr/include/c++/9/complex:409:5:[m[K [01;36m[Knote: [m[Kcandidate: â€˜[01m[Ktemplate<class _Tp> std::complex<_Tp> std::operator*(const _Tp&, const std::complex<_Tp>&)[m[Kâ€™
[5.787s]   409 |     [01;36m[Koperator[m[K*(const _Tp& __x, const complex<_Tp>& __y)
[5.789s]       |     [01;36m[K^~~~~~~~[m[K
[5.789s] [01m[K/usr/include/c++/9/complex:409:5:[m[K [01;36m[Knote: [m[K  template argument deduction/substitution failed:
[5.789s] [01m[K/home/rtsd-user/dev_ws/src/cpp_pubsub/src/subscriber_member_function.cpp:176:26:[m[K [01;36m[Knote: [m[K  candidate expects 2 arguments, 1 provided
[5.789s]   176 |     publisher_->publish(*[01;36m[Kimg_msg[m[K);
[5.789s]       |                          [01;36m[K^~~~~~~[m[K
[5.789s] [01m[K/home/rtsd-user/dev_ws/src/cpp_pubsub/src/subscriber_member_function.cpp:145:9:[m[K [01;35m[Kwarning: [m[Kunused variable â€˜[01m[Krows[m[Kâ€™ [[01;35m[K-Wunused-variable[m[K]
[5.790s]   145 |     int [01;35m[Krows[m[K = msg->height;
[5.790s]       |         [01;35m[K^~~~[m[K
[5.790s] [01m[K/home/rtsd-user/dev_ws/src/cpp_pubsub/src/subscriber_member_function.cpp:146:9:[m[K [01;35m[Kwarning: [m[Kunused variable â€˜[01m[Kcolumns[m[Kâ€™ [[01;35m[K-Wunused-variable[m[K]
[5.790s]   146 |     int [01;35m[Kcolumns[m[K = msg->width;
[5.790s]       |         [01;35m[K^~~~~~~[m[K
[10.299s] make[2]: *** [CMakeFiles/listener.dir/build.make:63: CMakeFiles/listener.dir/src/subscriber_member_function.cpp.o] Error 1
[10.301s] make[1]: *** [CMakeFiles/Makefile2:80: CMakeFiles/listener.dir/all] Error 2
[10.301s] make: *** [Makefile:141: all] Error 2
[10.319s] Invoked command in '/home/rtsd-user/dev_ws/build/cpp_pubsub' returned '2': CMAKE_PREFIX_PATH=${CMAKE_PREFIX_PATH}:/opt/ros/galactic /usr/bin/cmake --build /home/rtsd-user/dev_ws/build/cpp_pubsub -- -j1 -l1
