[0.078s] Invoking command in '/home/rtsd-user/dev_ws/build/cpp_pubsub': CMAKE_PREFIX_PATH=/opt/ros/galactic /usr/bin/cmake --build /home/rtsd-user/dev_ws/build/cpp_pubsub -- -j1 -l1
[0.203s] [35m[1mScanning dependencies of target listener[0m
[0.268s] [ 25%] [32mBuilding CXX object CMakeFiles/listener.dir/src/subscriber_member_function.cpp.o[0m
[7.454s] [01m[K/home/rtsd-user/dev_ws/src/cpp_pubsub/src/subscriber_member_function.cpp:[m[K In member function â€˜[01m[Kvoid MinimalSubscriber::parse_parameters()[m[Kâ€™:
[7.455s] [01m[K/home/rtsd-user/dev_ws/src/cpp_pubsub/src/subscriber_member_function.cpp:75:23:[m[K [01;31m[Kerror: [m[Kâ€˜[01m[Kname_to_reliability_policy_map[m[Kâ€™ was not declared in this scope; did you mean â€˜[01m[Krmw_qos_reliability_policy_t[m[Kâ€™?
[7.455s]    75 |     for (auto entry : [01;31m[Kname_to_reliability_policy_map[m[K) {
[7.455s]       |                       [01;31m[K^~~~~~~~~~~~~~~~~~~~~~~~~~~~~~[m[K
[7.456s]       |                       [32m[Krmw_qos_reliability_policy_t[m[K
[7.469s] [01m[K/home/rtsd-user/dev_ws/src/cpp_pubsub/src/subscriber_member_function.cpp:80:24:[m[K [01;31m[Kerror: [m[Kâ€˜[01m[Kname_to_reliability_policy_map[m[Kâ€™ was not declared in this scope; did you mean â€˜[01m[Krmw_qos_reliability_policy_t[m[Kâ€™?
[7.470s]    80 |     auto reliability = [01;31m[Kname_to_reliability_policy_map[m[K.find(reliability_param);
[7.470s]       |                        [01;31m[K^~~~~~~~~~~~~~~~~~~~~~~~~~~~~~[m[K
[7.470s]       |                        [32m[Krmw_qos_reliability_policy_t[m[K
[7.525s] [01m[K/home/rtsd-user/dev_ws/src/cpp_pubsub/src/subscriber_member_function.cpp:92:23:[m[K [01;31m[Kerror: [m[Kâ€˜[01m[Kname_to_history_policy_map[m[Kâ€™ was not declared in this scope; did you mean â€˜[01m[Krmw_qos_history_policy_t[m[Kâ€™?
[7.526s]    92 |     for (auto entry : [01;31m[Kname_to_history_policy_map[m[K) {
[7.526s]       |                       [01;31m[K^~~~~~~~~~~~~~~~~~~~~~~~~~[m[K
[7.527s]       |                       [32m[Krmw_qos_history_policy_t[m[K
[7.543s] [01m[K/home/rtsd-user/dev_ws/src/cpp_pubsub/src/subscriber_member_function.cpp:96:18:[m[K [01;31m[Kerror: [m[Kâ€˜[01m[Kname_to_history_policy_map[m[Kâ€™ was not declared in this scope; did you mean â€˜[01m[Krmw_qos_history_policy_t[m[Kâ€™?
[7.544s]    96 |       "history", [01;31m[Kname_to_history_policy_map[m[K.begin()->first, history_desc);
[7.544s]       |                  [01;31m[K^~~~~~~~~~~~~~~~~~~~~~~~~~[m[K
[7.544s]       |                  [32m[Krmw_qos_history_policy_t[m[K
[7.573s] [01m[K/home/rtsd-user/dev_ws/src/cpp_pubsub/src/subscriber_member_function.cpp:[m[K In member function â€˜[01m[Kvoid MinimalSubscriber::topic_callback(std_msgs::msg::String_<std::allocator<void> >::ConstSharedPtr) const[m[Kâ€™:
[7.575s] [01m[K/home/rtsd-user/dev_ws/src/cpp_pubsub/src/subscriber_member_function.cpp:112:67:[m[K [01;35m[Kwarning: [m[Kunused parameter â€˜[01m[Kmsg[m[Kâ€™ [[01;35m[K-Wunused-parameter[m[K]
[7.575s]   112 |   void topic_callback([01;35m[Kconst std_msgs::msg::String::ConstSharedPtr msg[m[K) const
[7.576s]       |                       [01;35m[K~~~~~~~~~~~~~~~~~~~~~~~~~~~~~~~~~~~~~~~~~~~~^~~[m[K
[13.668s] make[2]: *** [CMakeFiles/listener.dir/build.make:63: CMakeFiles/listener.dir/src/subscriber_member_function.cpp.o] Error 1
[13.671s] make[1]: *** [CMakeFiles/Makefile2:80: CMakeFiles/listener.dir/all] Error 2
[13.671s] make: *** [Makefile:141: all] Error 2
[13.676s] Invoked command in '/home/rtsd-user/dev_ws/build/cpp_pubsub' returned '2': CMAKE_PREFIX_PATH=/opt/ros/galactic /usr/bin/cmake --build /home/rtsd-user/dev_ws/build/cpp_pubsub -- -j1 -l1
