[0.059s] Invoking command in '/home/rtsd-user/dev_ws/build/cpp_pubsub': CMAKE_PREFIX_PATH=${CMAKE_PREFIX_PATH}:/opt/ros/galactic /usr/bin/cmake --build /home/rtsd-user/dev_ws/build/cpp_pubsub -- -j1 -l1
[0.180s] [35m[1mScanning dependencies of target listener[0m
[0.267s] [ 25%] [32mBuilding CXX object CMakeFiles/listener.dir/src/subscriber_member_function.cpp.o[0m
[7.284s] [01m[K/home/rtsd-user/dev_ws/src/cpp_pubsub/src/subscriber_member_function.cpp:[m[K In member function â€˜[01m[Kvoid MinimalSubscriber::topic_callback(sensor_msgs::msg::Image_<std::allocator<void> >::ConstSharedPtr) const[m[Kâ€™:
[7.284s] [01m[K/home/rtsd-user/dev_ws/src/cpp_pubsub/src/subscriber_member_function.cpp:172:75:[m[K [01;31m[Kerror: [m[Kâ€˜[01m[Kbgr8[m[Kâ€™ is not a member of â€˜[01m[Ksensor_msgs::image_encodings[m[Kâ€™
[7.285s]   172 | bridge = cv_bridge::CvImage(header, sensor_msgs::image_encodings::[01;31m[Kbgr8[m[K, cvImg);
[7.285s]       |                                                                   [01;31m[K^~~~[m[K
[7.285s] 
[7.286s] [01m[K/home/rtsd-user/dev_ws/src/cpp_pubsub/src/subscriber_member_function.cpp:176:25:[m[K [01;31m[Kerror: [m[Kno match for â€˜[01m[Koperator*[m[Kâ€™ (operand type is â€˜[01m[Kcv::Mat[m[Kâ€™)
[7.286s]   176 |     publisher_->publish([01;31m[K*cvImg[m[K);
[7.286s]       |                         [01;31m[K^~~~~~[m[K
[7.287s] In file included from [01m[K/usr/include/opencv4/opencv2/core.hpp:57[m[K,
[7.287s]                  from [01m[K/usr/include/opencv4/opencv2/core/core.hpp:48[m[K,
[7.287s]                  from [01m[K/opt/ros/galactic/include/cv_bridge/cv_bridge.h:43[m[K,
[7.287s]                  from [01m[K/home/rtsd-user/dev_ws/src/cpp_pubsub/src/subscriber_member_function.cpp:27[m[K:
[7.288s] [01m[K/usr/include/opencv4/opencv2/core/matx.hpp:1237:17:[m[K [01;36m[Knote: [m[Kcandidate: â€˜[01m[Ktemplate<class _Tp, int m, int n> cv::Matx<_Tp, m, n> cv::operator*(const cv::Matx<_Tp, m, n>&, int)[m[Kâ€™
[7.288s]  1237 | Matx<_Tp, m, n> [01;36m[Koperator[m[K * (const Matx<_Tp, m, n>& a, int alpha)
[7.288s]       |                 [01;36m[K^~~~~~~~[m[K
[7.288s] [01m[K/usr/include/opencv4/opencv2/core/matx.hpp:1237:17:[m[K [01;36m[Knote: [m[K  template argument deduction/substitution failed:
[7.288s] [01m[K/home/rtsd-user/dev_ws/src/cpp_pubsub/src/subscriber_member_function.cpp:176:26:[m[K [01;36m[Knote: [m[K  â€˜[01m[Kcv::Mat[m[Kâ€™ is not derived from â€˜[01m[Kconst cv::Matx<_Tp, m, n>[m[Kâ€™
[7.289s]   176 |     publisher_->publish(*[01;36m[KcvImg[m[K);
[7.289s]       |                          [01;36m[K^~~~~[m[K
[7.289s] In file included from [01m[K/usr/include/opencv4/opencv2/core.hpp:57[m[K,
[7.289s]                  from [01m[K/usr/include/opencv4/opencv2/core/core.hpp:48[m[K,
[7.289s]                  from [01m[K/opt/ros/galactic/include/cv_bridge/cv_bridge.h:43[m[K,
[7.290s]                  from [01m[K/home/rtsd-user/dev_ws/src/cpp_pubsub/src/subscriber_member_function.cpp:27[m[K:
[7.290s] [01m[K/usr/include/opencv4/opencv2/core/matx.hpp:1243:17:[m[K [01;36m[Knote: [m[Kcandidate: â€˜[01m[Ktemplate<class _Tp, int m, int n> cv::Matx<_Tp, m, n> cv::operator*(const cv::Matx<_Tp, m, n>&, float)[m[Kâ€™
[7.290s]  1243 | Matx<_Tp, m, n> [01;36m[Koperator[m[K * (const Matx<_Tp, m, n>& a, float alpha)
[7.290s]       |                 [01;36m[K^~~~~~~~[m[K
[7.290s] [01m[K/usr/include/opencv4/opencv2/core/matx.hpp:1243:17:[m[K [01;36m[Knote: [m[K  template argument deduction/substitution failed:
[7.292s] [01m[K/home/rtsd-user/dev_ws/src/cpp_pubsub/src/subscriber_member_function.cpp:176:26:[m[K [01;36m[Knote: [m[K  â€˜[01m[Kcv::Mat[m[Kâ€™ is not derived from â€˜[01m[Kconst cv::Matx<_Tp, m, n>[m[Kâ€™
[7.292s]   176 |     publisher_->publish(*[01;36m[KcvImg[m[K);
[7.292s]       |                          [01;36m[K^~~~~[m[K
[7.293s] In file included from [01m[K/usr/include/opencv4/opencv2/core.hpp:57[m[K,
[7.293s]                  from [01m[K/usr/include/opencv4/opencv2/core/core.hpp:48[m[K,
[7.296s]                  from [01m[K/opt/ros/galactic/include/cv_bridge/cv_bridge.h:43[m[K,
[7.296s]                  from [01m[K/home/rtsd-user/dev_ws/src/cpp_pubsub/src/subscriber_member_function.cpp:27[m[K:
[7.296s] [01m[K/usr/include/opencv4/opencv2/core/matx.hpp:1249:17:[m[K [01;36m[Knote: [m[Kcandidate: â€˜[01m[Ktemplate<class _Tp, int m, int n> cv::Matx<_Tp, m, n> cv::operator*(const cv::Matx<_Tp, m, n>&, double)[m[Kâ€™
[7.296s]  1249 | Matx<_Tp, m, n> [01;36m[Koperator[m[K * (const Matx<_Tp, m, n>& a, double alpha)
[7.296s]       |                 [01;36m[K^~~~~~~~[m[K
[7.297s] [01m[K/usr/include/opencv4/opencv2/core/matx.hpp:1249:17:[m[K [01;36m[Knote: [m[K  template argument deduction/substitution failed:
[7.297s] [01m[K/home/rtsd-user/dev_ws/src/cpp_pubsub/src/subscriber_member_function.cpp:176:26:[m[K [01;36m[Knote: [m[K  â€˜[01m[Kcv::Mat[m[Kâ€™ is not derived from â€˜[01m[Kconst cv::Matx<_Tp, m, n>[m[Kâ€™
[7.299s]   176 |     publisher_->publish(*[01;36m[KcvImg[m[K);
[7.300s]       |                          [01;36m[K^~~~~[m[K
[7.303s] In file included from [01m[K/usr/include/opencv4/opencv2/core.hpp:57[m[K,
[7.304s]                  from [01m[K/usr/include/opencv4/opencv2/core/core.hpp:48[m[K,
[7.304s]                  from [01m[K/opt/ros/galactic/include/cv_bridge/cv_bridge.h:43[m[K,
[7.304s]                  from [01m[K/home/rtsd-user/dev_ws/src/cpp_pubsub/src/subscriber_member_function.cpp:27[m[K:
[7.304s] [01m[K/usr/include/opencv4/opencv2/core/matx.hpp:1255:17:[m[K [01;36m[Knote: [m[Kcandidate: â€˜[01m[Ktemplate<class _Tp, int m, int n> cv::Matx<_Tp, m, n> cv::operator*(int, const cv::Matx<_Tp, m, n>&)[m[Kâ€™
[7.304s]  1255 | Matx<_Tp, m, n> [01;36m[Koperator[m[K * (int alpha, const Matx<_Tp, m, n>& a)
[7.304s]       |                 [01;36m[K^~~~~~~~[m[K
[7.304s] [01m[K/usr/include/opencv4/opencv2/core/matx.hpp:1255:17:[m[K [01;36m[Knote: [m[K  template argument deduction/substitution failed:
[7.307s] [01m[K/home/rtsd-user/dev_ws/src/cpp_pubsub/src/subscriber_member_function.cpp:176:26:[m[K [01;36m[Knote: [m[K  candidate expects 2 arguments, 1 provided
[7.307s]   176 |     publisher_->publish(*[01;36m[KcvImg[m[K);
[7.307s]       |                          [01;36m[K^~~~~[m[K
[7.314s] In file included from [01m[K/usr/include/opencv4/opencv2/core.hpp:57[m[K,
[7.314s]                  from [01m[K/usr/include/opencv4/opencv2/core/core.hpp:48[m[K,
[7.314s]                  from [01m[K/opt/ros/galactic/include/cv_bridge/cv_bridge.h:43[m[K,
[7.314s]                  from [01m[K/home/rtsd-user/dev_ws/src/cpp_pubsub/src/subscriber_member_function.cpp:27[m[K:
[7.315s] [01m[K/usr/include/opencv4/opencv2/core/matx.hpp:1261:17:[m[K [01;36m[Knote: [m[Kcandidate: â€˜[01m[Ktemplate<class _Tp, int m, int n> cv::Matx<_Tp, m, n> cv::operator*(float, const cv::Matx<_Tp, m, n>&)[m[Kâ€™
[7.315s]  1261 | Matx<_Tp, m, n> [01;36m[Koperator[m[K * (float alpha, const Matx<_Tp, m, n>& a)
[7.315s]       |                 [01;36m[K^~~~~~~~[m[K
[7.315s] [01m[K/usr/include/opencv4/opencv2/core/matx.hpp:1261:17:[m[K [01;36m[Knote: [m[K  template argument deduction/substitution failed:
[7.315s] [01m[K/home/rtsd-user/dev_ws/src/cpp_pubsub/src/subscriber_member_function.cpp:176:26:[m[K [01;36m[Knote: [m[K  candidate expects 2 arguments, 1 provided
[7.315s]   176 |     publisher_->publish(*[01;36m[KcvImg[m[K);
[7.315s]       |                          [01;36m[K^~~~~[m[K
[7.315s] In file included from [01m[K/usr/include/opencv4/opencv2/core.hpp:57[m[K,
[7.316s]                  from [01m[K/usr/include/opencv4/opencv2/core/core.hpp:48[m[K,
[7.316s]                  from [01m[K/opt/ros/galactic/include/cv_bridge/cv_bridge.h:43[m[K,
[7.316s]                  from [01m[K/home/rtsd-user/dev_ws/src/cpp_pubsub/src/subscriber_member_function.cpp:27[m[K:
[7.316s] [01m[K/usr/include/opencv4/opencv2/core/matx.hpp:1267:17:[m[K [01;36m[Knote: [m[Kcandidate: â€˜[01m[Ktemplate<class _Tp, int m, int n> cv::Matx<_Tp, m, n> cv::operator*(double, const cv::Matx<_Tp, m, n>&)[m[Kâ€™
[7.316s]  1267 | Matx<_Tp, m, n> [01;36m[Koperator[m[K * (double alpha, const Matx<_Tp, m, n>& a)
[7.316s]       |                 [01;36m[K^~~~~~~~[m[K
[7.316s] [01m[K/usr/include/opencv4/opencv2/core/matx.hpp:1267:17:[m[K [01;36m[Knote: [m[K  template argument deduction/substitution failed:
[7.316s] [01m[K/home/rtsd-user/dev_ws/src/cpp_pubsub/src/subscriber_member_function.cpp:176:26:[m[K [01;36m[Knote: [m[K  candidate expects 2 arguments, 1 provided
[7.317s]   176 |     publisher_->publish(*[01;36m[KcvImg[m[K);
[7.317s]       |                          [01;36m[K^~~~~[m[K
[7.317s] In file included from [01m[K/usr/include/opencv4/opencv2/core.hpp:57[m[K,
[7.317s]                  from [01m[K/usr/include/opencv4/opencv2/core/core.hpp:48[m[K,
[7.317s]                  from [01m[K/opt/ros/galactic/include/cv_bridge/cv_bridge.h:43[m[K,
[7.317s]                  from [01m[K/home/rtsd-user/dev_ws/src/cpp_pubsub/src/subscriber_member_function.cpp:27[m[K:
[7.320s] [01m[K/usr/include/opencv4/opencv2/core/matx.hpp:1279:17:[m[K [01;36m[Knote: [m[Kcandidate: â€˜[01m[Ktemplate<class _Tp, int m, int n, int l> cv::Matx<_Tp, m, n> cv::operator*(const cv::Matx<_Tp, m, l>&, const cv::Matx<_Tp, l, n>&)[m[Kâ€™
[7.320s]  1279 | Matx<_Tp, m, n> [01;36m[Koperator[m[K * (const Matx<_Tp, m, l>& a, const Matx<_Tp, l, n>& b)
[7.320s]       |                 [01;36m[K^~~~~~~~[m[K
[7.320s] [01m[K/usr/include/opencv4/opencv2/core/matx.hpp:1279:17:[m[K [01;36m[Knote: [m[K  template argument deduction/substitution failed:
[7.320s] [01m[K/home/rtsd-user/dev_ws/src/cpp_pubsub/src/subscriber_member_function.cpp:176:26:[m[K [01;36m[Knote: [m[K  â€˜[01m[Kcv::Mat[m[Kâ€™ is not derived from â€˜[01m[Kconst cv::Matx<_Tp, m, l>[m[Kâ€™
[7.320s]   176 |     publisher_->publish(*[01;36m[KcvImg[m[K);
[7.321s]       |                          [01;36m[K^~~~~[m[K
[7.321s] In file included from [01m[K/usr/include/opencv4/opencv2/core.hpp:57[m[K,
[7.321s]                  from [01m[K/usr/include/opencv4/opencv2/core/core.hpp:48[m[K,
[7.323s]                  from [01m[K/opt/ros/galactic/include/cv_bridge/cv_bridge.h:43[m[K,
[7.324s]                  from [01m[K/home/rtsd-user/dev_ws/src/cpp_pubsub/src/subscriber_member_function.cpp:27[m[K:
[7.324s] [01m[K/usr/include/opencv4/opencv2/core/matx.hpp:1285:13:[m[K [01;36m[Knote: [m[Kcandidate: â€˜[01m[Ktemplate<class _Tp, int m, int n> cv::Vec<_Tp, m> cv::operator*(const cv::Matx<_Tp, m, n>&, const cv::Vec<_Tp, n>&)[m[Kâ€™
[7.324s]  1285 | Vec<_Tp, m> [01;36m[Koperator[m[K * (const Matx<_Tp, m, n>& a, const Vec<_Tp, n>& b)
[7.324s]       |             [01;36m[K^~~~~~~~[m[K
[7.324s] [01m[K/usr/include/opencv4/opencv2/core/matx.hpp:1285:13:[m[K [01;36m[Knote: [m[K  template argument deduction/substitution failed:
[7.324s] [01m[K/home/rtsd-user/dev_ws/src/cpp_pubsub/src/subscriber_member_function.cpp:176:26:[m[K [01;36m[Knote: [m[K  â€˜[01m[Kcv::Mat[m[Kâ€™ is not derived from â€˜[01m[Kconst cv::Matx<_Tp, m, n>[m[Kâ€™
[7.325s]   176 |     publisher_->publish(*[01;36m[KcvImg[m[K);
[7.325s]       |                          [01;36m[K^~~~~[m[K
[7.325s] In file included from [01m[K/usr/include/opencv4/opencv2/core.hpp:57[m[K,
[7.327s]                  from [01m[K/usr/include/opencv4/opencv2/core/core.hpp:48[m[K,
[7.327s]                  from [01m[K/opt/ros/galactic/include/cv_bridge/cv_bridge.h:43[m[K,
[7.328s]                  from [01m[K/home/rtsd-user/dev_ws/src/cpp_pubsub/src/subscriber_member_function.cpp:27[m[K:
[7.328s] [01m[K/usr/include/opencv4/opencv2/core/matx.hpp:1392:14:[m[K [01;36m[Knote: [m[Kcandidate: â€˜[01m[Ktemplate<class _Tp, int cn> cv::Vec<_Tp, m> cv::operator*(const cv::Vec<_Tp, m>&, int)[m[Kâ€™
[7.329s]  1392 | Vec<_Tp, cn> [01;36m[Koperator[m[K * (const Vec<_Tp, cn>& a, int alpha)
[7.329s]       |              [01;36m[K^~~~~~~~[m[K
[7.331s] [01m[K/usr/include/opencv4/opencv2/core/matx.hpp:1392:14:[m[K [01;36m[Knote: [m[K  template argument deduction/substitution failed:
[7.332s] [01m[K/home/rtsd-user/dev_ws/src/cpp_pubsub/src/subscriber_member_function.cpp:176:26:[m[K [01;36m[Knote: [m[K  â€˜[01m[Kcv::Mat[m[Kâ€™ is not derived from â€˜[01m[Kconst cv::Vec<_Tp, m>[m[Kâ€™
[7.332s]   176 |     publisher_->publish(*[01;36m[KcvImg[m[K);
[7.333s]       |                          [01;36m[K^~~~~[m[K
[7.342s] In file included from [01m[K/usr/include/opencv4/opencv2/core.hpp:57[m[K,
[7.343s]                  from [01m[K/usr/include/opencv4/opencv2/core/core.hpp:48[m[K,
[7.343s]                  from [01m[K/opt/ros/galactic/include/cv_bridge/cv_bridge.h:43[m[K,
[7.343s]                  from [01m[K/home/rtsd-user/dev_ws/src/cpp_pubsub/src/subscriber_member_function.cpp:27[m[K:
[7.343s] [01m[K/usr/include/opencv4/opencv2/core/matx.hpp:1398:14:[m[K [01;36m[Knote: [m[Kcandidate: â€˜[01m[Ktemplate<class _Tp, int cn> cv::Vec<_Tp, m> cv::operator*(int, const cv::Vec<_Tp, m>&)[m[Kâ€™
[7.344s]  1398 | Vec<_Tp, cn> [01;36m[Koperator[m[K * (int alpha, const Vec<_Tp, cn>& a)
[7.344s]       |              [01;36m[K^~~~~~~~[m[K
[7.344s] [01m[K/usr/include/opencv4/opencv2/core/matx.hpp:1398:14:[m[K [01;36m[Knote: [m[K  template argument deduction/substitution failed:
[7.344s] [01m[K/home/rtsd-user/dev_ws/src/cpp_pubsub/src/subscriber_member_function.cpp:176:26:[m[K [01;36m[Knote: [m[K  candidate expects 2 arguments, 1 provided
[7.344s]   176 |     publisher_->publish(*[01;36m[KcvImg[m[K);
[7.344s]       |                          [01;36m[K^~~~~[m[K
[7.345s] In file included from [01m[K/usr/include/opencv4/opencv2/core.hpp:57[m[K,
[7.345s]                  from [01m[K/usr/include/opencv4/opencv2/core/core.hpp:48[m[K,
[7.345s]                  from [01m[K/opt/ros/galactic/include/cv_bridge/cv_bridge.h:43[m[K,
[7.345s]                  from [01m[K/home/rtsd-user/dev_ws/src/cpp_pubsub/src/subscriber_member_function.cpp:27[m[K:
[7.345s] [01m[K/usr/include/opencv4/opencv2/core/matx.hpp:1404:14:[m[K [01;36m[Knote: [m[Kcandidate: â€˜[01m[Ktemplate<class _Tp, int cn> cv::Vec<_Tp, m> cv::operator*(const cv::Vec<_Tp, m>&, float)[m[Kâ€™
[7.345s]  1404 | Vec<_Tp, cn> [01;36m[Koperator[m[K * (const Vec<_Tp, cn>& a, float alpha)
[7.354s]       |              [01;36m[K^~~~~~~~[m[K
[7.354s] [01m[K/usr/include/opencv4/opencv2/core/matx.hpp:1404:14:[m[K [01;36m[Knote: [m[K  template argument deduction/substitution failed:
[7.354s] [01m[K/home/rtsd-user/dev_ws/src/cpp_pubsub/src/subscriber_member_function.cpp:176:26:[m[K [01;36m[Knote: [m[K  â€˜[01m[Kcv::Mat[m[Kâ€™ is not derived from â€˜[01m[Kconst cv::Vec<_Tp, m>[m[Kâ€™
[7.354s]   176 |     publisher_->publish(*[01;36m[KcvImg[m[K);
[7.354s]       |                          [01;36m[K^~~~~[m[K
[7.354s] In file included from [01m[K/usr/include/opencv4/opencv2/core.hpp:57[m[K,
[7.355s]                  from [01m[K/usr/include/opencv4/opencv2/core/core.hpp:48[m[K,
[7.355s]                  from [01m[K/opt/ros/galactic/include/cv_bridge/cv_bridge.h:43[m[K,
[7.355s]                  from [01m[K/home/rtsd-user/dev_ws/src/cpp_pubsub/src/subscriber_member_function.cpp:27[m[K:
[7.355s] [01m[K/usr/include/opencv4/opencv2/core/matx.hpp:1410:14:[m[K [01;36m[Knote: [m[Kcandidate: â€˜[01m[Ktemplate<class _Tp, int cn> cv::Vec<_Tp, m> cv::operator*(float, const cv::Vec<_Tp, m>&)[m[Kâ€™
[7.355s]  1410 | Vec<_Tp, cn> [01;36m[Koperator[m[K * (float alpha, const Vec<_Tp, cn>& a)
[7.355s]       |              [01;36m[K^~~~~~~~[m[K
[7.355s] [01m[K/usr/include/opencv4/opencv2/core/matx.hpp:1410:14:[m[K [01;36m[Knote: [m[K  template argument deduction/substitution failed:
[7.358s] [01m[K/home/rtsd-user/dev_ws/src/cpp_pubsub/src/subscriber_member_function.cpp:176:26:[m[K [01;36m[Knote: [m[K  candidate expects 2 arguments, 1 provided
[7.358s]   176 |     publisher_->publish(*[01;36m[KcvImg[m[K);
[7.358s]       |                          [01;36m[K^~~~~[m[K
[7.358s] In file included from [01m[K/usr/include/opencv4/opencv2/core.hpp:57[m[K,
[7.358s]                  from [01m[K/usr/include/opencv4/opencv2/core/core.hpp:48[m[K,
[7.358s]                  from [01m[K/opt/ros/galactic/include/cv_bridge/cv_bridge.h:43[m[K,
[7.358s]                  from [01m[K/home/rtsd-user/dev_ws/src/cpp_pubsub/src/subscriber_member_function.cpp:27[m[K:
[7.359s] [01m[K/usr/include/opencv4/opencv2/core/matx.hpp:1416:14:[m[K [01;36m[Knote: [m[Kcandidate: â€˜[01m[Ktemplate<class _Tp, int cn> cv::Vec<_Tp, m> cv::operator*(const cv::Vec<_Tp, m>&, double)[m[Kâ€™
[7.359s]  1416 | Vec<_Tp, cn> [01;36m[Koperator[m[K * (const Vec<_Tp, cn>& a, double alpha)
[7.359s]       |              [01;36m[K^~~~~~~~[m[K
[7.359s] [01m[K/usr/include/opencv4/opencv2/core/matx.hpp:1416:14:[m[K [01;36m[Knote: [m[K  template argument deduction/substitution failed:
[7.359s] [01m[K/home/rtsd-user/dev_ws/src/cpp_pubsub/src/subscriber_member_function.cpp:176:26:[m[K [01;36m[Knote: [m[K  â€˜[01m[Kcv::Mat[m[Kâ€™ is not derived from â€˜[01m[Kconst cv::Vec<_Tp, m>[m[Kâ€™
[7.359s]   176 |     publisher_->publish(*[01;36m[KcvImg[m[K);
[7.360s]       |                          [01;36m[K^~~~~[m[K
[7.361s] In file included from [01m[K/usr/include/opencv4/opencv2/core.hpp:57[m[K,
[7.361s]                  from [01m[K/usr/include/opencv4/opencv2/core/core.hpp:48[m[K,
[7.361s]                  from [01m[K/opt/ros/galactic/include/cv_bridge/cv_bridge.h:43[m[K,
[7.361s]                  from [01m[K/home/rtsd-user/dev_ws/src/cpp_pubsub/src/subscriber_member_function.cpp:27[m[K:
[7.361s] [01m[K/usr/include/opencv4/opencv2/core/matx.hpp:1422:14:[m[K [01;36m[Knote: [m[Kcandidate: â€˜[01m[Ktemplate<class _Tp, int cn> cv::Vec<_Tp, m> cv::operator*(double, const cv::Vec<_Tp, m>&)[m[Kâ€™
[7.362s]  1422 | Vec<_Tp, cn> [01;36m[Koperator[m[K * (double alpha, const Vec<_Tp, cn>& a)
[7.362s]       |              [01;36m[K^~~~~~~~[m[K
[7.363s] [01m[K/usr/include/opencv4/opencv2/core/matx.hpp:1422:14:[m[K [01;36m[Knote: [m[K  template argument deduction/substitution failed:
[7.363s] [01m[K/home/rtsd-user/dev_ws/src/cpp_pubsub/src/subscriber_member_function.cpp:176:26:[m[K [01;36m[Knote: [m[K  candidate expects 2 arguments, 1 provided
[7.363s]   176 |     publisher_->publish(*[01;36m[KcvImg[m[K);
[7.363s]       |                          [01;36m[K^~~~~[m[K
[7.376s] In file included from [01m[K/usr/include/opencv4/opencv2/core.hpp:57[m[K,
[7.377s]                  from [01m[K/usr/include/opencv4/opencv2/core/core.hpp:48[m[K,
[7.377s]                  from [01m[K/opt/ros/galactic/include/cv_bridge/cv_bridge.h:43[m[K,
[7.377s]                  from [01m[K/home/rtsd-user/dev_ws/src/cpp_pubsub/src/subscriber_member_function.cpp:27[m[K:
[7.377s] [01m[K/usr/include/opencv4/opencv2/core/matx.hpp:1453:43:[m[K [01;36m[Knote: [m[Kcandidate: â€˜[01m[Ktemplate<class _Tp> cv::Vec<_Tp, 4> cv::operator*(const cv::Vec<_Tp, 4>&, const cv::Vec<_Tp, 4>&)[m[Kâ€™
[7.377s]  1453 | template<typename _Tp> inline Vec<_Tp, 4> [01;36m[Koperator[m[K * (const Vec<_Tp, 4>& v1, const Vec<_Tp, 4>& v2)
[7.377s]       |                                           [01;36m[K^~~~~~~~[m[K
[7.377s] [01m[K/usr/include/opencv4/opencv2/core/matx.hpp:1453:43:[m[K [01;36m[Knote: [m[K  template argument deduction/substitution failed:
[7.378s] [01m[K/home/rtsd-user/dev_ws/src/cpp_pubsub/src/subscriber_member_function.cpp:176:26:[m[K [01;36m[Knote: [m[K  â€˜[01m[Kcv::Mat[m[Kâ€™ is not derived from â€˜[01m[Kconst cv::Vec<_Tp, 4>[m[Kâ€™
[7.378s]   176 |     publisher_->publish(*[01;36m[KcvImg[m[K);
[7.378s]       |                          [01;36m[K^~~~~[m[K
[7.378s] In file included from [01m[K/usr/include/opencv4/opencv2/core.hpp:58[m[K,
[7.378s]                  from [01m[K/usr/include/opencv4/opencv2/core/core.hpp:48[m[K,
[7.378s]                  from [01m[K/opt/ros/galactic/include/cv_bridge/cv_bridge.h:43[m[K,
[7.378s]                  from [01m[K/home/rtsd-user/dev_ws/src/cpp_pubsub/src/subscriber_member_function.cpp:27[m[K:
[7.378s] [01m[K/usr/include/opencv4/opencv2/core/types.hpp:1057:14:[m[K [01;36m[Knote: [m[Kcandidate: â€˜[01m[Ktemplate<class _Tp> cv::Complex<_Tp> cv::operator*(const cv::Complex<_Tp>&, const cv::Complex<_Tp>&)[m[Kâ€™
[7.379s]  1057 | Complex<_Tp> [01;36m[Koperator[m[K * (const Complex<_Tp>& a, const Complex<_Tp>& b)
[7.379s]       |              [01;36m[K^~~~~~~~[m[K
[7.382s] [01m[K/usr/include/opencv4/opencv2/core/types.hpp:1057:14:[m[K [01;36m[Knote: [m[K  template argument deduction/substitution failed:
[7.382s] [01m[K/home/rtsd-user/dev_ws/src/cpp_pubsub/src/subscriber_member_function.cpp:176:26:[m[K [01;36m[Knote: [m[K  â€˜[01m[Kcv::Mat[m[Kâ€™ is not derived from â€˜[01m[Kconst cv::Complex<_Tp>[m[Kâ€™
[7.382s]   176 |     publisher_->publish(*[01;36m[KcvImg[m[K);
[7.382s]       |                          [01;36m[K^~~~~[m[K
[7.382s] In file included from [01m[K/usr/include/opencv4/opencv2/core.hpp:58[m[K,
[7.383s]                  from [01m[K/usr/include/opencv4/opencv2/core/core.hpp:48[m[K,
[7.383s]                  from [01m[K/opt/ros/galactic/include/cv_bridge/cv_bridge.h:43[m[K,
[7.383s]                  from [01m[K/home/rtsd-user/dev_ws/src/cpp_pubsub/src/subscriber_member_function.cpp:27[m[K:
[7.383s] [01m[K/usr/include/opencv4/opencv2/core/types.hpp:1063:14:[m[K [01;36m[Knote: [m[Kcandidate: â€˜[01m[Ktemplate<class _Tp> cv::Complex<_Tp> cv::operator*(const cv::Complex<_Tp>&, _Tp)[m[Kâ€™
[7.383s]  1063 | Complex<_Tp> [01;36m[Koperator[m[K * (const Complex<_Tp>& a, _Tp b)
[7.383s]       |              [01;36m[K^~~~~~~~[m[K
[7.383s] [01m[K/usr/include/opencv4/opencv2/core/types.hpp:1063:14:[m[K [01;36m[Knote: [m[K  template argument deduction/substitution failed:
[7.383s] [01m[K/home/rtsd-user/dev_ws/src/cpp_pubsub/src/subscriber_member_function.cpp:176:26:[m[K [01;36m[Knote: [m[K  â€˜[01m[Kcv::Mat[m[Kâ€™ is not derived from â€˜[01m[Kconst cv::Complex<_Tp>[m[Kâ€™
[7.384s]   176 |     publisher_->publish(*[01;36m[KcvImg[m[K);
[7.386s]       |                          [01;36m[K^~~~~[m[K
[7.386s] In file included from [01m[K/usr/include/opencv4/opencv2/core.hpp:58[m[K,
[7.386s]                  from [01m[K/usr/include/opencv4/opencv2/core/core.hpp:48[m[K,
[7.386s]                  from [01m[K/opt/ros/galactic/include/cv_bridge/cv_bridge.h:43[m[K,
[7.386s]                  from [01m[K/home/rtsd-user/dev_ws/src/cpp_pubsub/src/subscriber_member_function.cpp:27[m[K:
[7.386s] [01m[K/usr/include/opencv4/opencv2/core/types.hpp:1069:14:[m[K [01;36m[Knote: [m[Kcandidate: â€˜[01m[Ktemplate<class _Tp> cv::Complex<_Tp> cv::operator*(_Tp, const cv::Complex<_Tp>&)[m[Kâ€™
[7.387s]  1069 | Complex<_Tp> [01;36m[Koperator[m[K * (_Tp b, const Complex<_Tp>& a)
[7.387s]       |              [01;36m[K^~~~~~~~[m[K
[7.387s] [01m[K/usr/include/opencv4/opencv2/core/types.hpp:1069:14:[m[K [01;36m[Knote: [m[K  template argument deduction/substitution failed:
[7.387s] [01m[K/home/rtsd-user/dev_ws/src/cpp_pubsub/src/subscriber_member_function.cpp:176:26:[m[K [01;36m[Knote: [m[K  candidate expects 2 arguments, 1 provided
[7.387s]   176 |     publisher_->publish(*[01;36m[KcvImg[m[K);
[7.387s]       |                          [01;36m[K^~~~~[m[K
[7.387s] In file included from [01m[K/usr/include/opencv4/opencv2/core.hpp:58[m[K,
[7.387s]                  from [01m[K/usr/include/opencv4/opencv2/core/core.hpp:48[m[K,
[7.390s]                  from [01m[K/opt/ros/galactic/include/cv_bridge/cv_bridge.h:43[m[K,
[7.390s]                  from [01m[K/home/rtsd-user/dev_ws/src/cpp_pubsub/src/subscriber_member_function.cpp:27[m[K:
[7.390s] [01m[K/usr/include/opencv4/opencv2/core/types.hpp:1335:13:[m[K [01;36m[Knote: [m[Kcandidate: â€˜[01m[Ktemplate<class _Tp> cv::Point_<_Tp> cv::operator*(const cv::Point_<_Tp>&, int)[m[Kâ€™
[7.390s]  1335 | Point_<_Tp> [01;36m[Koperator[m[K * (const Point_<_Tp>& a, int b)
[7.390s]       |             [01;36m[K^~~~~~~~[m[K
[7.390s] [01m[K/usr/include/opencv4/opencv2/core/types.hpp:1335:13:[m[K [01;36m[Knote: [m[K  template argument deduction/substitution failed:
[7.391s] [01m[K/home/rtsd-user/dev_ws/src/cpp_pubsub/src/subscriber_member_function.cpp:176:26:[m[K [01;36m[Knote: [m[K  â€˜[01m[Kcv::Mat[m[Kâ€™ is not derived from â€˜[01m[Kconst cv::Point_<_Tp>[m[Kâ€™
[7.391s]   176 |     publisher_->publish(*[01;36m[KcvImg[m[K);
[7.391s]       |                          [01;36m[K^~~~~[m[K
[7.391s] In file included from [01m[K/usr/include/opencv4/opencv2/core.hpp:58[m[K,
[7.391s]                  from [01m[K/usr/include/opencv4/opencv2/core/core.hpp:48[m[K,
[7.391s]                  from [01m[K/opt/ros/galactic/include/cv_bridge/cv_bridge.h:43[m[K,
[7.391s]                  from [01m[K/home/rtsd-user/dev_ws/src/cpp_pubsub/src/subscriber_member_function.cpp:27[m[K:
[7.393s] [01m[K/usr/include/opencv4/opencv2/core/types.hpp:1341:13:[m[K [01;36m[Knote: [m[Kcandidate: â€˜[01m[Ktemplate<class _Tp> cv::Point_<_Tp> cv::operator*(int, const cv::Point_<_Tp>&)[m[Kâ€™
[7.393s]  1341 | Point_<_Tp> [01;36m[Koperator[m[K * (int a, const Point_<_Tp>& b)
[7.393s]       |             [01;36m[K^~~~~~~~[m[K
[7.393s] [01m[K/usr/include/opencv4/opencv2/core/types.hpp:1341:13:[m[K [01;36m[Knote: [m[K  template argument deduction/substitution failed:
[7.395s] [01m[K/home/rtsd-user/dev_ws/src/cpp_pubsub/src/subscriber_member_function.cpp:176:26:[m[K [01;36m[Knote: [m[K  candidate expects 2 arguments, 1 provided
[7.395s]   176 |     publisher_->publish(*[01;36m[KcvImg[m[K);
[7.395s]       |                          [01;36m[K^~~~~[m[K
[7.395s] In file included from [01m[K/usr/include/opencv4/opencv2/core.hpp:58[m[K,
[7.395s]                  from [01m[K/usr/include/opencv4/opencv2/core/core.hpp:48[m[K,
[7.395s]                  from [01m[K/opt/ros/galactic/include/cv_bridge/cv_bridge.h:43[m[K,
[7.398s]                  from [01m[K/home/rtsd-user/dev_ws/src/cpp_pubsub/src/subscriber_member_function.cpp:27[m[K:
[7.398s] [01m[K/usr/include/opencv4/opencv2/core/types.hpp:1347:13:[m[K [01;36m[Knote: [m[Kcandidate: â€˜[01m[Ktemplate<class _Tp> cv::Point_<_Tp> cv::operator*(const cv::Point_<_Tp>&, float)[m[Kâ€™
[7.398s]  1347 | Point_<_Tp> [01;36m[Koperator[m[K * (const Point_<_Tp>& a, float b)
[7.398s]       |             [01;36m[K^~~~~~~~[m[K
[7.398s] [01m[K/usr/include/opencv4/opencv2/core/types.hpp:1347:13:[m[K [01;36m[Knote: [m[K  template argument deduction/substitution failed:
[7.398s] [01m[K/home/rtsd-user/dev_ws/src/cpp_pubsub/src/subscriber_member_function.cpp:176:26:[m[K [01;36m[Knote: [m[K  â€˜[01m[Kcv::Mat[m[Kâ€™ is not derived from â€˜[01m[Kconst cv::Point_<_Tp>[m[Kâ€™
[7.398s]   176 |     publisher_->publish(*[01;36m[KcvImg[m[K);
[7.398s]       |                          [01;36m[K^~~~~[m[K
[7.399s] In file included from [01m[K/usr/include/opencv4/opencv2/core.hpp:58[m[K,
[7.399s]                  from [01m[K/usr/include/opencv4/opencv2/core/core.hpp:48[m[K,
[7.399s]                  from [01m[K/opt/ros/galactic/include/cv_bridge/cv_bridge.h:43[m[K,
[7.399s]                  from [01m[K/home/rtsd-user/dev_ws/src/cpp_pubsub/src/subscriber_member_function.cpp:27[m[K:
[7.399s] [01m[K/usr/include/opencv4/opencv2/core/types.hpp:1353:13:[m[K [01;36m[Knote: [m[Kcandidate: â€˜[01m[Ktemplate<class _Tp> cv::Point_<_Tp> cv::operator*(float, const cv::Point_<_Tp>&)[m[Kâ€™
[7.401s]  1353 | Point_<_Tp> [01;36m[Koperator[m[K * (float a, const Point_<_Tp>& b)
[7.402s]       |             [01;36m[K^~~~~~~~[m[K
[7.402s] [01m[K/usr/include/opencv4/opencv2/core/types.hpp:1353:13:[m[K [01;36m[Knote: [m[K  template argument deduction/substitution failed:
[7.402s] [01m[K/home/rtsd-user/dev_ws/src/cpp_pubsub/src/subscriber_member_function.cpp:176:26:[m[K [01;36m[Knote: [m[K  candidate expects 2 arguments, 1 provided
[7.402s]   176 |     publisher_->publish(*[01;36m[KcvImg[m[K);
[7.402s]       |                          [01;36m[K^~~~~[m[K
[7.402s] In file included from [01m[K/usr/include/opencv4/opencv2/core.hpp:58[m[K,
[7.402s]                  from [01m[K/usr/include/opencv4/opencv2/core/core.hpp:48[m[K,
[7.402s]                  from [01m[K/opt/ros/galactic/include/cv_bridge/cv_bridge.h:43[m[K,
[7.403s]                  from [01m[K/home/rtsd-user/dev_ws/src/cpp_pubsub/src/subscriber_member_function.cpp:27[m[K:
[7.403s] [01m[K/usr/include/opencv4/opencv2/core/types.hpp:1359:13:[m[K [01;36m[Knote: [m[Kcandidate: â€˜[01m[Ktemplate<class _Tp> cv::Point_<_Tp> cv::operator*(const cv::Point_<_Tp>&, double)[m[Kâ€™
[7.403s]  1359 | Point_<_Tp> [01;36m[Koperator[m[K * (const Point_<_Tp>& a, double b)
[7.403s]       |             [01;36m[K^~~~~~~~[m[K
[7.403s] [01m[K/usr/include/opencv4/opencv2/core/types.hpp:1359:13:[m[K [01;36m[Knote: [m[K  template argument deduction/substitution failed:
[7.407s] [01m[K/home/rtsd-user/dev_ws/src/cpp_pubsub/src/subscriber_member_function.cpp:176:26:[m[K [01;36m[Knote: [m[K  â€˜[01m[Kcv::Mat[m[Kâ€™ is not derived from â€˜[01m[Kconst cv::Point_<_Tp>[m[Kâ€™
[7.407s]   176 |     publisher_->publish(*[01;36m[KcvImg[m[K);
[7.407s]       |                          [01;36m[K^~~~~[m[K
[7.407s] In file included from [01m[K/usr/include/opencv4/opencv2/core.hpp:58[m[K,
[7.407s]                  from [01m[K/usr/include/opencv4/opencv2/core/core.hpp:48[m[K,
[7.407s]                  from [01m[K/opt/ros/galactic/include/cv_bridge/cv_bridge.h:43[m[K,
[7.407s]                  from [01m[K/home/rtsd-user/dev_ws/src/cpp_pubsub/src/subscriber_member_function.cpp:27[m[K:
[7.408s] [01m[K/usr/include/opencv4/opencv2/core/types.hpp:1365:13:[m[K [01;36m[Knote: [m[Kcandidate: â€˜[01m[Ktemplate<class _Tp> cv::Point_<_Tp> cv::operator*(double, const cv::Point_<_Tp>&)[m[Kâ€™
[7.408s]  1365 | Point_<_Tp> [01;36m[Koperator[m[K * (double a, const Point_<_Tp>& b)
[7.408s]       |             [01;36m[K^~~~~~~~[m[K
[7.408s] [01m[K/usr/include/opencv4/opencv2/core/types.hpp:1365:13:[m[K [01;36m[Knote: [m[K  template argument deduction/substitution failed:
[7.408s] [01m[K/home/rtsd-user/dev_ws/src/cpp_pubsub/src/subscriber_member_function.cpp:176:26:[m[K [01;36m[Knote: [m[K  candidate expects 2 arguments, 1 provided
[7.408s]   176 |     publisher_->publish(*[01;36m[KcvImg[m[K);
[7.408s]       |                          [01;36m[K^~~~~[m[K
[7.409s] In file included from [01m[K/usr/include/opencv4/opencv2/core.hpp:58[m[K,
[7.409s]                  from [01m[K/usr/include/opencv4/opencv2/core/core.hpp:48[m[K,
[7.409s]                  from [01m[K/opt/ros/galactic/include/cv_bridge/cv_bridge.h:43[m[K,
[7.409s]                  from [01m[K/home/rtsd-user/dev_ws/src/cpp_pubsub/src/subscriber_member_function.cpp:27[m[K:
[7.409s] [01m[K/usr/include/opencv4/opencv2/core/types.hpp:1371:13:[m[K [01;36m[Knote: [m[Kcandidate: â€˜[01m[Ktemplate<class _Tp> cv::Point_<_Tp> cv::operator*(const cv::Matx<_Tp, 2, 2>&, const cv::Point_<_Tp>&)[m[Kâ€™
[7.409s]  1371 | Point_<_Tp> [01;36m[Koperator[m[K * (const Matx<_Tp, 2, 2>& a, const Point_<_Tp>& b)
[7.409s]       |             [01;36m[K^~~~~~~~[m[K
[7.410s] [01m[K/usr/include/opencv4/opencv2/core/types.hpp:1371:13:[m[K [01;36m[Knote: [m[K  template argument deduction/substitution failed:
[7.410s] [01m[K/home/rtsd-user/dev_ws/src/cpp_pubsub/src/subscriber_member_function.cpp:176:26:[m[K [01;36m[Knote: [m[K  â€˜[01m[Kcv::Mat[m[Kâ€™ is not derived from â€˜[01m[Kconst cv::Matx<_Tp, 2, 2>[m[Kâ€™
[7.410s]   176 |     publisher_->publish(*[01;36m[KcvImg[m[K);
[7.410s]       |                          [01;36m[K^~~~~[m[K
[7.410s] In file included from [01m[K/usr/include/opencv4/opencv2/core.hpp:58[m[K,
[7.410s]                  from [01m[K/usr/include/opencv4/opencv2/core/core.hpp:48[m[K,
[7.410s]                  from [01m[K/opt/ros/galactic/include/cv_bridge/cv_bridge.h:43[m[K,
[7.410s]                  from [01m[K/home/rtsd-user/dev_ws/src/cpp_pubsub/src/subscriber_member_function.cpp:27[m[K:
[7.411s] [01m[K/usr/include/opencv4/opencv2/core/types.hpp:1378:14:[m[K [01;36m[Knote: [m[Kcandidate: â€˜[01m[Ktemplate<class _Tp> cv::Point3_<_Tp> cv::operator*(const cv::Matx<_Tp, 3, 3>&, const cv::Point_<_Tp>&)[m[Kâ€™
[7.411s]  1378 | Point3_<_Tp> [01;36m[Koperator[m[K * (const Matx<_Tp, 3, 3>& a, const Point_<_Tp>& b)
[7.411s]       |              [01;36m[K^~~~~~~~[m[K
[7.411s] [01m[K/usr/include/opencv4/opencv2/core/types.hpp:1378:14:[m[K [01;36m[Knote: [m[K  template argument deduction/substitution failed:
[7.411s] [01m[K/home/rtsd-user/dev_ws/src/cpp_pubsub/src/subscriber_member_function.cpp:176:26:[m[K [01;36m[Knote: [m[K  â€˜[01m[Kcv::Mat[m[Kâ€™ is not derived from â€˜[01m[Kconst cv::Matx<_Tp, 3, 3>[m[Kâ€™
[7.411s]   176 |     publisher_->publish(*[01;36m[KcvImg[m[K);
[7.411s]       |                          [01;36m[K^~~~~[m[K
[7.411s] In file included from [01m[K/usr/include/opencv4/opencv2/core.hpp:58[m[K,
[7.412s]                  from [01m[K/usr/include/opencv4/opencv2/core/core.hpp:48[m[K,
[7.412s]                  from [01m[K/opt/ros/galactic/include/cv_bridge/cv_bridge.h:43[m[K,
[7.412s]                  from [01m[K/home/rtsd-user/dev_ws/src/cpp_pubsub/src/subscriber_member_function.cpp:27[m[K:
[7.412s] [01m[K/usr/include/opencv4/opencv2/core/types.hpp:1604:14:[m[K [01;36m[Knote: [m[Kcandidate: â€˜[01m[Ktemplate<class _Tp> cv::Point3_<_Tp> cv::operator*(const cv::Point3_<_Tp>&, int)[m[Kâ€™
[7.412s]  1604 | Point3_<_Tp> [01;36m[Koperator[m[K * (const Point3_<_Tp>& a, int b)
[7.412s]       |              [01;36m[K^~~~~~~~[m[K
[7.412s] [01m[K/usr/include/opencv4/opencv2/core/types.hpp:1604:14:[m[K [01;36m[Knote: [m[K  template argument deduction/substitution failed:
[7.412s] [01m[K/home/rtsd-user/dev_ws/src/cpp_pubsub/src/subscriber_member_function.cpp:176:26:[m[K [01;36m[Knote: [m[K  â€˜[01m[Kcv::Mat[m[Kâ€™ is not derived from â€˜[01m[Kconst cv::Point3_<_Tp>[m[Kâ€™
[7.412s]   176 |     publisher_->publish(*[01;36m[KcvImg[m[K);
[7.413s]       |                          [01;36m[K^~~~~[m[K
[7.413s] In file included from [01m[K/usr/include/opencv4/opencv2/core.hpp:58[m[K,
[7.420s]                  from [01m[K/usr/include/opencv4/opencv2/core/core.hpp:48[m[K,
[7.420s]                  from [01m[K/opt/ros/galactic/include/cv_bridge/cv_bridge.h:43[m[K,
[7.421s]                  from [01m[K/home/rtsd-user/dev_ws/src/cpp_pubsub/src/subscriber_member_function.cpp:27[m[K:
[7.421s] [01m[K/usr/include/opencv4/opencv2/core/types.hpp:1610:14:[m[K [01;36m[Knote: [m[Kcandidate: â€˜[01m[Ktemplate<class _Tp> cv::Point3_<_Tp> cv::operator*(int, const cv::Point3_<_Tp>&)[m[Kâ€™
[7.421s]  1610 | Point3_<_Tp> [01;36m[Koperator[m[K * (int a, const Point3_<_Tp>& b)
[7.421s]       |              [01;36m[K^~~~~~~~[m[K
[7.421s] [01m[K/usr/include/opencv4/opencv2/core/types.hpp:1610:14:[m[K [01;36m[Knote: [m[K  template argument deduction/substitution failed:
[7.421s] [01m[K/home/rtsd-user/dev_ws/src/cpp_pubsub/src/subscriber_member_function.cpp:176:26:[m[K [01;36m[Knote: [m[K  candidate expects 2 arguments, 1 provided
[7.421s]   176 |     publisher_->publish(*[01;36m[KcvImg[m[K);
[7.421s]       |                          [01;36m[K^~~~~[m[K
[7.422s] In file included from [01m[K/usr/include/opencv4/opencv2/core.hpp:58[m[K,
[7.424s]                  from [01m[K/usr/include/opencv4/opencv2/core/core.hpp:48[m[K,
[7.424s]                  from [01m[K/opt/ros/galactic/include/cv_bridge/cv_bridge.h:43[m[K,
[7.424s]                  from [01m[K/home/rtsd-user/dev_ws/src/cpp_pubsub/src/subscriber_member_function.cpp:27[m[K:
[7.424s] [01m[K/usr/include/opencv4/opencv2/core/types.hpp:1616:14:[m[K [01;36m[Knote: [m[Kcandidate: â€˜[01m[Ktemplate<class _Tp> cv::Point3_<_Tp> cv::operator*(const cv::Point3_<_Tp>&, float)[m[Kâ€™
[7.425s]  1616 | Point3_<_Tp> [01;36m[Koperator[m[K * (const Point3_<_Tp>& a, float b)
[7.425s]       |              [01;36m[K^~~~~~~~[m[K
[7.425s] [01m[K/usr/include/opencv4/opencv2/core/types.hpp:1616:14:[m[K [01;36m[Knote: [m[K  template argument deduction/substitution failed:
[7.425s] [01m[K/home/rtsd-user/dev_ws/src/cpp_pubsub/src/subscriber_member_function.cpp:176:26:[m[K [01;36m[Knote: [m[K  â€˜[01m[Kcv::Mat[m[Kâ€™ is not derived from â€˜[01m[Kconst cv::Point3_<_Tp>[m[Kâ€™
[7.425s]   176 |     publisher_->publish(*[01;36m[KcvImg[m[K);
[7.425s]       |                          [01;36m[K^~~~~[m[K
[7.425s] In file included from [01m[K/usr/include/opencv4/opencv2/core.hpp:58[m[K,
[7.425s]                  from [01m[K/usr/include/opencv4/opencv2/core/core.hpp:48[m[K,
[7.436s]                  from [01m[K/opt/ros/galactic/include/cv_bridge/cv_bridge.h:43[m[K,
[7.436s]                  from [01m[K/home/rtsd-user/dev_ws/src/cpp_pubsub/src/subscriber_member_function.cpp:27[m[K:
[7.436s] [01m[K/usr/include/opencv4/opencv2/core/types.hpp:1622:14:[m[K [01;36m[Knote: [m[Kcandidate: â€˜[01m[Ktemplate<class _Tp> cv::Point3_<_Tp> cv::operator*(float, const cv::Point3_<_Tp>&)[m[Kâ€™
[7.436s]  1622 | Point3_<_Tp> [01;36m[Koperator[m[K * (float a, const Point3_<_Tp>& b)
[7.436s]       |              [01;36m[K^~~~~~~~[m[K
[7.436s] [01m[K/usr/include/opencv4/opencv2/core/types.hpp:1622:14:[m[K [01;36m[Knote: [m[K  template argument deduction/substitution failed:
[7.436s] [01m[K/home/rtsd-user/dev_ws/src/cpp_pubsub/src/subscriber_member_function.cpp:176:26:[m[K [01;36m[Knote: [m[K  candidate expects 2 arguments, 1 provided
[7.437s]   176 |     publisher_->publish(*[01;36m[KcvImg[m[K);
[7.437s]       |                          [01;36m[K^~~~~[m[K
[7.437s] In file included from [01m[K/usr/include/opencv4/opencv2/core.hpp:58[m[K,
[7.437s]                  from [01m[K/usr/include/opencv4/opencv2/core/core.hpp:48[m[K,
[7.437s]                  from [01m[K/opt/ros/galactic/include/cv_bridge/cv_bridge.h:43[m[K,
[7.437s]                  from [01m[K/home/rtsd-user/dev_ws/src/cpp_pubsub/src/subscriber_member_function.cpp:27[m[K:
[7.443s] [01m[K/usr/include/opencv4/opencv2/core/types.hpp:1628:14:[m[K [01;36m[Knote: [m[Kcandidate: â€˜[01m[Ktemplate<class _Tp> cv::Point3_<_Tp> cv::operator*(const cv::Point3_<_Tp>&, double)[m[Kâ€™
[7.443s]  1628 | Point3_<_Tp> [01;36m[Koperator[m[K * (const Point3_<_Tp>& a, double b)
[7.443s]       |              [01;36m[K^~~~~~~~[m[K
[7.444s] [01m[K/usr/include/opencv4/opencv2/core/types.hpp:1628:14:[m[K [01;36m[Knote: [m[K  template argument deduction/substitution failed:
[7.444s] [01m[K/home/rtsd-user/dev_ws/src/cpp_pubsub/src/subscriber_member_function.cpp:176:26:[m[K [01;36m[Knote: [m[K  â€˜[01m[Kcv::Mat[m[Kâ€™ is not derived from â€˜[01m[Kconst cv::Point3_<_Tp>[m[Kâ€™
[7.444s]   176 |     publisher_->publish(*[01;36m[KcvImg[m[K);
[7.444s]       |                          [01;36m[K^~~~~[m[K
[7.444s] In file included from [01m[K/usr/include/opencv4/opencv2/core.hpp:58[m[K,
[7.444s]                  from [01m[K/usr/include/opencv4/opencv2/core/core.hpp:48[m[K,
[7.444s]                  from [01m[K/opt/ros/galactic/include/cv_bridge/cv_bridge.h:43[m[K,
[7.444s]                  from [01m[K/home/rtsd-user/dev_ws/src/cpp_pubsub/src/subscriber_member_function.cpp:27[m[K:
[7.445s] [01m[K/usr/include/opencv4/opencv2/core/types.hpp:1634:14:[m[K [01;36m[Knote: [m[Kcandidate: â€˜[01m[Ktemplate<class _Tp> cv::Point3_<_Tp> cv::operator*(double, const cv::Point3_<_Tp>&)[m[Kâ€™
[7.445s]  1634 | Point3_<_Tp> [01;36m[Koperator[m[K * (double a, const Point3_<_Tp>& b)
[7.445s]       |              [01;36m[K^~~~~~~~[m[K
[7.445s] [01m[K/usr/include/opencv4/opencv2/core/types.hpp:1634:14:[m[K [01;36m[Knote: [m[K  template argument deduction/substitution failed:
[7.445s] [01m[K/home/rtsd-user/dev_ws/src/cpp_pubsub/src/subscriber_member_function.cpp:176:26:[m[K [01;36m[Knote: [m[K  candidate expects 2 arguments, 1 provided
[7.445s]   176 |     publisher_->publish(*[01;36m[KcvImg[m[K);
[7.446s]       |                          [01;36m[K^~~~~[m[K
[7.446s] In file included from [01m[K/usr/include/opencv4/opencv2/core.hpp:58[m[K,
[7.446s]                  from [01m[K/usr/include/opencv4/opencv2/core/core.hpp:48[m[K,
[7.446s]                  from [01m[K/opt/ros/galactic/include/cv_bridge/cv_bridge.h:43[m[K,
[7.446s]                  from [01m[K/home/rtsd-user/dev_ws/src/cpp_pubsub/src/subscriber_member_function.cpp:27[m[K:
[7.446s] [01m[K/usr/include/opencv4/opencv2/core/types.hpp:1640:14:[m[K [01;36m[Knote: [m[Kcandidate: â€˜[01m[Ktemplate<class _Tp> cv::Point3_<_Tp> cv::operator*(const cv::Matx<_Tp, 3, 3>&, const cv::Point3_<_Tp>&)[m[Kâ€™
[7.446s]  1640 | Point3_<_Tp> [01;36m[Koperator[m[K * (const Matx<_Tp, 3, 3>& a, const Point3_<_Tp>& b)
[7.447s]       |              [01;36m[K^~~~~~~~[m[K
[7.447s] [01m[K/usr/include/opencv4/opencv2/core/types.hpp:1640:14:[m[K [01;36m[Knote: [m[K  template argument deduction/substitution failed:
[7.447s] [01m[K/home/rtsd-user/dev_ws/src/cpp_pubsub/src/subscriber_member_function.cpp:176:26:[m[K [01;36m[Knote: [m[K  â€˜[01m[Kcv::Mat[m[Kâ€™ is not derived from â€˜[01m[Kconst cv::Matx<_Tp, 3, 3>[m[Kâ€™
[7.447s]   176 |     publisher_->publish(*[01;36m[KcvImg[m[K);
[7.447s]       |                          [01;36m[K^~~~~[m[K
[7.447s] In file included from [01m[K/usr/include/opencv4/opencv2/core.hpp:58[m[K,
[7.447s]                  from [01m[K/usr/include/opencv4/opencv2/core/core.hpp:48[m[K,
[7.447s]                  from [01m[K/opt/ros/galactic/include/cv_bridge/cv_bridge.h:43[m[K,
[7.447s]                  from [01m[K/home/rtsd-user/dev_ws/src/cpp_pubsub/src/subscriber_member_function.cpp:27[m[K:
[7.448s] [01m[K/usr/include/opencv4/opencv2/core/types.hpp:1647:17:[m[K [01;36m[Knote: [m[Kcandidate: â€˜[01m[Ktemplate<class _Tp> cv::Matx<T2, 4, 1> cv::operator*(const cv::Matx<_Tp, 4, 4>&, const cv::Point3_<_Tp>&)[m[Kâ€™
[7.448s]  1647 | Matx<_Tp, 4, 1> [01;36m[Koperator[m[K * (const Matx<_Tp, 4, 4>& a, const Point3_<_Tp>& b)
[7.448s]       |                 [01;36m[K^~~~~~~~[m[K
[7.448s] [01m[K/usr/include/opencv4/opencv2/core/types.hpp:1647:17:[m[K [01;36m[Knote: [m[K  template argument deduction/substitution failed:
[7.453s] [01m[K/home/rtsd-user/dev_ws/src/cpp_pubsub/src/subscriber_member_function.cpp:176:26:[m[K [01;36m[Knote: [m[K  â€˜[01m[Kcv::Mat[m[Kâ€™ is not derived from â€˜[01m[Kconst cv::Matx<_Tp, 4, 4>[m[Kâ€™
[7.453s]   176 |     publisher_->publish(*[01;36m[KcvImg[m[K);
[7.453s]       |                          [01;36m[K^~~~~[m[K
[7.453s] In file included from [01m[K/usr/include/opencv4/opencv2/core.hpp:58[m[K,
[7.453s]                  from [01m[K/usr/include/opencv4/opencv2/core/core.hpp:48[m[K,
[7.454s]                  from [01m[K/opt/ros/galactic/include/cv_bridge/cv_bridge.h:43[m[K,
[7.454s]                  from [01m[K/home/rtsd-user/dev_ws/src/cpp_pubsub/src/subscriber_member_function.cpp:27[m[K:
[7.455s] [01m[K/usr/include/opencv4/opencv2/core/types.hpp:1751:12:[m[K [01;36m[Knote: [m[Kcandidate: â€˜[01m[Ktemplate<class _Tp> cv::Size_<_Tp> cv::operator*(const cv::Size_<_Tp>&, _Tp)[m[Kâ€™
[7.455s]  1751 | Size_<_Tp> [01;36m[Koperator[m[K * (const Size_<_Tp>& a, _Tp b)
[7.455s]       |            [01;36m[K^~~~~~~~[m[K
[7.455s] [01m[K/usr/include/opencv4/opencv2/core/types.hpp:1751:12:[m[K [01;36m[Knote: [m[K  template argument deduction/substitution failed:
[7.455s] [01m[K/home/rtsd-user/dev_ws/src/cpp_pubsub/src/subscriber_member_function.cpp:176:26:[m[K [01;36m[Knote: [m[K  â€˜[01m[Kcv::Mat[m[Kâ€™ is not derived from â€˜[01m[Kconst cv::Size_<_Tp>[m[Kâ€™
[7.455s]   176 |     publisher_->publish(*[01;36m[KcvImg[m[K);
[7.456s]       |                          [01;36m[K^~~~~[m[K
[7.456s] In file included from [01m[K/usr/include/opencv4/opencv2/core.hpp:58[m[K,
[7.459s]                  from [01m[K/usr/include/opencv4/opencv2/core/core.hpp:48[m[K,
[7.459s]                  from [01m[K/opt/ros/galactic/include/cv_bridge/cv_bridge.h:43[m[K,
[7.459s]                  from [01m[K/home/rtsd-user/dev_ws/src/cpp_pubsub/src/subscriber_member_function.cpp:27[m[K:
[7.460s] [01m[K/usr/include/opencv4/opencv2/core/types.hpp:2318:14:[m[K [01;36m[Knote: [m[Kcandidate: â€˜[01m[Ktemplate<class _Tp> cv::Scalar_<_Tp> cv::operator*(const cv::Scalar_<_Tp>&, _Tp)[m[Kâ€™
[7.460s]  2318 | Scalar_<_Tp> [01;36m[Koperator[m[K * (const Scalar_<_Tp>& a, _Tp alpha)
[7.462s]       |              [01;36m[K^~~~~~~~[m[K
[7.462s] [01m[K/usr/include/opencv4/opencv2/core/types.hpp:2318:14:[m[K [01;36m[Knote: [m[K  template argument deduction/substitution failed:
[7.462s] [01m[K/home/rtsd-user/dev_ws/src/cpp_pubsub/src/subscriber_member_function.cpp:176:26:[m[K [01;36m[Knote: [m[K  â€˜[01m[Kcv::Mat[m[Kâ€™ is not derived from â€˜[01m[Kconst cv::Scalar_<_Tp>[m[Kâ€™
[7.462s]   176 |     publisher_->publish(*[01;36m[KcvImg[m[K);
[7.463s]       |                          [01;36m[K^~~~~[m[K
[7.463s] In file included from [01m[K/usr/include/opencv4/opencv2/core.hpp:58[m[K,
[7.463s]                  from [01m[K/usr/include/opencv4/opencv2/core/core.hpp:48[m[K,
[7.463s]                  from [01m[K/opt/ros/galactic/include/cv_bridge/cv_bridge.h:43[m[K,
[7.463s]                  from [01m[K/home/rtsd-user/dev_ws/src/cpp_pubsub/src/subscriber_member_function.cpp:27[m[K:
[7.463s] [01m[K/usr/include/opencv4/opencv2/core/types.hpp:2327:14:[m[K [01;36m[Knote: [m[Kcandidate: â€˜[01m[Ktemplate<class _Tp> cv::Scalar_<_Tp> cv::operator*(_Tp, const cv::Scalar_<_Tp>&)[m[Kâ€™
[7.464s]  2327 | Scalar_<_Tp> [01;36m[Koperator[m[K * (_Tp alpha, const Scalar_<_Tp>& a)
[7.465s]       |              [01;36m[K^~~~~~~~[m[K
[7.465s] [01m[K/usr/include/opencv4/opencv2/core/types.hpp:2327:14:[m[K [01;36m[Knote: [m[K  template argument deduction/substitution failed:
[7.465s] [01m[K/home/rtsd-user/dev_ws/src/cpp_pubsub/src/subscriber_member_function.cpp:176:26:[m[K [01;36m[Knote: [m[K  candidate expects 2 arguments, 1 provided
[7.466s]   176 |     publisher_->publish(*[01;36m[KcvImg[m[K);
[7.468s]       |                          [01;36m[K^~~~~[m[K
[7.468s] In file included from [01m[K/usr/include/opencv4/opencv2/core.hpp:58[m[K,
[7.468s]                  from [01m[K/usr/include/opencv4/opencv2/core/core.hpp:48[m[K,
[7.468s]                  from [01m[K/opt/ros/galactic/include/cv_bridge/cv_bridge.h:43[m[K,
[7.468s]                  from [01m[K/home/rtsd-user/dev_ws/src/cpp_pubsub/src/subscriber_member_function.cpp:27[m[K:
[7.469s] [01m[K/usr/include/opencv4/opencv2/core/types.hpp:2343:14:[m[K [01;36m[Knote: [m[Kcandidate: â€˜[01m[Ktemplate<class _Tp> cv::Scalar_<_Tp> cv::operator*(const cv::Scalar_<_Tp>&, const cv::Scalar_<_Tp>&)[m[Kâ€™
[7.469s]  2343 | Scalar_<_Tp> [01;36m[Koperator[m[K * (const Scalar_<_Tp>& a, const Scalar_<_Tp>& b)
[7.469s]       |              [01;36m[K^~~~~~~~[m[K
[7.469s] [01m[K/usr/include/opencv4/opencv2/core/types.hpp:2343:14:[m[K [01;36m[Knote: [m[K  template argument deduction/substitution failed:
[7.469s] [01m[K/home/rtsd-user/dev_ws/src/cpp_pubsub/src/subscriber_member_function.cpp:176:26:[m[K [01;36m[Knote: [m[K  â€˜[01m[Kcv::Mat[m[Kâ€™ is not derived from â€˜[01m[Kconst cv::Scalar_<_Tp>[m[Kâ€™
[7.469s]   176 |     publisher_->publish(*[01;36m[KcvImg[m[K);
[7.469s]       |                          [01;36m[K^~~~~[m[K
[7.469s] In file included from [01m[K/usr/include/opencv4/opencv2/core.hpp:58[m[K,
[7.471s]                  from [01m[K/usr/include/opencv4/opencv2/core/core.hpp:48[m[K,
[7.471s]                  from [01m[K/opt/ros/galactic/include/cv_bridge/cv_bridge.h:43[m[K,
[7.471s]                  from [01m[K/home/rtsd-user/dev_ws/src/cpp_pubsub/src/subscriber_member_function.cpp:27[m[K:
[7.471s] [01m[K/usr/include/opencv4/opencv2/core/types.hpp:2409:8:[m[K [01;36m[Knote: [m[Kcandidate: â€˜[01m[Ktemplate<class _Tp> cv::Scalar cv::operator*(const cv::Matx<_Tp, 4, 4>&, const Scalar&)[m[Kâ€™
[7.471s]  2409 | Scalar [01;36m[Koperator[m[K * (const Matx<_Tp, 4, 4>& a, const Scalar& b)
[7.471s]       |        [01;36m[K^~~~~~~~[m[K
[7.471s] [01m[K/usr/include/opencv4/opencv2/core/types.hpp:2409:8:[m[K [01;36m[Knote: [m[K  template argument deduction/substitution failed:
[7.477s] [01m[K/home/rtsd-user/dev_ws/src/cpp_pubsub/src/subscriber_member_function.cpp:176:26:[m[K [01;36m[Knote: [m[K  â€˜[01m[Kcv::Mat[m[Kâ€™ is not derived from â€˜[01m[Kconst cv::Matx<_Tp, 4, 4>[m[Kâ€™
[7.477s]   176 |     publisher_->publish(*[01;36m[KcvImg[m[K);
[7.478s]       |                          [01;36m[K^~~~~[m[K
[7.478s] In file included from [01m[K/usr/include/opencv4/opencv2/core.hpp:59[m[K,
[7.478s]                  from [01m[K/usr/include/opencv4/opencv2/core/core.hpp:48[m[K,
[7.478s]                  from [01m[K/opt/ros/galactic/include/cv_bridge/cv_bridge.h:43[m[K,
[7.478s]                  from [01m[K/home/rtsd-user/dev_ws/src/cpp_pubsub/src/subscriber_member_function.cpp:27[m[K:
[7.478s] [01m[K/usr/include/opencv4/opencv2/core/mat.hpp:3586:20:[m[K [01;36m[Knote: [m[Kcandidate: â€˜[01m[Kcv::MatExpr cv::operator*(const cv::Mat&, const cv::Mat&)[m[Kâ€™
[7.479s]  3586 | CV_EXPORTS MatExpr [01;36m[Koperator[m[K * (const Mat& a, const Mat& b);
[7.479s]       |                    [01;36m[K^~~~~~~~[m[K
[7.479s] [01m[K/usr/include/opencv4/opencv2/core/mat.hpp:3586:20:[m[K [01;36m[Knote: [m[K  candidate expects 2 arguments, 1 provided
[7.479s] [01m[K/usr/include/opencv4/opencv2/core/mat.hpp:3587:20:[m[K [01;36m[Knote: [m[Kcandidate: â€˜[01m[Kcv::MatExpr cv::operator*(const cv::Mat&, double)[m[Kâ€™
[7.479s]  3587 | CV_EXPORTS MatExpr [01;36m[Koperator[m[K * (const Mat& a, double s);
[7.479s]       |                    [01;36m[K^~~~~~~~[m[K
[7.479s] [01m[K/usr/include/opencv4/opencv2/core/mat.hpp:3587:20:[m[K [01;36m[Knote: [m[K  candidate expects 2 arguments, 1 provided
[7.480s] [01m[K/usr/include/opencv4/opencv2/core/mat.hpp:3588:20:[m[K [01;36m[Knote: [m[Kcandidate: â€˜[01m[Kcv::MatExpr cv::operator*(double, const cv::Mat&)[m[Kâ€™
[7.480s]  3588 | CV_EXPORTS MatExpr [01;36m[Koperator[m[K * (double s, const Mat& a);
[7.480s]       |                    [01;36m[K^~~~~~~~[m[K
[7.480s] [01m[K/usr/include/opencv4/opencv2/core/mat.hpp:3588:20:[m[K [01;36m[Knote: [m[K  candidate expects 2 arguments, 1 provided
[7.480s] [01m[K/usr/include/opencv4/opencv2/core/mat.hpp:3589:20:[m[K [01;36m[Knote: [m[Kcandidate: â€˜[01m[Kcv::MatExpr cv::operator*(const cv::MatExpr&, const cv::Mat&)[m[Kâ€™
[7.480s]  3589 | CV_EXPORTS MatExpr [01;36m[Koperator[m[K * (const MatExpr& e, const Mat& m);
[7.480s]       |                    [01;36m[K^~~~~~~~[m[K
[7.480s] [01m[K/usr/include/opencv4/opencv2/core/mat.hpp:3589:20:[m[K [01;36m[Knote: [m[K  candidate expects 2 arguments, 1 provided
[7.481s] [01m[K/usr/include/opencv4/opencv2/core/mat.hpp:3590:20:[m[K [01;36m[Knote: [m[Kcandidate: â€˜[01m[Kcv::MatExpr cv::operator*(const cv::Mat&, const cv::MatExpr&)[m[Kâ€™
[7.481s]  3590 | CV_EXPORTS MatExpr [01;36m[Koperator[m[K * (const Mat& m, const MatExpr& e);
[7.481s]       |                    [01;36m[K^~~~~~~~[m[K
[7.481s] [01m[K/usr/include/opencv4/opencv2/core/mat.hpp:3590:20:[m[K [01;36m[Knote: [m[K  candidate expects 2 arguments, 1 provided
[7.481s] [01m[K/usr/include/opencv4/opencv2/core/mat.hpp:3591:20:[m[K [01;36m[Knote: [m[Kcandidate: â€˜[01m[Kcv::MatExpr cv::operator*(const cv::MatExpr&, double)[m[Kâ€™
[7.483s]  3591 | CV_EXPORTS MatExpr [01;36m[Koperator[m[K * (const MatExpr& e, double s);
[7.484s]       |                    [01;36m[K^~~~~~~~[m[K
[7.484s] [01m[K/usr/include/opencv4/opencv2/core/mat.hpp:3591:20:[m[K [01;36m[Knote: [m[K  candidate expects 2 arguments, 1 provided
[7.484s] [01m[K/usr/include/opencv4/opencv2/core/mat.hpp:3592:20:[m[K [01;36m[Knote: [m[Kcandidate: â€˜[01m[Kcv::MatExpr cv::operator*(double, const cv::MatExpr&)[m[Kâ€™
[7.484s]  3592 | CV_EXPORTS MatExpr [01;36m[Koperator[m[K * (double s, const MatExpr& e);
[7.484s]       |                    [01;36m[K^~~~~~~~[m[K
[7.484s] [01m[K/usr/include/opencv4/opencv2/core/mat.hpp:3592:20:[m[K [01;36m[Knote: [m[K  candidate expects 2 arguments, 1 provided
[7.484s] [01m[K/usr/include/opencv4/opencv2/core/mat.hpp:3593:20:[m[K [01;36m[Knote: [m[Kcandidate: â€˜[01m[Kcv::MatExpr cv::operator*(const cv::MatExpr&, const cv::MatExpr&)[m[Kâ€™
[7.484s]  3593 | CV_EXPORTS MatExpr [01;36m[Koperator[m[K * (const MatExpr& e1, const MatExpr& e2);
[7.485s]       |                    [01;36m[K^~~~~~~~[m[K
[7.485s] [01m[K/usr/include/opencv4/opencv2/core/mat.hpp:3593:20:[m[K [01;36m[Knote: [m[K  candidate expects 2 arguments, 1 provided
[7.485s] [01m[K/usr/include/opencv4/opencv2/core/mat.hpp:3595:9:[m[K [01;36m[Knote: [m[Kcandidate: â€˜[01m[Ktemplate<class _Tp, int m, int n> cv::MatExpr cv::operator*(const cv::Mat&, const cv::Matx<_Tp, m, n>&)[m[Kâ€™
[7.485s]  3595 | MatExpr [01;36m[Koperator[m[K * (const Mat& a, const Matx<_Tp, m, n>& b) { return a * Mat(b); }
[7.487s]       |         [01;36m[K^~~~~~~~[m[K
[7.487s] [01m[K/usr/include/opencv4/opencv2/core/mat.hpp:3595:9:[m[K [01;36m[Knote: [m[K  template argument deduction/substitution failed:
[7.488s] [01m[K/home/rtsd-user/dev_ws/src/cpp_pubsub/src/subscriber_member_function.cpp:176:26:[m[K [01;36m[Knote: [m[K  candidate expects 2 arguments, 1 provided
[7.488s]   176 |     publisher_->publish(*[01;36m[KcvImg[m[K);
[7.488s]       |                          [01;36m[K^~~~~[m[K
[7.488s] In file included from [01m[K/usr/include/opencv4/opencv2/core.hpp:59[m[K,
[7.488s]                  from [01m[K/usr/include/opencv4/opencv2/core/core.hpp:48[m[K,
[7.488s]                  from [01m[K/opt/ros/galactic/include/cv_bridge/cv_bridge.h:43[m[K,
[7.488s]                  from [01m[K/home/rtsd-user/dev_ws/src/cpp_pubsub/src/subscriber_member_function.cpp:27[m[K:
[7.488s] [01m[K/usr/include/opencv4/opencv2/core/mat.hpp:3597:9:[m[K [01;36m[Knote: [m[Kcandidate: â€˜[01m[Ktemplate<class _Tp, int m, int n> cv::MatExpr cv::operator*(const cv::Matx<_Tp, m, n>&, const cv::Mat&)[m[Kâ€™
[7.489s]  3597 | MatExpr [01;36m[Koperator[m[K * (const Matx<_Tp, m, n>& a, const Mat& b) { return Mat(a) * b; }
[7.489s]       |         [01;36m[K^~~~~~~~[m[K
[7.491s] [01m[K/usr/include/opencv4/opencv2/core/mat.hpp:3597:9:[m[K [01;36m[Knote: [m[K  template argument deduction/substitution failed:
[7.491s] [01m[K/home/rtsd-user/dev_ws/src/cpp_pubsub/src/subscriber_member_function.cpp:176:26:[m[K [01;36m[Knote: [m[K  â€˜[01m[Kcv::Mat[m[Kâ€™ is not derived from â€˜[01m[Kconst cv::Matx<_Tp, m, n>[m[Kâ€™
[7.492s]   176 |     publisher_->publish(*[01;36m[KcvImg[m[K);
[7.492s]       |                          [01;36m[K^~~~~[m[K
[7.492s] [01m[K/home/rtsd-user/dev_ws/src/cpp_pubsub/src/subscriber_member_function.cpp:145:9:[m[K [01;35m[Kwarning: [m[Kunused variable â€˜[01m[Krows[m[Kâ€™ [[01;35m[K-Wunused-variable[m[K]
[7.492s]   145 |     int [01;35m[Krows[m[K = msg->height;
[7.492s]       |         [01;35m[K^~~~[m[K
[7.492s] [01m[K/home/rtsd-user/dev_ws/src/cpp_pubsub/src/subscriber_member_function.cpp:146:9:[m[K [01;35m[Kwarning: [m[Kunused variable â€˜[01m[Kcolumns[m[Kâ€™ [[01;35m[K-Wunused-variable[m[K]
[7.492s]   146 |     int [01;35m[Kcolumns[m[K = msg->width;
[7.492s]       |         [01;35m[K^~~~~~~[m[K
[12.533s] make[2]: *** [CMakeFiles/listener.dir/build.make:63: CMakeFiles/listener.dir/src/subscriber_member_function.cpp.o] Error 1
[12.533s] make[1]: *** [CMakeFiles/Makefile2:80: CMakeFiles/listener.dir/all] Error 2
[12.533s] make: *** [Makefile:141: all] Error 2
[12.540s] Invoked command in '/home/rtsd-user/dev_ws/build/cpp_pubsub' returned '2': CMAKE_PREFIX_PATH=${CMAKE_PREFIX_PATH}:/opt/ros/galactic /usr/bin/cmake --build /home/rtsd-user/dev_ws/build/cpp_pubsub -- -j1 -l1
