[0.050s] Invoking command in '/home/rtsd-user/dev_ws/build/cpp_pubsub': CMAKE_PREFIX_PATH=${CMAKE_PREFIX_PATH}:/opt/ros/galactic /usr/bin/cmake --build /home/rtsd-user/dev_ws/build/cpp_pubsub -- -j1 -l1
[0.195s] [35m[1mScanning dependencies of target listener[0m
[0.267s] [ 25%] [32mBuilding CXX object CMakeFiles/listener.dir/src/subscriber_member_function.cpp.o[0m
[6.311s] [01m[K/home/rtsd-user/dev_ws/src/cpp_pubsub/src/subscriber_member_function.cpp:[m[K In member function â€˜[01m[Kvoid MinimalSubscriber::topic_callback(sensor_msgs::msg::Image_<std::allocator<void> >::ConstSharedPtr) const[m[Kâ€™:
[6.312s] [01m[K/home/rtsd-user/dev_ws/src/cpp_pubsub/src/subscriber_member_function.cpp:172:67:[m[K [01;31m[Kerror: [m[Kno matching function for call to â€˜[01m[KMinimalSubscriber::declare_parameter(const char [10], double) const[m[Kâ€™
[6.312s]   172 |     darknessThreshold_ = this->declare_parameter("threshold", 40.0[01;31m[K)[m[K;
[6.312s]       |                                                                   [01;31m[K^[m[K
[6.313s] In file included from [01m[K/opt/ros/galactic/include/rclcpp/node.hpp:1315[m[K,
[6.313s]                  from [01m[K/opt/ros/galactic/include/rclcpp/executors/single_threaded_executor.hpp:28[m[K,
[6.313s]                  from [01m[K/opt/ros/galactic/include/rclcpp/executors.hpp:22[m[K,
[6.313s]                  from [01m[K/opt/ros/galactic/include/rclcpp/rclcpp.hpp:156[m[K,
[6.313s]                  from [01m[K/home/rtsd-user/dev_ws/src/cpp_pubsub/src/subscriber_member_function.cpp:20[m[K:
[6.314s] [01m[K/opt/ros/galactic/include/rclcpp/node_impl.hpp:196:1:[m[K [01;36m[Knote: [m[Kcandidate: â€˜[01m[Kauto rclcpp::Node::declare_parameter(const string&, const ParameterT&, const ParameterDescriptor&, bool) [with ParameterT = double; std::string = std::__cxx11::basic_string<char>; rcl_interfaces::msg::ParameterDescriptor = rcl_interfaces::msg::ParameterDescriptor_<std::allocator<void> >][m[Kâ€™ <near match>
[6.314s]   196 | [01;36m[KNode[m[K::declare_parameter(
[6.314s]       | [01;36m[K^~~~[m[K
[6.314s] [01m[K/opt/ros/galactic/include/rclcpp/node_impl.hpp:196:1:[m[K [01;36m[Knote: [m[K  passing â€˜[01m[Kconst MinimalSubscriber*[m[Kâ€™ as â€˜[01m[Kthis[m[Kâ€™ argument discards qualifiers
[6.315s] In file included from [01m[K/opt/ros/galactic/include/rclcpp/executors/single_threaded_executor.hpp:28[m[K,
[6.315s]                  from [01m[K/opt/ros/galactic/include/rclcpp/executors.hpp:22[m[K,
[6.315s]                  from [01m[K/opt/ros/galactic/include/rclcpp/rclcpp.hpp:156[m[K,
[6.315s]                  from [01m[K/home/rtsd-user/dev_ws/src/cpp_pubsub/src/subscriber_member_function.cpp:20[m[K:
[6.315s] [01m[K/opt/ros/galactic/include/rclcpp/node.hpp:365:3:[m[K [01;36m[Knote: [m[Kcandidate: â€˜[01m[Kconst rclcpp::ParameterValue& rclcpp::Node::declare_parameter(const string&, const rclcpp::ParameterValue&, const ParameterDescriptor&, bool)[m[Kâ€™
[6.316s]   365 |   [01;36m[Kdeclare_parameter[m[K(
[6.316s]       |   [01;36m[K^~~~~~~~~~~~~~~~~[m[K
[6.316s] [01m[K/opt/ros/galactic/include/rclcpp/node.hpp:367:36:[m[K [01;36m[Knote: [m[K  no known conversion for argument 2 from â€˜[01m[Kdouble[m[Kâ€™ to â€˜[01m[Kconst rclcpp::ParameterValue&[m[Kâ€™
[6.316s]   367 |     [01;36m[Kconst rclcpp::ParameterValue & default_value[m[K,
[6.316s]       |     [01;36m[K~~~~~~~~~~~~~~~~~~~~~~~~~~~~~~~^~~~~~~~~~~~~[m[K
[6.317s] [01m[K/opt/ros/galactic/include/rclcpp/node.hpp:390:3:[m[K [01;36m[Knote: [m[Kcandidate: â€˜[01m[Kconst rclcpp::ParameterValue& rclcpp::Node::declare_parameter(const string&, rclcpp::ParameterType, const ParameterDescriptor&, bool)[m[Kâ€™
[6.317s]   390 |   [01;36m[Kdeclare_parameter[m[K(
[6.317s]       |   [01;36m[K^~~~~~~~~~~~~~~~~[m[K
[6.321s] [01m[K/opt/ros/galactic/include/rclcpp/node.hpp:392:27:[m[K [01;36m[Knote: [m[K  no known conversion for argument 2 from â€˜[01m[Kdouble[m[Kâ€™ to â€˜[01m[Krclcpp::ParameterType[m[Kâ€™
[6.321s]   392 |     [01;36m[Krclcpp::ParameterType type[m[K,
[6.321s]       |     [01;36m[K~~~~~~~~~~~~~~~~~~~~~~^~~~[m[K
[6.322s] [01m[K/opt/ros/galactic/include/rclcpp/node.hpp:411:3:[m[K [01;36m[Knote: [m[Kcandidate: â€˜[01m[Kconst rclcpp::ParameterValue& rclcpp::Node::declare_parameter(const string&)[m[Kâ€™
[6.322s]   411 |   [01;36m[Kdeclare_parameter[m[K(const std::string & name);
[6.322s]       |   [01;36m[K^~~~~~~~~~~~~~~~~[m[K
[6.322s] [01m[K/opt/ros/galactic/include/rclcpp/node.hpp:411:3:[m[K [01;36m[Knote: [m[K  candidate expects 1 argument, 2 provided
[6.322s] [01m[K/opt/ros/galactic/include/rclcpp/node.hpp:449:3:[m[K [01;36m[Knote: [m[Kcandidate: â€˜[01m[Ktemplate<class ParameterT> auto rclcpp::Node::declare_parameter(const string&, const ParameterDescriptor&, bool)[m[Kâ€™
[6.322s]   449 |   [01;36m[Kdeclare_parameter[m[K(
[6.322s]       |   [01;36m[K^~~~~~~~~~~~~~~~~[m[K
[6.322s] [01m[K/opt/ros/galactic/include/rclcpp/node.hpp:449:3:[m[K [01;36m[Knote: [m[K  template argument deduction/substitution failed:
[6.323s] [01m[K/home/rtsd-user/dev_ws/src/cpp_pubsub/src/subscriber_member_function.cpp:172:67:[m[K [01;36m[Knote: [m[K  couldnâ€™t deduce template parameter â€˜[01m[KParameterT[m[Kâ€™
[6.323s]   172 |     darknessThreshold_ = this->declare_parameter("threshold", 40.0[01;36m[K)[m[K;
[6.323s]       |                                                                   [01;36m[K^[m[K
[6.328s] [01m[K/home/rtsd-user/dev_ws/src/cpp_pubsub/src/subscriber_member_function.cpp:183:16:[m[K [01;31m[Kerror: [m[Kâ€˜[01m[KdarknessThreshold[m[Kâ€™ was not declared in this scope; did you mean â€˜[01m[KdarknessThreshold_[m[Kâ€™?
[6.329s]   183 |     if (m[0] < [01;31m[KdarknessThreshold[m[K) {
[6.329s]       |                [01;31m[K^~~~~~~~~~~~~~~~~[m[K
[6.329s]       |                [32m[KdarknessThreshold_[m[K
[11.794s] make[2]: *** [CMakeFiles/listener.dir/build.make:63: CMakeFiles/listener.dir/src/subscriber_member_function.cpp.o] Error 1
[11.794s] make[1]: *** [CMakeFiles/Makefile2:80: CMakeFiles/listener.dir/all] Error 2
[11.794s] make: *** [Makefile:141: all] Error 2
[11.806s] Invoked command in '/home/rtsd-user/dev_ws/build/cpp_pubsub' returned '2': CMAKE_PREFIX_PATH=${CMAKE_PREFIX_PATH}:/opt/ros/galactic /usr/bin/cmake --build /home/rtsd-user/dev_ws/build/cpp_pubsub -- -j1 -l1
