[0.073s] Invoking command in '/home/rtsd-user/dev_ws/build/cpp_pubsub': CMAKE_PREFIX_PATH=${CMAKE_PREFIX_PATH}:/opt/ros/galactic /usr/bin/cmake --build /home/rtsd-user/dev_ws/build/cpp_pubsub -- -j1 -l1
[0.280s] [35m[1mScanning dependencies of target light_indicator[0m
[0.420s] [ 16%] [32mBuilding CXX object CMakeFiles/light_indicator.dir/src/light_position_indicator.cpp.o[0m
[11.596s] [01m[K/home/rtsd-user/dev_ws/src/cpp_pubsub/src/light_position_indicator.cpp:[m[K In member function â€˜[01m[Kvoid MinimalSubscriber::topic_callback(sensor_msgs::msg::Image_<std::allocator<void> >::ConstSharedPtr) const[m[Kâ€™:
[11.596s] [01m[K/home/rtsd-user/dev_ws/src/cpp_pubsub/src/light_position_indicator.cpp:146:67:[m[K [01;31m[Kerror: [m[Kinvalid operands of types â€˜[01m[Kconst char*[m[Kâ€™ and â€˜[01m[Kconst char [3][m[Kâ€™ to binary â€˜[01m[Koperator+[m[Kâ€™
[11.596s]   146 |    message.data = [32m[K"Center of Gravity coordinates: = [" + p.x[m[K [01;31m[K+[m[K [34m[K", "[m[K + p.y + "]";
[11.598s]       |                   [32m[K~~~~~~~~~~~~~~~~~~~~~~~~~~~~~~~~~~~~~~~~~~[m[K [01;31m[K^[m[K [34m[K~~~~[m[K
[11.599s]       |                                                        [32m[K|[m[K       [34m[K|[m[K
[11.599s]       |                                                        [32m[K|[m[K       [34m[Kconst char [3][m[K
[11.599s]       |                                                        [32m[Kconst char*[m[K
[11.599s] 
[11.612s] [01m[K/home/rtsd-user/dev_ws/src/cpp_pubsub/src/light_position_indicator.cpp:149:51:[m[K [01;31m[Kerror: [m[Kexpected â€˜[01m[K;[m[Kâ€™ before â€˜[01m[K}[m[Kâ€™ token
[11.612s]   149 |         message.data = "No bright light detected."
[11.612s]       |                                                   [01;31m[K^[m[K
[11.612s]       |                                                   [32m[K;[m[K
[11.613s]   150 |         // RCLCPP_INFO(this->get_logger(), "No bright light detected.");
[11.613s]   151 |     [32m[K}[m[K
[11.613s]       |     [32m[K~[m[K                                              
[21.872s] make[2]: *** [CMakeFiles/light_indicator.dir/build.make:63: CMakeFiles/light_indicator.dir/src/light_position_indicator.cpp.o] Error 1
[21.881s] make[1]: *** [CMakeFiles/Makefile2:82: CMakeFiles/light_indicator.dir/all] Error 2
[21.881s] make: *** [Makefile:141: all] Error 2
[21.888s] Invoked command in '/home/rtsd-user/dev_ws/build/cpp_pubsub' returned '2': CMAKE_PREFIX_PATH=${CMAKE_PREFIX_PATH}:/opt/ros/galactic /usr/bin/cmake --build /home/rtsd-user/dev_ws/build/cpp_pubsub -- -j1 -l1
