[01m[K/home/rtsd-user/dev_ws/src/cpp_pubsub/src/subscriber_member_function.cpp:[m[K In constructor â€˜[01m[KMinimalSubscriber::MinimalSubscriber()[m[Kâ€™:
[01m[K/home/rtsd-user/dev_ws/src/cpp_pubsub/src/subscriber_member_function.cpp:54:9:[m[K [01;31m[Kerror: [m[Kâ€˜[01m[Khistory_policy_[m[Kâ€™ was not declared in this scope
   54 |         [01;31m[Khistory_policy_[m[K,
      |         [01;31m[K^~~~~~~~~~~~~~~[m[K
[01m[K/home/rtsd-user/dev_ws/src/cpp_pubsub/src/subscriber_member_function.cpp:57:9:[m[K [01;31m[Kerror: [m[Kâ€˜[01m[Kdepth_[m[Kâ€™ was not declared in this scope
   57 |         [01;31m[Kdepth_[m[K
      |         [01;31m[K^~~~~~[m[K
[01m[K/home/rtsd-user/dev_ws/src/cpp_pubsub/src/subscriber_member_function.cpp:59:21:[m[K [01;31m[Kerror: [m[Kâ€˜[01m[Kreliability_policy_[m[Kâ€™ was not declared in this scope; did you mean â€˜[01m[Krmw_qos_reliability_policy_t[m[Kâ€™?
   59 |     qos.reliability([01;31m[Kreliability_policy_[m[K);
      |                     [01;31m[K^~~~~~~~~~~~~~~~~~~[m[K
      |                     [32m[Krmw_qos_reliability_policy_t[m[K
[01m[K/home/rtsd-user/dev_ws/src/cpp_pubsub/src/subscriber_member_function.cpp:[m[K In member function â€˜[01m[Kvoid MinimalSubscriber::parse_parameters()[m[Kâ€™:
[01m[K/home/rtsd-user/dev_ws/src/cpp_pubsub/src/subscriber_member_function.cpp:75:23:[m[K [01;31m[Kerror: [m[Kâ€˜[01m[Kname_to_reliability_policy_map[m[Kâ€™ was not declared in this scope; did you mean â€˜[01m[Krmw_qos_reliability_policy_t[m[Kâ€™?
   75 |     for (auto entry : [01;31m[Kname_to_reliability_policy_map[m[K) {
      |                       [01;31m[K^~~~~~~~~~~~~~~~~~~~~~~~~~~~~~[m[K
      |                       [32m[Krmw_qos_reliability_policy_t[m[K
[01m[K/home/rtsd-user/dev_ws/src/cpp_pubsub/src/subscriber_member_function.cpp:80:24:[m[K [01;31m[Kerror: [m[Kâ€˜[01m[Kname_to_reliability_policy_map[m[Kâ€™ was not declared in this scope; did you mean â€˜[01m[Krmw_qos_reliability_policy_t[m[Kâ€™?
   80 |     auto reliability = [01;31m[Kname_to_reliability_policy_map[m[K.find(reliability_param);
      |                        [01;31m[K^~~~~~~~~~~~~~~~~~~~~~~~~~~~~~[m[K
      |                        [32m[Krmw_qos_reliability_policy_t[m[K
[01m[K/home/rtsd-user/dev_ws/src/cpp_pubsub/src/subscriber_member_function.cpp:86:5:[m[K [01;31m[Kerror: [m[Kâ€˜[01m[Kreliability_policy_[m[Kâ€™ was not declared in this scope; did you mean â€˜[01m[Kreliability_param[m[Kâ€™?
   86 |     [01;31m[Kreliability_policy_[m[K = reliability->second;
      |     [01;31m[K^~~~~~~~~~~~~~~~~~~[m[K
      |     [32m[Kreliability_param[m[K
[01m[K/home/rtsd-user/dev_ws/src/cpp_pubsub/src/subscriber_member_function.cpp:92:23:[m[K [01;31m[Kerror: [m[Kâ€˜[01m[Kname_to_history_policy_map[m[Kâ€™ was not declared in this scope; did you mean â€˜[01m[Krmw_qos_history_policy_t[m[Kâ€™?
   92 |     for (auto entry : [01;31m[Kname_to_history_policy_map[m[K) {
      |                       [01;31m[K^~~~~~~~~~~~~~~~~~~~~~~~~~[m[K
      |                       [32m[Krmw_qos_history_policy_t[m[K
[01m[K/home/rtsd-user/dev_ws/src/cpp_pubsub/src/subscriber_member_function.cpp:96:18:[m[K [01;31m[Kerror: [m[Kâ€˜[01m[Kname_to_history_policy_map[m[Kâ€™ was not declared in this scope; did you mean â€˜[01m[Krmw_qos_history_policy_t[m[Kâ€™?
   96 |       "history", [01;31m[Kname_to_history_policy_map[m[K.begin()->first, history_desc);
      |                  [01;31m[K^~~~~~~~~~~~~~~~~~~~~~~~~~[m[K
      |                  [32m[Krmw_qos_history_policy_t[m[K
[01m[K/home/rtsd-user/dev_ws/src/cpp_pubsub/src/subscriber_member_function.cpp:103:5:[m[K [01;31m[Kerror: [m[Kâ€˜[01m[Khistory_policy_[m[Kâ€™ was not declared in this scope
  103 |     [01;31m[Khistory_policy_[m[K = history->second;
      |     [01;31m[K^~~~~~~~~~~~~~~[m[K
[01m[K/home/rtsd-user/dev_ws/src/cpp_pubsub/src/subscriber_member_function.cpp:106:5:[m[K [01;31m[Kerror: [m[Kâ€˜[01m[Kdepth_[m[Kâ€™ was not declared in this scope
  106 |     [01;31m[Kdepth_[m[K = this->declare_parameter("depth", 10);
      |     [01;31m[K^~~~~~[m[K
[01m[K/home/rtsd-user/dev_ws/src/cpp_pubsub/src/subscriber_member_function.cpp:107:5:[m[K [01;31m[Kerror: [m[Kâ€˜[01m[Kshow_image_[m[Kâ€™ was not declared in this scope
  107 |     [01;31m[Kshow_image_[m[K = this->declare_parameter("show_image", true);
      |     [01;31m[K^~~~~~~~~~~[m[K
[01m[K/home/rtsd-user/dev_ws/src/cpp_pubsub/src/subscriber_member_function.cpp:108:5:[m[K [01;31m[Kerror: [m[Kâ€˜[01m[Kwindow_name_[m[Kâ€™ was not declared in this scope
  108 |     [01;31m[Kwindow_name_[m[K = this->declare_parameter("window_name", "");
      |     [01;31m[K^~~~~~~~~~~~[m[K
[01m[K/home/rtsd-user/dev_ws/src/cpp_pubsub/src/subscriber_member_function.cpp:[m[K In member function â€˜[01m[Kvoid MinimalSubscriber::topic_callback(std_msgs::msg::String_<std::allocator<void> >::ConstSharedPtr) const[m[Kâ€™:
[01m[K/home/rtsd-user/dev_ws/src/cpp_pubsub/src/subscriber_member_function.cpp:112:67:[m[K [01;35m[Kwarning: [m[Kunused parameter â€˜[01m[Kmsg[m[Kâ€™ [[01;35m[K-Wunused-parameter[m[K]
  112 |   void topic_callback([01;35m[Kconst std_msgs::msg::String::ConstSharedPtr msg[m[K) const
      |                       [01;35m[K~~~~~~~~~~~~~~~~~~~~~~~~~~~~~~~~~~~~~~~~~~~~^~~[m[K
make[2]: *** [CMakeFiles/listener.dir/build.make:63: CMakeFiles/listener.dir/src/subscriber_member_function.cpp.o] Error 1
make[1]: *** [CMakeFiles/Makefile2:80: CMakeFiles/listener.dir/all] Error 2
make: *** [Makefile:141: all] Error 2
