[0.044s] Invoking command in '/home/rtsd-user/dev_ws/build/cpp_pubsub': CMAKE_PREFIX_PATH=${CMAKE_PREFIX_PATH}:/opt/ros/galactic /usr/bin/cmake --build /home/rtsd-user/dev_ws/build/cpp_pubsub -- -j1 -l1
[0.141s] [35m[1mScanning dependencies of target listener[0m
[0.212s] [ 25%] [32mBuilding CXX object CMakeFiles/listener.dir/src/subscriber_member_function.cpp.o[0m
[5.666s] [01m[K/home/rtsd-user/dev_ws/src/cpp_pubsub/src/subscriber_member_function.cpp:[m[K In member function â€˜[01m[Kvoid MinimalSubscriber::topic_callback(sensor_msgs::msg::Image_<std::allocator<void> >::ConstSharedPtr) const[m[Kâ€™:
[5.666s] [01m[K/home/rtsd-user/dev_ws/src/cpp_pubsub/src/subscriber_member_function.cpp:169:15:[m[K [01;31m[Kerror: [m[Kâ€˜[01m[KHeader[m[Kâ€™ is not a member of â€˜[01m[Kstd_msgs[m[Kâ€™; did you mean â€˜[01m[Kstd_msgs::msg::Header[m[Kâ€™?
[5.667s]   169 |     std_msgs::[01;31m[KHeader[m[K header;
[5.667s]       |               [01;31m[K^~~~~~[m[K
[5.668s] In file included from [01m[K/opt/ros/galactic/include/sensor_msgs/msg/detail/image__struct.hpp:19[m[K,
[5.668s]                  from [01m[K/opt/ros/galactic/include/sensor_msgs/msg/image.hpp:7[m[K,
[5.668s]                  from [01m[K/home/rtsd-user/dev_ws/src/cpp_pubsub/src/subscriber_member_function.cpp:22[m[K:
[5.668s] [01m[K/opt/ros/galactic/include/std_msgs/msg/detail/header__struct.hpp:139:7:[m[K [01;36m[Knote: [m[Kâ€˜[01m[Kstd_msgs::msg::Header[m[Kâ€™ declared here
[5.669s]   139 | using [01;36m[KHeader[m[K =
[5.669s]       |       [01;36m[K^~~~~~[m[K
[5.675s] [01m[K/home/rtsd-user/dev_ws/src/cpp_pubsub/src/subscriber_member_function.cpp:170:5:[m[K [01;31m[Kerror: [m[Kâ€˜[01m[Kheader[m[Kâ€™ was not declared in this scope
[5.675s]   170 |     [01;31m[Kheader[m[K.stamp = ros::Time::now();
[5.675s]       |     [01;31m[K^~~~~~[m[K
[5.676s] [01m[K/home/rtsd-user/dev_ws/src/cpp_pubsub/src/subscriber_member_function.cpp:170:20:[m[K [01;31m[Kerror: [m[Kâ€˜[01m[Kros[m[Kâ€™ has not been declared
[5.676s]   170 |     header.stamp = [01;31m[Kros[m[K::Time::now();
[5.676s]       |                    [01;31m[K^~~[m[K
[5.676s] [01m[K/home/rtsd-user/dev_ws/src/cpp_pubsub/src/subscriber_member_function.cpp:172:5:[m[K [01;31m[Kerror: [m[Kexpected initializer before â€˜[01m[Kimg_bridge[m[Kâ€™
[5.676s]   172 |     [01;31m[Kimg_bridge[m[K = cv_bridge::CvImage(header, sensor_msgs::image_encodings::RGB8, cvImg);
[5.677s]       |     [01;31m[K^~~~~~~~~~[m[K
[5.691s] [01m[K/home/rtsd-user/dev_ws/src/cpp_pubsub/src/subscriber_member_function.cpp:173:5:[m[K [01;31m[Kerror: [m[Kâ€˜[01m[Kimg_bridge[m[Kâ€™ was not declared in this scope; did you mean â€˜[01m[Kcv_bridge[m[Kâ€™?
[5.691s]   173 |     [01;31m[Kimg_bridge[m[K.toImageMsg(cvImg); // from cv_bridge to sensor_msgs::Image
[5.691s]       |     [01;31m[K^~~~~~~~~~[m[K
[5.692s]       |     [32m[Kcv_bridge[m[K
[5.693s] [01m[K/home/rtsd-user/dev_ws/src/cpp_pubsub/src/subscriber_member_function.cpp:175:25:[m[K [01;31m[Kerror: [m[Kno match for â€˜[01m[Koperator*[m[Kâ€™ (operand type is â€˜[01m[Kcv::Mat[m[Kâ€™)
[5.694s]   175 |     publisher_->publish([01;31m[K*cvImg[m[K);
[5.695s]       |                         [01;31m[K^~~~~~[m[K
[5.695s] In file included from [01m[K/usr/include/opencv4/opencv2/core.hpp:57[m[K,
[5.695s]                  from [01m[K/usr/include/opencv4/opencv2/core/core.hpp:48[m[K,
[5.696s]                  from [01m[K/opt/ros/galactic/include/cv_bridge/cv_bridge.h:43[m[K,
[5.696s]                  from [01m[K/home/rtsd-user/dev_ws/src/cpp_pubsub/src/subscriber_member_function.cpp:27[m[K:
[5.696s] [01m[K/usr/include/opencv4/opencv2/core/matx.hpp:1237:17:[m[K [01;36m[Knote: [m[Kcandidate: â€˜[01m[Ktemplate<class _Tp, int m, int n> cv::Matx<_Tp, m, n> cv::operator*(const cv::Matx<_Tp, m, n>&, int)[m[Kâ€™
[5.696s]  1237 | Matx<_Tp, m, n> [01;36m[Koperator[m[K * (const Matx<_Tp, m, n>& a, int alpha)
[5.696s]       |                 [01;36m[K^~~~~~~~[m[K
[5.697s] [01m[K/usr/include/opencv4/opencv2/core/matx.hpp:1237:17:[m[K [01;36m[Knote: [m[K  template argument deduction/substitution failed:
[5.697s] [01m[K/home/rtsd-user/dev_ws/src/cpp_pubsub/src/subscriber_member_function.cpp:175:26:[m[K [01;36m[Knote: [m[K  â€˜[01m[Kcv::Mat[m[Kâ€™ is not derived from â€˜[01m[Kconst cv::Matx<_Tp, m, n>[m[Kâ€™
[5.697s]   175 |     publisher_->publish(*[01;36m[KcvImg[m[K);
[5.697s]       |                          [01;36m[K^~~~~[m[K
[5.697s] In file included from [01m[K/usr/include/opencv4/opencv2/core.hpp:57[m[K,
[5.698s]                  from [01m[K/usr/include/opencv4/opencv2/core/core.hpp:48[m[K,
[5.698s]                  from [01m[K/opt/ros/galactic/include/cv_bridge/cv_bridge.h:43[m[K,
[5.699s]                  from [01m[K/home/rtsd-user/dev_ws/src/cpp_pubsub/src/subscriber_member_function.cpp:27[m[K:
[5.699s] [01m[K/usr/include/opencv4/opencv2/core/matx.hpp:1243:17:[m[K [01;36m[Knote: [m[Kcandidate: â€˜[01m[Ktemplate<class _Tp, int m, int n> cv::Matx<_Tp, m, n> cv::operator*(const cv::Matx<_Tp, m, n>&, float)[m[Kâ€™
[5.699s]  1243 | Matx<_Tp, m, n> [01;36m[Koperator[m[K * (const Matx<_Tp, m, n>& a, float alpha)
[5.699s]       |                 [01;36m[K^~~~~~~~[m[K
[5.699s] [01m[K/usr/include/opencv4/opencv2/core/matx.hpp:1243:17:[m[K [01;36m[Knote: [m[K  template argument deduction/substitution failed:
[5.700s] [01m[K/home/rtsd-user/dev_ws/src/cpp_pubsub/src/subscriber_member_function.cpp:175:26:[m[K [01;36m[Knote: [m[K  â€˜[01m[Kcv::Mat[m[Kâ€™ is not derived from â€˜[01m[Kconst cv::Matx<_Tp, m, n>[m[Kâ€™
[5.700s]   175 |     publisher_->publish(*[01;36m[KcvImg[m[K);
[5.700s]       |                          [01;36m[K^~~~~[m[K
[5.700s] In file included from [01m[K/usr/include/opencv4/opencv2/core.hpp:57[m[K,
[5.700s]                  from [01m[K/usr/include/opencv4/opencv2/core/core.hpp:48[m[K,
[5.700s]                  from [01m[K/opt/ros/galactic/include/cv_bridge/cv_bridge.h:43[m[K,
[5.705s]                  from [01m[K/home/rtsd-user/dev_ws/src/cpp_pubsub/src/subscriber_member_function.cpp:27[m[K:
[5.706s] [01m[K/usr/include/opencv4/opencv2/core/matx.hpp:1249:17:[m[K [01;36m[Knote: [m[Kcandidate: â€˜[01m[Ktemplate<class _Tp, int m, int n> cv::Matx<_Tp, m, n> cv::operator*(const cv::Matx<_Tp, m, n>&, double)[m[Kâ€™
[5.706s]  1249 | Matx<_Tp, m, n> [01;36m[Koperator[m[K * (const Matx<_Tp, m, n>& a, double alpha)
[5.706s]       |                 [01;36m[K^~~~~~~~[m[K
[5.706s] [01m[K/usr/include/opencv4/opencv2/core/matx.hpp:1249:17:[m[K [01;36m[Knote: [m[K  template argument deduction/substitution failed:
[5.711s] [01m[K/home/rtsd-user/dev_ws/src/cpp_pubsub/src/subscriber_member_function.cpp:175:26:[m[K [01;36m[Knote: [m[K  â€˜[01m[Kcv::Mat[m[Kâ€™ is not derived from â€˜[01m[Kconst cv::Matx<_Tp, m, n>[m[Kâ€™
[5.711s]   175 |     publisher_->publish(*[01;36m[KcvImg[m[K);
[5.711s]       |                          [01;36m[K^~~~~[m[K
[5.711s] In file included from [01m[K/usr/include/opencv4/opencv2/core.hpp:57[m[K,
[5.712s]                  from [01m[K/usr/include/opencv4/opencv2/core/core.hpp:48[m[K,
[5.712s]                  from [01m[K/opt/ros/galactic/include/cv_bridge/cv_bridge.h:43[m[K,
[5.712s]                  from [01m[K/home/rtsd-user/dev_ws/src/cpp_pubsub/src/subscriber_member_function.cpp:27[m[K:
[5.714s] [01m[K/usr/include/opencv4/opencv2/core/matx.hpp:1255:17:[m[K [01;36m[Knote: [m[Kcandidate: â€˜[01m[Ktemplate<class _Tp, int m, int n> cv::Matx<_Tp, m, n> cv::operator*(int, const cv::Matx<_Tp, m, n>&)[m[Kâ€™
[5.714s]  1255 | Matx<_Tp, m, n> [01;36m[Koperator[m[K * (int alpha, const Matx<_Tp, m, n>& a)
[5.714s]       |                 [01;36m[K^~~~~~~~[m[K
[5.714s] [01m[K/usr/include/opencv4/opencv2/core/matx.hpp:1255:17:[m[K [01;36m[Knote: [m[K  template argument deduction/substitution failed:
[5.715s] [01m[K/home/rtsd-user/dev_ws/src/cpp_pubsub/src/subscriber_member_function.cpp:175:26:[m[K [01;36m[Knote: [m[K  candidate expects 2 arguments, 1 provided
[5.715s]   175 |     publisher_->publish(*[01;36m[KcvImg[m[K);
[5.718s]       |                          [01;36m[K^~~~~[m[K
[5.719s] In file included from [01m[K/usr/include/opencv4/opencv2/core.hpp:57[m[K,
[5.719s]                  from [01m[K/usr/include/opencv4/opencv2/core/core.hpp:48[m[K,
[5.721s]                  from [01m[K/opt/ros/galactic/include/cv_bridge/cv_bridge.h:43[m[K,
[5.721s]                  from [01m[K/home/rtsd-user/dev_ws/src/cpp_pubsub/src/subscriber_member_function.cpp:27[m[K:
[5.721s] [01m[K/usr/include/opencv4/opencv2/core/matx.hpp:1261:17:[m[K [01;36m[Knote: [m[Kcandidate: â€˜[01m[Ktemplate<class _Tp, int m, int n> cv::Matx<_Tp, m, n> cv::operator*(float, const cv::Matx<_Tp, m, n>&)[m[Kâ€™
[5.721s]  1261 | Matx<_Tp, m, n> [01;36m[Koperator[m[K * (float alpha, const Matx<_Tp, m, n>& a)
[5.722s]       |                 [01;36m[K^~~~~~~~[m[K
[5.722s] [01m[K/usr/include/opencv4/opencv2/core/matx.hpp:1261:17:[m[K [01;36m[Knote: [m[K  template argument deduction/substitution failed:
[5.722s] [01m[K/home/rtsd-user/dev_ws/src/cpp_pubsub/src/subscriber_member_function.cpp:175:26:[m[K [01;36m[Knote: [m[K  candidate expects 2 arguments, 1 provided
[5.722s]   175 |     publisher_->publish(*[01;36m[KcvImg[m[K);
[5.722s]       |                          [01;36m[K^~~~~[m[K
[5.722s] In file included from [01m[K/usr/include/opencv4/opencv2/core.hpp:57[m[K,
[5.722s]                  from [01m[K/usr/include/opencv4/opencv2/core/core.hpp:48[m[K,
[5.722s]                  from [01m[K/opt/ros/galactic/include/cv_bridge/cv_bridge.h:43[m[K,
[5.723s]                  from [01m[K/home/rtsd-user/dev_ws/src/cpp_pubsub/src/subscriber_member_function.cpp:27[m[K:
[5.723s] [01m[K/usr/include/opencv4/opencv2/core/matx.hpp:1267:17:[m[K [01;36m[Knote: [m[Kcandidate: â€˜[01m[Ktemplate<class _Tp, int m, int n> cv::Matx<_Tp, m, n> cv::operator*(double, const cv::Matx<_Tp, m, n>&)[m[Kâ€™
[5.723s]  1267 | Matx<_Tp, m, n> [01;36m[Koperator[m[K * (double alpha, const Matx<_Tp, m, n>& a)
[5.723s]       |                 [01;36m[K^~~~~~~~[m[K
[5.723s] [01m[K/usr/include/opencv4/opencv2/core/matx.hpp:1267:17:[m[K [01;36m[Knote: [m[K  template argument deduction/substitution failed:
[5.723s] [01m[K/home/rtsd-user/dev_ws/src/cpp_pubsub/src/subscriber_member_function.cpp:175:26:[m[K [01;36m[Knote: [m[K  candidate expects 2 arguments, 1 provided
[5.723s]   175 |     publisher_->publish(*[01;36m[KcvImg[m[K);
[5.724s]       |                          [01;36m[K^~~~~[m[K
[5.726s] In file included from [01m[K/usr/include/opencv4/opencv2/core.hpp:57[m[K,
[5.726s]                  from [01m[K/usr/include/opencv4/opencv2/core/core.hpp:48[m[K,
[5.726s]                  from [01m[K/opt/ros/galactic/include/cv_bridge/cv_bridge.h:43[m[K,
[5.726s]                  from [01m[K/home/rtsd-user/dev_ws/src/cpp_pubsub/src/subscriber_member_function.cpp:27[m[K:
[5.726s] [01m[K/usr/include/opencv4/opencv2/core/matx.hpp:1279:17:[m[K [01;36m[Knote: [m[Kcandidate: â€˜[01m[Ktemplate<class _Tp, int m, int n, int l> cv::Matx<_Tp, m, n> cv::operator*(const cv::Matx<_Tp, m, l>&, const cv::Matx<_Tp, l, n>&)[m[Kâ€™
[5.727s]  1279 | Matx<_Tp, m, n> [01;36m[Koperator[m[K * (const Matx<_Tp, m, l>& a, const Matx<_Tp, l, n>& b)
[5.727s]       |                 [01;36m[K^~~~~~~~[m[K
[5.727s] [01m[K/usr/include/opencv4/opencv2/core/matx.hpp:1279:17:[m[K [01;36m[Knote: [m[K  template argument deduction/substitution failed:
[5.727s] [01m[K/home/rtsd-user/dev_ws/src/cpp_pubsub/src/subscriber_member_function.cpp:175:26:[m[K [01;36m[Knote: [m[K  â€˜[01m[Kcv::Mat[m[Kâ€™ is not derived from â€˜[01m[Kconst cv::Matx<_Tp, m, l>[m[Kâ€™
[5.727s]   175 |     publisher_->publish(*[01;36m[KcvImg[m[K);
[5.727s]       |                          [01;36m[K^~~~~[m[K
[5.727s] In file included from [01m[K/usr/include/opencv4/opencv2/core.hpp:57[m[K,
[5.727s]                  from [01m[K/usr/include/opencv4/opencv2/core/core.hpp:48[m[K,
[5.730s]                  from [01m[K/opt/ros/galactic/include/cv_bridge/cv_bridge.h:43[m[K,
[5.730s]                  from [01m[K/home/rtsd-user/dev_ws/src/cpp_pubsub/src/subscriber_member_function.cpp:27[m[K:
[5.730s] [01m[K/usr/include/opencv4/opencv2/core/matx.hpp:1285:13:[m[K [01;36m[Knote: [m[Kcandidate: â€˜[01m[Ktemplate<class _Tp, int m, int n> cv::Vec<_Tp, m> cv::operator*(const cv::Matx<_Tp, m, n>&, const cv::Vec<_Tp, n>&)[m[Kâ€™
[5.730s]  1285 | Vec<_Tp, m> [01;36m[Koperator[m[K * (const Matx<_Tp, m, n>& a, const Vec<_Tp, n>& b)
[5.730s]       |             [01;36m[K^~~~~~~~[m[K
[5.730s] [01m[K/usr/include/opencv4/opencv2/core/matx.hpp:1285:13:[m[K [01;36m[Knote: [m[K  template argument deduction/substitution failed:
[5.731s] [01m[K/home/rtsd-user/dev_ws/src/cpp_pubsub/src/subscriber_member_function.cpp:175:26:[m[K [01;36m[Knote: [m[K  â€˜[01m[Kcv::Mat[m[Kâ€™ is not derived from â€˜[01m[Kconst cv::Matx<_Tp, m, n>[m[Kâ€™
[5.731s]   175 |     publisher_->publish(*[01;36m[KcvImg[m[K);
[5.731s]       |                          [01;36m[K^~~~~[m[K
[5.731s] In file included from [01m[K/usr/include/opencv4/opencv2/core.hpp:57[m[K,
[5.731s]                  from [01m[K/usr/include/opencv4/opencv2/core/core.hpp:48[m[K,
[5.731s]                  from [01m[K/opt/ros/galactic/include/cv_bridge/cv_bridge.h:43[m[K,
[5.731s]                  from [01m[K/home/rtsd-user/dev_ws/src/cpp_pubsub/src/subscriber_member_function.cpp:27[m[K:
[5.739s] [01m[K/usr/include/opencv4/opencv2/core/matx.hpp:1392:14:[m[K [01;36m[Knote: [m[Kcandidate: â€˜[01m[Ktemplate<class _Tp, int cn> cv::Vec<_Tp, m> cv::operator*(const cv::Vec<_Tp, m>&, int)[m[Kâ€™
[5.740s]  1392 | Vec<_Tp, cn> [01;36m[Koperator[m[K * (const Vec<_Tp, cn>& a, int alpha)
[5.740s]       |              [01;36m[K^~~~~~~~[m[K
[5.740s] [01m[K/usr/include/opencv4/opencv2/core/matx.hpp:1392:14:[m[K [01;36m[Knote: [m[K  template argument deduction/substitution failed:
[5.740s] [01m[K/home/rtsd-user/dev_ws/src/cpp_pubsub/src/subscriber_member_function.cpp:175:26:[m[K [01;36m[Knote: [m[K  â€˜[01m[Kcv::Mat[m[Kâ€™ is not derived from â€˜[01m[Kconst cv::Vec<_Tp, m>[m[Kâ€™
[5.740s]   175 |     publisher_->publish(*[01;36m[KcvImg[m[K);
[5.740s]       |                          [01;36m[K^~~~~[m[K
[5.740s] In file included from [01m[K/usr/include/opencv4/opencv2/core.hpp:57[m[K,
[5.741s]                  from [01m[K/usr/include/opencv4/opencv2/core/core.hpp:48[m[K,
[5.741s]                  from [01m[K/opt/ros/galactic/include/cv_bridge/cv_bridge.h:43[m[K,
[5.741s]                  from [01m[K/home/rtsd-user/dev_ws/src/cpp_pubsub/src/subscriber_member_function.cpp:27[m[K:
[5.741s] [01m[K/usr/include/opencv4/opencv2/core/matx.hpp:1398:14:[m[K [01;36m[Knote: [m[Kcandidate: â€˜[01m[Ktemplate<class _Tp, int cn> cv::Vec<_Tp, m> cv::operator*(int, const cv::Vec<_Tp, m>&)[m[Kâ€™
[5.741s]  1398 | Vec<_Tp, cn> [01;36m[Koperator[m[K * (int alpha, const Vec<_Tp, cn>& a)
[5.741s]       |              [01;36m[K^~~~~~~~[m[K
[5.741s] [01m[K/usr/include/opencv4/opencv2/core/matx.hpp:1398:14:[m[K [01;36m[Knote: [m[K  template argument deduction/substitution failed:
[5.741s] [01m[K/home/rtsd-user/dev_ws/src/cpp_pubsub/src/subscriber_member_function.cpp:175:26:[m[K [01;36m[Knote: [m[K  candidate expects 2 arguments, 1 provided
[5.742s]   175 |     publisher_->publish(*[01;36m[KcvImg[m[K);
[5.742s]       |                          [01;36m[K^~~~~[m[K
[5.742s] In file included from [01m[K/usr/include/opencv4/opencv2/core.hpp:57[m[K,
[5.742s]                  from [01m[K/usr/include/opencv4/opencv2/core/core.hpp:48[m[K,
[5.742s]                  from [01m[K/opt/ros/galactic/include/cv_bridge/cv_bridge.h:43[m[K,
[5.742s]                  from [01m[K/home/rtsd-user/dev_ws/src/cpp_pubsub/src/subscriber_member_function.cpp:27[m[K:
[5.742s] [01m[K/usr/include/opencv4/opencv2/core/matx.hpp:1404:14:[m[K [01;36m[Knote: [m[Kcandidate: â€˜[01m[Ktemplate<class _Tp, int cn> cv::Vec<_Tp, m> cv::operator*(const cv::Vec<_Tp, m>&, float)[m[Kâ€™
[5.742s]  1404 | Vec<_Tp, cn> [01;36m[Koperator[m[K * (const Vec<_Tp, cn>& a, float alpha)
[5.743s]       |              [01;36m[K^~~~~~~~[m[K
[5.743s] [01m[K/usr/include/opencv4/opencv2/core/matx.hpp:1404:14:[m[K [01;36m[Knote: [m[K  template argument deduction/substitution failed:
[5.743s] [01m[K/home/rtsd-user/dev_ws/src/cpp_pubsub/src/subscriber_member_function.cpp:175:26:[m[K [01;36m[Knote: [m[K  â€˜[01m[Kcv::Mat[m[Kâ€™ is not derived from â€˜[01m[Kconst cv::Vec<_Tp, m>[m[Kâ€™
[5.743s]   175 |     publisher_->publish(*[01;36m[KcvImg[m[K);
[5.743s]       |                          [01;36m[K^~~~~[m[K
[5.744s] In file included from [01m[K/usr/include/opencv4/opencv2/core.hpp:57[m[K,
[5.744s]                  from [01m[K/usr/include/opencv4/opencv2/core/core.hpp:48[m[K,
[5.744s]                  from [01m[K/opt/ros/galactic/include/cv_bridge/cv_bridge.h:43[m[K,
[5.744s]                  from [01m[K/home/rtsd-user/dev_ws/src/cpp_pubsub/src/subscriber_member_function.cpp:27[m[K:
[5.744s] [01m[K/usr/include/opencv4/opencv2/core/matx.hpp:1410:14:[m[K [01;36m[Knote: [m[Kcandidate: â€˜[01m[Ktemplate<class _Tp, int cn> cv::Vec<_Tp, m> cv::operator*(float, const cv::Vec<_Tp, m>&)[m[Kâ€™
[5.744s]  1410 | Vec<_Tp, cn> [01;36m[Koperator[m[K * (float alpha, const Vec<_Tp, cn>& a)
[5.745s]       |              [01;36m[K^~~~~~~~[m[K
[5.745s] [01m[K/usr/include/opencv4/opencv2/core/matx.hpp:1410:14:[m[K [01;36m[Knote: [m[K  template argument deduction/substitution failed:
[5.745s] [01m[K/home/rtsd-user/dev_ws/src/cpp_pubsub/src/subscriber_member_function.cpp:175:26:[m[K [01;36m[Knote: [m[K  candidate expects 2 arguments, 1 provided
[5.745s]   175 |     publisher_->publish(*[01;36m[KcvImg[m[K);
[5.745s]       |                          [01;36m[K^~~~~[m[K
[5.748s] In file included from [01m[K/usr/include/opencv4/opencv2/core.hpp:57[m[K,
[5.748s]                  from [01m[K/usr/include/opencv4/opencv2/core/core.hpp:48[m[K,
[5.748s]                  from [01m[K/opt/ros/galactic/include/cv_bridge/cv_bridge.h:43[m[K,
[5.748s]                  from [01m[K/home/rtsd-user/dev_ws/src/cpp_pubsub/src/subscriber_member_function.cpp:27[m[K:
[5.748s] [01m[K/usr/include/opencv4/opencv2/core/matx.hpp:1416:14:[m[K [01;36m[Knote: [m[Kcandidate: â€˜[01m[Ktemplate<class _Tp, int cn> cv::Vec<_Tp, m> cv::operator*(const cv::Vec<_Tp, m>&, double)[m[Kâ€™
[5.748s]  1416 | Vec<_Tp, cn> [01;36m[Koperator[m[K * (const Vec<_Tp, cn>& a, double alpha)
[5.748s]       |              [01;36m[K^~~~~~~~[m[K
[5.748s] [01m[K/usr/include/opencv4/opencv2/core/matx.hpp:1416:14:[m[K [01;36m[Knote: [m[K  template argument deduction/substitution failed:
[5.749s] [01m[K/home/rtsd-user/dev_ws/src/cpp_pubsub/src/subscriber_member_function.cpp:175:26:[m[K [01;36m[Knote: [m[K  â€˜[01m[Kcv::Mat[m[Kâ€™ is not derived from â€˜[01m[Kconst cv::Vec<_Tp, m>[m[Kâ€™
[5.749s]   175 |     publisher_->publish(*[01;36m[KcvImg[m[K);
[5.749s]       |                          [01;36m[K^~~~~[m[K
[5.749s] In file included from [01m[K/usr/include/opencv4/opencv2/core.hpp:57[m[K,
[5.751s]                  from [01m[K/usr/include/opencv4/opencv2/core/core.hpp:48[m[K,
[5.751s]                  from [01m[K/opt/ros/galactic/include/cv_bridge/cv_bridge.h:43[m[K,
[5.751s]                  from [01m[K/home/rtsd-user/dev_ws/src/cpp_pubsub/src/subscriber_member_function.cpp:27[m[K:
[5.752s] [01m[K/usr/include/opencv4/opencv2/core/matx.hpp:1422:14:[m[K [01;36m[Knote: [m[Kcandidate: â€˜[01m[Ktemplate<class _Tp, int cn> cv::Vec<_Tp, m> cv::operator*(double, const cv::Vec<_Tp, m>&)[m[Kâ€™
[5.752s]  1422 | Vec<_Tp, cn> [01;36m[Koperator[m[K * (double alpha, const Vec<_Tp, cn>& a)
[5.752s]       |              [01;36m[K^~~~~~~~[m[K
[5.752s] [01m[K/usr/include/opencv4/opencv2/core/matx.hpp:1422:14:[m[K [01;36m[Knote: [m[K  template argument deduction/substitution failed:
[5.752s] [01m[K/home/rtsd-user/dev_ws/src/cpp_pubsub/src/subscriber_member_function.cpp:175:26:[m[K [01;36m[Knote: [m[K  candidate expects 2 arguments, 1 provided
[5.752s]   175 |     publisher_->publish(*[01;36m[KcvImg[m[K);
[5.752s]       |                          [01;36m[K^~~~~[m[K
[5.752s] In file included from [01m[K/usr/include/opencv4/opencv2/core.hpp:57[m[K,
[5.753s]                  from [01m[K/usr/include/opencv4/opencv2/core/core.hpp:48[m[K,
[5.753s]                  from [01m[K/opt/ros/galactic/include/cv_bridge/cv_bridge.h:43[m[K,
[5.753s]                  from [01m[K/home/rtsd-user/dev_ws/src/cpp_pubsub/src/subscriber_member_function.cpp:27[m[K:
[5.755s] [01m[K/usr/include/opencv4/opencv2/core/matx.hpp:1453:43:[m[K [01;36m[Knote: [m[Kcandidate: â€˜[01m[Ktemplate<class _Tp> cv::Vec<_Tp, 4> cv::operator*(const cv::Vec<_Tp, 4>&, const cv::Vec<_Tp, 4>&)[m[Kâ€™
[5.755s]  1453 | template<typename _Tp> inline Vec<_Tp, 4> [01;36m[Koperator[m[K * (const Vec<_Tp, 4>& v1, const Vec<_Tp, 4>& v2)
[5.755s]       |                                           [01;36m[K^~~~~~~~[m[K
[5.756s] [01m[K/usr/include/opencv4/opencv2/core/matx.hpp:1453:43:[m[K [01;36m[Knote: [m[K  template argument deduction/substitution failed:
[5.756s] [01m[K/home/rtsd-user/dev_ws/src/cpp_pubsub/src/subscriber_member_function.cpp:175:26:[m[K [01;36m[Knote: [m[K  â€˜[01m[Kcv::Mat[m[Kâ€™ is not derived from â€˜[01m[Kconst cv::Vec<_Tp, 4>[m[Kâ€™
[5.756s]   175 |     publisher_->publish(*[01;36m[KcvImg[m[K);
[5.756s]       |                          [01;36m[K^~~~~[m[K
[5.756s] In file included from [01m[K/usr/include/opencv4/opencv2/core.hpp:58[m[K,
[5.756s]                  from [01m[K/usr/include/opencv4/opencv2/core/core.hpp:48[m[K,
[5.756s]                  from [01m[K/opt/ros/galactic/include/cv_bridge/cv_bridge.h:43[m[K,
[5.756s]                  from [01m[K/home/rtsd-user/dev_ws/src/cpp_pubsub/src/subscriber_member_function.cpp:27[m[K:
[5.756s] [01m[K/usr/include/opencv4/opencv2/core/types.hpp:1057:14:[m[K [01;36m[Knote: [m[Kcandidate: â€˜[01m[Ktemplate<class _Tp> cv::Complex<_Tp> cv::operator*(const cv::Complex<_Tp>&, const cv::Complex<_Tp>&)[m[Kâ€™
[5.757s]  1057 | Complex<_Tp> [01;36m[Koperator[m[K * (const Complex<_Tp>& a, const Complex<_Tp>& b)
[5.757s]       |              [01;36m[K^~~~~~~~[m[K
[5.758s] [01m[K/usr/include/opencv4/opencv2/core/types.hpp:1057:14:[m[K [01;36m[Knote: [m[K  template argument deduction/substitution failed:
[5.758s] [01m[K/home/rtsd-user/dev_ws/src/cpp_pubsub/src/subscriber_member_function.cpp:175:26:[m[K [01;36m[Knote: [m[K  â€˜[01m[Kcv::Mat[m[Kâ€™ is not derived from â€˜[01m[Kconst cv::Complex<_Tp>[m[Kâ€™
[5.758s]   175 |     publisher_->publish(*[01;36m[KcvImg[m[K);
[5.758s]       |                          [01;36m[K^~~~~[m[K
[5.758s] In file included from [01m[K/usr/include/opencv4/opencv2/core.hpp:58[m[K,
[5.758s]                  from [01m[K/usr/include/opencv4/opencv2/core/core.hpp:48[m[K,
[5.759s]                  from [01m[K/opt/ros/galactic/include/cv_bridge/cv_bridge.h:43[m[K,
[5.759s]                  from [01m[K/home/rtsd-user/dev_ws/src/cpp_pubsub/src/subscriber_member_function.cpp:27[m[K:
[5.761s] [01m[K/usr/include/opencv4/opencv2/core/types.hpp:1063:14:[m[K [01;36m[Knote: [m[Kcandidate: â€˜[01m[Ktemplate<class _Tp> cv::Complex<_Tp> cv::operator*(const cv::Complex<_Tp>&, _Tp)[m[Kâ€™
[5.761s]  1063 | Complex<_Tp> [01;36m[Koperator[m[K * (const Complex<_Tp>& a, _Tp b)
[5.761s]       |              [01;36m[K^~~~~~~~[m[K
[5.761s] [01m[K/usr/include/opencv4/opencv2/core/types.hpp:1063:14:[m[K [01;36m[Knote: [m[K  template argument deduction/substitution failed:
[5.762s] [01m[K/home/rtsd-user/dev_ws/src/cpp_pubsub/src/subscriber_member_function.cpp:175:26:[m[K [01;36m[Knote: [m[K  â€˜[01m[Kcv::Mat[m[Kâ€™ is not derived from â€˜[01m[Kconst cv::Complex<_Tp>[m[Kâ€™
[5.762s]   175 |     publisher_->publish(*[01;36m[KcvImg[m[K);
[5.762s]       |                          [01;36m[K^~~~~[m[K
[5.762s] In file included from [01m[K/usr/include/opencv4/opencv2/core.hpp:58[m[K,
[5.762s]                  from [01m[K/usr/include/opencv4/opencv2/core/core.hpp:48[m[K,
[5.762s]                  from [01m[K/opt/ros/galactic/include/cv_bridge/cv_bridge.h:43[m[K,
[5.762s]                  from [01m[K/home/rtsd-user/dev_ws/src/cpp_pubsub/src/subscriber_member_function.cpp:27[m[K:
[5.762s] [01m[K/usr/include/opencv4/opencv2/core/types.hpp:1069:14:[m[K [01;36m[Knote: [m[Kcandidate: â€˜[01m[Ktemplate<class _Tp> cv::Complex<_Tp> cv::operator*(_Tp, const cv::Complex<_Tp>&)[m[Kâ€™
[5.763s]  1069 | Complex<_Tp> [01;36m[Koperator[m[K * (_Tp b, const Complex<_Tp>& a)
[5.765s]       |              [01;36m[K^~~~~~~~[m[K
[5.765s] [01m[K/usr/include/opencv4/opencv2/core/types.hpp:1069:14:[m[K [01;36m[Knote: [m[K  template argument deduction/substitution failed:
[5.765s] [01m[K/home/rtsd-user/dev_ws/src/cpp_pubsub/src/subscriber_member_function.cpp:175:26:[m[K [01;36m[Knote: [m[K  candidate expects 2 arguments, 1 provided
[5.765s]   175 |     publisher_->publish(*[01;36m[KcvImg[m[K);
[5.765s]       |                          [01;36m[K^~~~~[m[K
[5.765s] In file included from [01m[K/usr/include/opencv4/opencv2/core.hpp:58[m[K,
[5.766s]                  from [01m[K/usr/include/opencv4/opencv2/core/core.hpp:48[m[K,
[5.766s]                  from [01m[K/opt/ros/galactic/include/cv_bridge/cv_bridge.h:43[m[K,
[5.766s]                  from [01m[K/home/rtsd-user/dev_ws/src/cpp_pubsub/src/subscriber_member_function.cpp:27[m[K:
[5.766s] [01m[K/usr/include/opencv4/opencv2/core/types.hpp:1335:13:[m[K [01;36m[Knote: [m[Kcandidate: â€˜[01m[Ktemplate<class _Tp> cv::Point_<_Tp> cv::operator*(const cv::Point_<_Tp>&, int)[m[Kâ€™
[5.766s]  1335 | Point_<_Tp> [01;36m[Koperator[m[K * (const Point_<_Tp>& a, int b)
[5.766s]       |             [01;36m[K^~~~~~~~[m[K
[5.766s] [01m[K/usr/include/opencv4/opencv2/core/types.hpp:1335:13:[m[K [01;36m[Knote: [m[K  template argument deduction/substitution failed:
[5.767s] [01m[K/home/rtsd-user/dev_ws/src/cpp_pubsub/src/subscriber_member_function.cpp:175:26:[m[K [01;36m[Knote: [m[K  â€˜[01m[Kcv::Mat[m[Kâ€™ is not derived from â€˜[01m[Kconst cv::Point_<_Tp>[m[Kâ€™
[5.770s]   175 |     publisher_->publish(*[01;36m[KcvImg[m[K);
[5.770s]       |                          [01;36m[K^~~~~[m[K
[5.770s] In file included from [01m[K/usr/include/opencv4/opencv2/core.hpp:58[m[K,
[5.770s]                  from [01m[K/usr/include/opencv4/opencv2/core/core.hpp:48[m[K,
[5.770s]                  from [01m[K/opt/ros/galactic/include/cv_bridge/cv_bridge.h:43[m[K,
[5.771s]                  from [01m[K/home/rtsd-user/dev_ws/src/cpp_pubsub/src/subscriber_member_function.cpp:27[m[K:
[5.771s] [01m[K/usr/include/opencv4/opencv2/core/types.hpp:1341:13:[m[K [01;36m[Knote: [m[Kcandidate: â€˜[01m[Ktemplate<class _Tp> cv::Point_<_Tp> cv::operator*(int, const cv::Point_<_Tp>&)[m[Kâ€™
[5.771s]  1341 | Point_<_Tp> [01;36m[Koperator[m[K * (int a, const Point_<_Tp>& b)
[5.771s]       |             [01;36m[K^~~~~~~~[m[K
[5.771s] [01m[K/usr/include/opencv4/opencv2/core/types.hpp:1341:13:[m[K [01;36m[Knote: [m[K  template argument deduction/substitution failed:
[5.771s] [01m[K/home/rtsd-user/dev_ws/src/cpp_pubsub/src/subscriber_member_function.cpp:175:26:[m[K [01;36m[Knote: [m[K  candidate expects 2 arguments, 1 provided
[5.771s]   175 |     publisher_->publish(*[01;36m[KcvImg[m[K);
[5.772s]       |                          [01;36m[K^~~~~[m[K
[5.772s] In file included from [01m[K/usr/include/opencv4/opencv2/core.hpp:58[m[K,
[5.772s]                  from [01m[K/usr/include/opencv4/opencv2/core/core.hpp:48[m[K,
[5.772s]                  from [01m[K/opt/ros/galactic/include/cv_bridge/cv_bridge.h:43[m[K,
[5.772s]                  from [01m[K/home/rtsd-user/dev_ws/src/cpp_pubsub/src/subscriber_member_function.cpp:27[m[K:
[5.772s] [01m[K/usr/include/opencv4/opencv2/core/types.hpp:1347:13:[m[K [01;36m[Knote: [m[Kcandidate: â€˜[01m[Ktemplate<class _Tp> cv::Point_<_Tp> cv::operator*(const cv::Point_<_Tp>&, float)[m[Kâ€™
[5.772s]  1347 | Point_<_Tp> [01;36m[Koperator[m[K * (const Point_<_Tp>& a, float b)
[5.772s]       |             [01;36m[K^~~~~~~~[m[K
[5.783s] [01m[K/usr/include/opencv4/opencv2/core/types.hpp:1347:13:[m[K [01;36m[Knote: [m[K  template argument deduction/substitution failed:
[5.783s] [01m[K/home/rtsd-user/dev_ws/src/cpp_pubsub/src/subscriber_member_function.cpp:175:26:[m[K [01;36m[Knote: [m[K  â€˜[01m[Kcv::Mat[m[Kâ€™ is not derived from â€˜[01m[Kconst cv::Point_<_Tp>[m[Kâ€™
[5.783s]   175 |     publisher_->publish(*[01;36m[KcvImg[m[K);
[5.783s]       |                          [01;36m[K^~~~~[m[K
[5.783s] In file included from [01m[K/usr/include/opencv4/opencv2/core.hpp:58[m[K,
[5.786s]                  from [01m[K/usr/include/opencv4/opencv2/core/core.hpp:48[m[K,
[5.787s]                  from [01m[K/opt/ros/galactic/include/cv_bridge/cv_bridge.h:43[m[K,
[5.787s]                  from [01m[K/home/rtsd-user/dev_ws/src/cpp_pubsub/src/subscriber_member_function.cpp:27[m[K:
[5.787s] [01m[K/usr/include/opencv4/opencv2/core/types.hpp:1353:13:[m[K [01;36m[Knote: [m[Kcandidate: â€˜[01m[Ktemplate<class _Tp> cv::Point_<_Tp> cv::operator*(float, const cv::Point_<_Tp>&)[m[Kâ€™
[5.789s]  1353 | Point_<_Tp> [01;36m[Koperator[m[K * (float a, const Point_<_Tp>& b)
[5.789s]       |             [01;36m[K^~~~~~~~[m[K
[5.790s] [01m[K/usr/include/opencv4/opencv2/core/types.hpp:1353:13:[m[K [01;36m[Knote: [m[K  template argument deduction/substitution failed:
[5.790s] [01m[K/home/rtsd-user/dev_ws/src/cpp_pubsub/src/subscriber_member_function.cpp:175:26:[m[K [01;36m[Knote: [m[K  candidate expects 2 arguments, 1 provided
[5.790s]   175 |     publisher_->publish(*[01;36m[KcvImg[m[K);
[5.790s]       |                          [01;36m[K^~~~~[m[K
[5.790s] In file included from [01m[K/usr/include/opencv4/opencv2/core.hpp:58[m[K,
[5.790s]                  from [01m[K/usr/include/opencv4/opencv2/core/core.hpp:48[m[K,
[5.790s]                  from [01m[K/opt/ros/galactic/include/cv_bridge/cv_bridge.h:43[m[K,
[5.790s]                  from [01m[K/home/rtsd-user/dev_ws/src/cpp_pubsub/src/subscriber_member_function.cpp:27[m[K:
[5.791s] [01m[K/usr/include/opencv4/opencv2/core/types.hpp:1359:13:[m[K [01;36m[Knote: [m[Kcandidate: â€˜[01m[Ktemplate<class _Tp> cv::Point_<_Tp> cv::operator*(const cv::Point_<_Tp>&, double)[m[Kâ€™
[5.791s]  1359 | Point_<_Tp> [01;36m[Koperator[m[K * (const Point_<_Tp>& a, double b)
[5.791s]       |             [01;36m[K^~~~~~~~[m[K
[5.793s] [01m[K/usr/include/opencv4/opencv2/core/types.hpp:1359:13:[m[K [01;36m[Knote: [m[K  template argument deduction/substitution failed:
[5.793s] [01m[K/home/rtsd-user/dev_ws/src/cpp_pubsub/src/subscriber_member_function.cpp:175:26:[m[K [01;36m[Knote: [m[K  â€˜[01m[Kcv::Mat[m[Kâ€™ is not derived from â€˜[01m[Kconst cv::Point_<_Tp>[m[Kâ€™
[5.793s]   175 |     publisher_->publish(*[01;36m[KcvImg[m[K);
[5.794s]       |                          [01;36m[K^~~~~[m[K
[5.794s] In file included from [01m[K/usr/include/opencv4/opencv2/core.hpp:58[m[K,
[5.794s]                  from [01m[K/usr/include/opencv4/opencv2/core/core.hpp:48[m[K,
[5.794s]                  from [01m[K/opt/ros/galactic/include/cv_bridge/cv_bridge.h:43[m[K,
[5.794s]                  from [01m[K/home/rtsd-user/dev_ws/src/cpp_pubsub/src/subscriber_member_function.cpp:27[m[K:
[5.794s] [01m[K/usr/include/opencv4/opencv2/core/types.hpp:1365:13:[m[K [01;36m[Knote: [m[Kcandidate: â€˜[01m[Ktemplate<class _Tp> cv::Point_<_Tp> cv::operator*(double, const cv::Point_<_Tp>&)[m[Kâ€™
[5.794s]  1365 | Point_<_Tp> [01;36m[Koperator[m[K * (double a, const Point_<_Tp>& b)
[5.794s]       |             [01;36m[K^~~~~~~~[m[K
[5.795s] [01m[K/usr/include/opencv4/opencv2/core/types.hpp:1365:13:[m[K [01;36m[Knote: [m[K  template argument deduction/substitution failed:
[5.795s] [01m[K/home/rtsd-user/dev_ws/src/cpp_pubsub/src/subscriber_member_function.cpp:175:26:[m[K [01;36m[Knote: [m[K  candidate expects 2 arguments, 1 provided
[5.795s]   175 |     publisher_->publish(*[01;36m[KcvImg[m[K);
[5.799s]       |                          [01;36m[K^~~~~[m[K
[5.799s] In file included from [01m[K/usr/include/opencv4/opencv2/core.hpp:58[m[K,
[5.799s]                  from [01m[K/usr/include/opencv4/opencv2/core/core.hpp:48[m[K,
[5.799s]                  from [01m[K/opt/ros/galactic/include/cv_bridge/cv_bridge.h:43[m[K,
[5.800s]                  from [01m[K/home/rtsd-user/dev_ws/src/cpp_pubsub/src/subscriber_member_function.cpp:27[m[K:
[5.800s] [01m[K/usr/include/opencv4/opencv2/core/types.hpp:1371:13:[m[K [01;36m[Knote: [m[Kcandidate: â€˜[01m[Ktemplate<class _Tp> cv::Point_<_Tp> cv::operator*(const cv::Matx<_Tp, 2, 2>&, const cv::Point_<_Tp>&)[m[Kâ€™
[5.800s]  1371 | Point_<_Tp> [01;36m[Koperator[m[K * (const Matx<_Tp, 2, 2>& a, const Point_<_Tp>& b)
[5.800s]       |             [01;36m[K^~~~~~~~[m[K
[5.800s] [01m[K/usr/include/opencv4/opencv2/core/types.hpp:1371:13:[m[K [01;36m[Knote: [m[K  template argument deduction/substitution failed:
[5.800s] [01m[K/home/rtsd-user/dev_ws/src/cpp_pubsub/src/subscriber_member_function.cpp:175:26:[m[K [01;36m[Knote: [m[K  â€˜[01m[Kcv::Mat[m[Kâ€™ is not derived from â€˜[01m[Kconst cv::Matx<_Tp, 2, 2>[m[Kâ€™
[5.800s]   175 |     publisher_->publish(*[01;36m[KcvImg[m[K);
[5.801s]       |                          [01;36m[K^~~~~[m[K
[5.801s] In file included from [01m[K/usr/include/opencv4/opencv2/core.hpp:58[m[K,
[5.801s]                  from [01m[K/usr/include/opencv4/opencv2/core/core.hpp:48[m[K,
[5.801s]                  from [01m[K/opt/ros/galactic/include/cv_bridge/cv_bridge.h:43[m[K,
[5.801s]                  from [01m[K/home/rtsd-user/dev_ws/src/cpp_pubsub/src/subscriber_member_function.cpp:27[m[K:
[5.801s] [01m[K/usr/include/opencv4/opencv2/core/types.hpp:1378:14:[m[K [01;36m[Knote: [m[Kcandidate: â€˜[01m[Ktemplate<class _Tp> cv::Point3_<_Tp> cv::operator*(const cv::Matx<_Tp, 3, 3>&, const cv::Point_<_Tp>&)[m[Kâ€™
[5.802s]  1378 | Point3_<_Tp> [01;36m[Koperator[m[K * (const Matx<_Tp, 3, 3>& a, const Point_<_Tp>& b)
[5.802s]       |              [01;36m[K^~~~~~~~[m[K
[5.802s] [01m[K/usr/include/opencv4/opencv2/core/types.hpp:1378:14:[m[K [01;36m[Knote: [m[K  template argument deduction/substitution failed:
[5.802s] [01m[K/home/rtsd-user/dev_ws/src/cpp_pubsub/src/subscriber_member_function.cpp:175:26:[m[K [01;36m[Knote: [m[K  â€˜[01m[Kcv::Mat[m[Kâ€™ is not derived from â€˜[01m[Kconst cv::Matx<_Tp, 3, 3>[m[Kâ€™
[5.802s]   175 |     publisher_->publish(*[01;36m[KcvImg[m[K);
[5.802s]       |                          [01;36m[K^~~~~[m[K
[5.802s] In file included from [01m[K/usr/include/opencv4/opencv2/core.hpp:58[m[K,
[5.803s]                  from [01m[K/usr/include/opencv4/opencv2/core/core.hpp:48[m[K,
[5.806s]                  from [01m[K/opt/ros/galactic/include/cv_bridge/cv_bridge.h:43[m[K,
[5.806s]                  from [01m[K/home/rtsd-user/dev_ws/src/cpp_pubsub/src/subscriber_member_function.cpp:27[m[K:
[5.806s] [01m[K/usr/include/opencv4/opencv2/core/types.hpp:1604:14:[m[K [01;36m[Knote: [m[Kcandidate: â€˜[01m[Ktemplate<class _Tp> cv::Point3_<_Tp> cv::operator*(const cv::Point3_<_Tp>&, int)[m[Kâ€™
[5.806s]  1604 | Point3_<_Tp> [01;36m[Koperator[m[K * (const Point3_<_Tp>& a, int b)
[5.806s]       |              [01;36m[K^~~~~~~~[m[K
[5.808s] [01m[K/usr/include/opencv4/opencv2/core/types.hpp:1604:14:[m[K [01;36m[Knote: [m[K  template argument deduction/substitution failed:
[5.809s] [01m[K/home/rtsd-user/dev_ws/src/cpp_pubsub/src/subscriber_member_function.cpp:175:26:[m[K [01;36m[Knote: [m[K  â€˜[01m[Kcv::Mat[m[Kâ€™ is not derived from â€˜[01m[Kconst cv::Point3_<_Tp>[m[Kâ€™
[5.809s]   175 |     publisher_->publish(*[01;36m[KcvImg[m[K);
[5.809s]       |                          [01;36m[K^~~~~[m[K
[5.809s] In file included from [01m[K/usr/include/opencv4/opencv2/core.hpp:58[m[K,
[5.809s]                  from [01m[K/usr/include/opencv4/opencv2/core/core.hpp:48[m[K,
[5.809s]                  from [01m[K/opt/ros/galactic/include/cv_bridge/cv_bridge.h:43[m[K,
[5.810s]                  from [01m[K/home/rtsd-user/dev_ws/src/cpp_pubsub/src/subscriber_member_function.cpp:27[m[K:
[5.810s] [01m[K/usr/include/opencv4/opencv2/core/types.hpp:1610:14:[m[K [01;36m[Knote: [m[Kcandidate: â€˜[01m[Ktemplate<class _Tp> cv::Point3_<_Tp> cv::operator*(int, const cv::Point3_<_Tp>&)[m[Kâ€™
[5.810s]  1610 | Point3_<_Tp> [01;36m[Koperator[m[K * (int a, const Point3_<_Tp>& b)
[5.810s]       |              [01;36m[K^~~~~~~~[m[K
[5.810s] [01m[K/usr/include/opencv4/opencv2/core/types.hpp:1610:14:[m[K [01;36m[Knote: [m[K  template argument deduction/substitution failed:
[5.810s] [01m[K/home/rtsd-user/dev_ws/src/cpp_pubsub/src/subscriber_member_function.cpp:175:26:[m[K [01;36m[Knote: [m[K  candidate expects 2 arguments, 1 provided
[5.810s]   175 |     publisher_->publish(*[01;36m[KcvImg[m[K);
[5.810s]       |                          [01;36m[K^~~~~[m[K
[5.813s] In file included from [01m[K/usr/include/opencv4/opencv2/core.hpp:58[m[K,
[5.813s]                  from [01m[K/usr/include/opencv4/opencv2/core/core.hpp:48[m[K,
[5.813s]                  from [01m[K/opt/ros/galactic/include/cv_bridge/cv_bridge.h:43[m[K,
[5.813s]                  from [01m[K/home/rtsd-user/dev_ws/src/cpp_pubsub/src/subscriber_member_function.cpp:27[m[K:
[5.813s] [01m[K/usr/include/opencv4/opencv2/core/types.hpp:1616:14:[m[K [01;36m[Knote: [m[Kcandidate: â€˜[01m[Ktemplate<class _Tp> cv::Point3_<_Tp> cv::operator*(const cv::Point3_<_Tp>&, float)[m[Kâ€™
[5.813s]  1616 | Point3_<_Tp> [01;36m[Koperator[m[K * (const Point3_<_Tp>& a, float b)
[5.813s]       |              [01;36m[K^~~~~~~~[m[K
[5.814s] [01m[K/usr/include/opencv4/opencv2/core/types.hpp:1616:14:[m[K [01;36m[Knote: [m[K  template argument deduction/substitution failed:
[5.814s] [01m[K/home/rtsd-user/dev_ws/src/cpp_pubsub/src/subscriber_member_function.cpp:175:26:[m[K [01;36m[Knote: [m[K  â€˜[01m[Kcv::Mat[m[Kâ€™ is not derived from â€˜[01m[Kconst cv::Point3_<_Tp>[m[Kâ€™
[5.814s]   175 |     publisher_->publish(*[01;36m[KcvImg[m[K);
[5.814s]       |                          [01;36m[K^~~~~[m[K
[5.814s] In file included from [01m[K/usr/include/opencv4/opencv2/core.hpp:58[m[K,
[5.814s]                  from [01m[K/usr/include/opencv4/opencv2/core/core.hpp:48[m[K,
[5.814s]                  from [01m[K/opt/ros/galactic/include/cv_bridge/cv_bridge.h:43[m[K,
[5.817s]                  from [01m[K/home/rtsd-user/dev_ws/src/cpp_pubsub/src/subscriber_member_function.cpp:27[m[K:
[5.817s] [01m[K/usr/include/opencv4/opencv2/core/types.hpp:1622:14:[m[K [01;36m[Knote: [m[Kcandidate: â€˜[01m[Ktemplate<class _Tp> cv::Point3_<_Tp> cv::operator*(float, const cv::Point3_<_Tp>&)[m[Kâ€™
[5.817s]  1622 | Point3_<_Tp> [01;36m[Koperator[m[K * (float a, const Point3_<_Tp>& b)
[5.817s]       |              [01;36m[K^~~~~~~~[m[K
[5.817s] [01m[K/usr/include/opencv4/opencv2/core/types.hpp:1622:14:[m[K [01;36m[Knote: [m[K  template argument deduction/substitution failed:
[5.818s] [01m[K/home/rtsd-user/dev_ws/src/cpp_pubsub/src/subscriber_member_function.cpp:175:26:[m[K [01;36m[Knote: [m[K  candidate expects 2 arguments, 1 provided
[5.818s]   175 |     publisher_->publish(*[01;36m[KcvImg[m[K);
[5.818s]       |                          [01;36m[K^~~~~[m[K
[5.818s] In file included from [01m[K/usr/include/opencv4/opencv2/core.hpp:58[m[K,
[5.818s]                  from [01m[K/usr/include/opencv4/opencv2/core/core.hpp:48[m[K,
[5.818s]                  from [01m[K/opt/ros/galactic/include/cv_bridge/cv_bridge.h:43[m[K,
[5.818s]                  from [01m[K/home/rtsd-user/dev_ws/src/cpp_pubsub/src/subscriber_member_function.cpp:27[m[K:
[5.821s] [01m[K/usr/include/opencv4/opencv2/core/types.hpp:1628:14:[m[K [01;36m[Knote: [m[Kcandidate: â€˜[01m[Ktemplate<class _Tp> cv::Point3_<_Tp> cv::operator*(const cv::Point3_<_Tp>&, double)[m[Kâ€™
[5.821s]  1628 | Point3_<_Tp> [01;36m[Koperator[m[K * (const Point3_<_Tp>& a, double b)
[5.821s]       |              [01;36m[K^~~~~~~~[m[K
[5.821s] [01m[K/usr/include/opencv4/opencv2/core/types.hpp:1628:14:[m[K [01;36m[Knote: [m[K  template argument deduction/substitution failed:
[5.821s] [01m[K/home/rtsd-user/dev_ws/src/cpp_pubsub/src/subscriber_member_function.cpp:175:26:[m[K [01;36m[Knote: [m[K  â€˜[01m[Kcv::Mat[m[Kâ€™ is not derived from â€˜[01m[Kconst cv::Point3_<_Tp>[m[Kâ€™
[5.821s]   175 |     publisher_->publish(*[01;36m[KcvImg[m[K);
[5.821s]       |                          [01;36m[K^~~~~[m[K
[5.822s] In file included from [01m[K/usr/include/opencv4/opencv2/core.hpp:58[m[K,
[5.824s]                  from [01m[K/usr/include/opencv4/opencv2/core/core.hpp:48[m[K,
[5.825s]                  from [01m[K/opt/ros/galactic/include/cv_bridge/cv_bridge.h:43[m[K,
[5.825s]                  from [01m[K/home/rtsd-user/dev_ws/src/cpp_pubsub/src/subscriber_member_function.cpp:27[m[K:
[5.825s] [01m[K/usr/include/opencv4/opencv2/core/types.hpp:1634:14:[m[K [01;36m[Knote: [m[Kcandidate: â€˜[01m[Ktemplate<class _Tp> cv::Point3_<_Tp> cv::operator*(double, const cv::Point3_<_Tp>&)[m[Kâ€™
[5.825s]  1634 | Point3_<_Tp> [01;36m[Koperator[m[K * (double a, const Point3_<_Tp>& b)
[5.825s]       |              [01;36m[K^~~~~~~~[m[K
[5.825s] [01m[K/usr/include/opencv4/opencv2/core/types.hpp:1634:14:[m[K [01;36m[Knote: [m[K  template argument deduction/substitution failed:
[5.825s] [01m[K/home/rtsd-user/dev_ws/src/cpp_pubsub/src/subscriber_member_function.cpp:175:26:[m[K [01;36m[Knote: [m[K  candidate expects 2 arguments, 1 provided
[5.825s]   175 |     publisher_->publish(*[01;36m[KcvImg[m[K);
[5.826s]       |                          [01;36m[K^~~~~[m[K
[5.826s] In file included from [01m[K/usr/include/opencv4/opencv2/core.hpp:58[m[K,
[5.826s]                  from [01m[K/usr/include/opencv4/opencv2/core/core.hpp:48[m[K,
[5.826s]                  from [01m[K/opt/ros/galactic/include/cv_bridge/cv_bridge.h:43[m[K,
[5.826s]                  from [01m[K/home/rtsd-user/dev_ws/src/cpp_pubsub/src/subscriber_member_function.cpp:27[m[K:
[5.828s] [01m[K/usr/include/opencv4/opencv2/core/types.hpp:1640:14:[m[K [01;36m[Knote: [m[Kcandidate: â€˜[01m[Ktemplate<class _Tp> cv::Point3_<_Tp> cv::operator*(const cv::Matx<_Tp, 3, 3>&, const cv::Point3_<_Tp>&)[m[Kâ€™
[5.828s]  1640 | Point3_<_Tp> [01;36m[Koperator[m[K * (const Matx<_Tp, 3, 3>& a, const Point3_<_Tp>& b)
[5.829s]       |              [01;36m[K^~~~~~~~[m[K
[5.829s] [01m[K/usr/include/opencv4/opencv2/core/types.hpp:1640:14:[m[K [01;36m[Knote: [m[K  template argument deduction/substitution failed:
[5.829s] [01m[K/home/rtsd-user/dev_ws/src/cpp_pubsub/src/subscriber_member_function.cpp:175:26:[m[K [01;36m[Knote: [m[K  â€˜[01m[Kcv::Mat[m[Kâ€™ is not derived from â€˜[01m[Kconst cv::Matx<_Tp, 3, 3>[m[Kâ€™
[5.829s]   175 |     publisher_->publish(*[01;36m[KcvImg[m[K);
[5.829s]       |                          [01;36m[K^~~~~[m[K
[5.829s] In file included from [01m[K/usr/include/opencv4/opencv2/core.hpp:58[m[K,
[5.829s]                  from [01m[K/usr/include/opencv4/opencv2/core/core.hpp:48[m[K,
[5.829s]                  from [01m[K/opt/ros/galactic/include/cv_bridge/cv_bridge.h:43[m[K,
[5.830s]                  from [01m[K/home/rtsd-user/dev_ws/src/cpp_pubsub/src/subscriber_member_function.cpp:27[m[K:
[5.830s] [01m[K/usr/include/opencv4/opencv2/core/types.hpp:1647:17:[m[K [01;36m[Knote: [m[Kcandidate: â€˜[01m[Ktemplate<class _Tp> cv::Matx<T2, 4, 1> cv::operator*(const cv::Matx<_Tp, 4, 4>&, const cv::Point3_<_Tp>&)[m[Kâ€™
[5.830s]  1647 | Matx<_Tp, 4, 1> [01;36m[Koperator[m[K * (const Matx<_Tp, 4, 4>& a, const Point3_<_Tp>& b)
[5.830s]       |                 [01;36m[K^~~~~~~~[m[K
[5.831s] [01m[K/usr/include/opencv4/opencv2/core/types.hpp:1647:17:[m[K [01;36m[Knote: [m[K  template argument deduction/substitution failed:
[5.832s] [01m[K/home/rtsd-user/dev_ws/src/cpp_pubsub/src/subscriber_member_function.cpp:175:26:[m[K [01;36m[Knote: [m[K  â€˜[01m[Kcv::Mat[m[Kâ€™ is not derived from â€˜[01m[Kconst cv::Matx<_Tp, 4, 4>[m[Kâ€™
[5.832s]   175 |     publisher_->publish(*[01;36m[KcvImg[m[K);
[5.832s]       |                          [01;36m[K^~~~~[m[K
[5.832s] In file included from [01m[K/usr/include/opencv4/opencv2/core.hpp:58[m[K,
[5.832s]                  from [01m[K/usr/include/opencv4/opencv2/core/core.hpp:48[m[K,
[5.832s]                  from [01m[K/opt/ros/galactic/include/cv_bridge/cv_bridge.h:43[m[K,
[5.832s]                  from [01m[K/home/rtsd-user/dev_ws/src/cpp_pubsub/src/subscriber_member_function.cpp:27[m[K:
[5.832s] [01m[K/usr/include/opencv4/opencv2/core/types.hpp:1751:12:[m[K [01;36m[Knote: [m[Kcandidate: â€˜[01m[Ktemplate<class _Tp> cv::Size_<_Tp> cv::operator*(const cv::Size_<_Tp>&, _Tp)[m[Kâ€™
[5.833s]  1751 | Size_<_Tp> [01;36m[Koperator[m[K * (const Size_<_Tp>& a, _Tp b)
[5.833s]       |            [01;36m[K^~~~~~~~[m[K
[5.836s] [01m[K/usr/include/opencv4/opencv2/core/types.hpp:1751:12:[m[K [01;36m[Knote: [m[K  template argument deduction/substitution failed:
[5.837s] [01m[K/home/rtsd-user/dev_ws/src/cpp_pubsub/src/subscriber_member_function.cpp:175:26:[m[K [01;36m[Knote: [m[K  â€˜[01m[Kcv::Mat[m[Kâ€™ is not derived from â€˜[01m[Kconst cv::Size_<_Tp>[m[Kâ€™
[5.837s]   175 |     publisher_->publish(*[01;36m[KcvImg[m[K);
[5.837s]       |                          [01;36m[K^~~~~[m[K
[5.837s] In file included from [01m[K/usr/include/opencv4/opencv2/core.hpp:58[m[K,
[5.837s]                  from [01m[K/usr/include/opencv4/opencv2/core/core.hpp:48[m[K,
[5.838s]                  from [01m[K/opt/ros/galactic/include/cv_bridge/cv_bridge.h:43[m[K,
[5.838s]                  from [01m[K/home/rtsd-user/dev_ws/src/cpp_pubsub/src/subscriber_member_function.cpp:27[m[K:
[5.840s] [01m[K/usr/include/opencv4/opencv2/core/types.hpp:2318:14:[m[K [01;36m[Knote: [m[Kcandidate: â€˜[01m[Ktemplate<class _Tp> cv::Scalar_<_Tp> cv::operator*(const cv::Scalar_<_Tp>&, _Tp)[m[Kâ€™
[5.840s]  2318 | Scalar_<_Tp> [01;36m[Koperator[m[K * (const Scalar_<_Tp>& a, _Tp alpha)
[5.840s]       |              [01;36m[K^~~~~~~~[m[K
[5.840s] [01m[K/usr/include/opencv4/opencv2/core/types.hpp:2318:14:[m[K [01;36m[Knote: [m[K  template argument deduction/substitution failed:
[5.841s] [01m[K/home/rtsd-user/dev_ws/src/cpp_pubsub/src/subscriber_member_function.cpp:175:26:[m[K [01;36m[Knote: [m[K  â€˜[01m[Kcv::Mat[m[Kâ€™ is not derived from â€˜[01m[Kconst cv::Scalar_<_Tp>[m[Kâ€™
[5.841s]   175 |     publisher_->publish(*[01;36m[KcvImg[m[K);
[5.841s]       |                          [01;36m[K^~~~~[m[K
[5.841s] In file included from [01m[K/usr/include/opencv4/opencv2/core.hpp:58[m[K,
[5.841s]                  from [01m[K/usr/include/opencv4/opencv2/core/core.hpp:48[m[K,
[5.841s]                  from [01m[K/opt/ros/galactic/include/cv_bridge/cv_bridge.h:43[m[K,
[5.841s]                  from [01m[K/home/rtsd-user/dev_ws/src/cpp_pubsub/src/subscriber_member_function.cpp:27[m[K:
[5.841s] [01m[K/usr/include/opencv4/opencv2/core/types.hpp:2327:14:[m[K [01;36m[Knote: [m[Kcandidate: â€˜[01m[Ktemplate<class _Tp> cv::Scalar_<_Tp> cv::operator*(_Tp, const cv::Scalar_<_Tp>&)[m[Kâ€™
[5.841s]  2327 | Scalar_<_Tp> [01;36m[Koperator[m[K * (_Tp alpha, const Scalar_<_Tp>& a)
[5.842s]       |              [01;36m[K^~~~~~~~[m[K
[5.844s] [01m[K/usr/include/opencv4/opencv2/core/types.hpp:2327:14:[m[K [01;36m[Knote: [m[K  template argument deduction/substitution failed:
[5.844s] [01m[K/home/rtsd-user/dev_ws/src/cpp_pubsub/src/subscriber_member_function.cpp:175:26:[m[K [01;36m[Knote: [m[K  candidate expects 2 arguments, 1 provided
[5.844s]   175 |     publisher_->publish(*[01;36m[KcvImg[m[K);
[5.844s]       |                          [01;36m[K^~~~~[m[K
[5.844s] In file included from [01m[K/usr/include/opencv4/opencv2/core.hpp:58[m[K,
[5.845s]                  from [01m[K/usr/include/opencv4/opencv2/core/core.hpp:48[m[K,
[5.845s]                  from [01m[K/opt/ros/galactic/include/cv_bridge/cv_bridge.h:43[m[K,
[5.845s]                  from [01m[K/home/rtsd-user/dev_ws/src/cpp_pubsub/src/subscriber_member_function.cpp:27[m[K:
[5.845s] [01m[K/usr/include/opencv4/opencv2/core/types.hpp:2343:14:[m[K [01;36m[Knote: [m[Kcandidate: â€˜[01m[Ktemplate<class _Tp> cv::Scalar_<_Tp> cv::operator*(const cv::Scalar_<_Tp>&, const cv::Scalar_<_Tp>&)[m[Kâ€™
[5.845s]  2343 | Scalar_<_Tp> [01;36m[Koperator[m[K * (const Scalar_<_Tp>& a, const Scalar_<_Tp>& b)
[5.845s]       |              [01;36m[K^~~~~~~~[m[K
[5.848s] [01m[K/usr/include/opencv4/opencv2/core/types.hpp:2343:14:[m[K [01;36m[Knote: [m[K  template argument deduction/substitution failed:
[5.848s] [01m[K/home/rtsd-user/dev_ws/src/cpp_pubsub/src/subscriber_member_function.cpp:175:26:[m[K [01;36m[Knote: [m[K  â€˜[01m[Kcv::Mat[m[Kâ€™ is not derived from â€˜[01m[Kconst cv::Scalar_<_Tp>[m[Kâ€™
[5.848s]   175 |     publisher_->publish(*[01;36m[KcvImg[m[K);
[5.848s]       |                          [01;36m[K^~~~~[m[K
[5.848s] In file included from [01m[K/usr/include/opencv4/opencv2/core.hpp:58[m[K,
[5.849s]                  from [01m[K/usr/include/opencv4/opencv2/core/core.hpp:48[m[K,
[5.849s]                  from [01m[K/opt/ros/galactic/include/cv_bridge/cv_bridge.h:43[m[K,
[5.849s]                  from [01m[K/home/rtsd-user/dev_ws/src/cpp_pubsub/src/subscriber_member_function.cpp:27[m[K:
[5.849s] [01m[K/usr/include/opencv4/opencv2/core/types.hpp:2409:8:[m[K [01;36m[Knote: [m[Kcandidate: â€˜[01m[Ktemplate<class _Tp> cv::Scalar cv::operator*(const cv::Matx<_Tp, 4, 4>&, const Scalar&)[m[Kâ€™
[5.849s]  2409 | Scalar [01;36m[Koperator[m[K * (const Matx<_Tp, 4, 4>& a, const Scalar& b)
[5.849s]       |        [01;36m[K^~~~~~~~[m[K
[5.849s] [01m[K/usr/include/opencv4/opencv2/core/types.hpp:2409:8:[m[K [01;36m[Knote: [m[K  template argument deduction/substitution failed:
[5.849s] [01m[K/home/rtsd-user/dev_ws/src/cpp_pubsub/src/subscriber_member_function.cpp:175:26:[m[K [01;36m[Knote: [m[K  â€˜[01m[Kcv::Mat[m[Kâ€™ is not derived from â€˜[01m[Kconst cv::Matx<_Tp, 4, 4>[m[Kâ€™
[5.849s]   175 |     publisher_->publish(*[01;36m[KcvImg[m[K);
[5.852s]       |                          [01;36m[K^~~~~[m[K
[5.852s] In file included from [01m[K/usr/include/opencv4/opencv2/core.hpp:59[m[K,
[5.852s]                  from [01m[K/usr/include/opencv4/opencv2/core/core.hpp:48[m[K,
[5.852s]                  from [01m[K/opt/ros/galactic/include/cv_bridge/cv_bridge.h:43[m[K,
[5.852s]                  from [01m[K/home/rtsd-user/dev_ws/src/cpp_pubsub/src/subscriber_member_function.cpp:27[m[K:
[5.852s] [01m[K/usr/include/opencv4/opencv2/core/mat.hpp:3586:20:[m[K [01;36m[Knote: [m[Kcandidate: â€˜[01m[Kcv::MatExpr cv::operator*(const cv::Mat&, const cv::Mat&)[m[Kâ€™
[5.853s]  3586 | CV_EXPORTS MatExpr [01;36m[Koperator[m[K * (const Mat& a, const Mat& b);
[5.853s]       |                    [01;36m[K^~~~~~~~[m[K
[5.853s] [01m[K/usr/include/opencv4/opencv2/core/mat.hpp:3586:20:[m[K [01;36m[Knote: [m[K  candidate expects 2 arguments, 1 provided
[5.853s] [01m[K/usr/include/opencv4/opencv2/core/mat.hpp:3587:20:[m[K [01;36m[Knote: [m[Kcandidate: â€˜[01m[Kcv::MatExpr cv::operator*(const cv::Mat&, double)[m[Kâ€™
[5.853s]  3587 | CV_EXPORTS MatExpr [01;36m[Koperator[m[K * (const Mat& a, double s);
[5.853s]       |                    [01;36m[K^~~~~~~~[m[K
[5.853s] [01m[K/usr/include/opencv4/opencv2/core/mat.hpp:3587:20:[m[K [01;36m[Knote: [m[K  candidate expects 2 arguments, 1 provided
[5.854s] [01m[K/usr/include/opencv4/opencv2/core/mat.hpp:3588:20:[m[K [01;36m[Knote: [m[Kcandidate: â€˜[01m[Kcv::MatExpr cv::operator*(double, const cv::Mat&)[m[Kâ€™
[5.854s]  3588 | CV_EXPORTS MatExpr [01;36m[Koperator[m[K * (double s, const Mat& a);
[5.854s]       |                    [01;36m[K^~~~~~~~[m[K
[5.854s] [01m[K/usr/include/opencv4/opencv2/core/mat.hpp:3588:20:[m[K [01;36m[Knote: [m[K  candidate expects 2 arguments, 1 provided
[5.854s] [01m[K/usr/include/opencv4/opencv2/core/mat.hpp:3589:20:[m[K [01;36m[Knote: [m[Kcandidate: â€˜[01m[Kcv::MatExpr cv::operator*(const cv::MatExpr&, const cv::Mat&)[m[Kâ€™
[5.854s]  3589 | CV_EXPORTS MatExpr [01;36m[Koperator[m[K * (const MatExpr& e, const Mat& m);
[5.854s]       |                    [01;36m[K^~~~~~~~[m[K
[5.854s] [01m[K/usr/include/opencv4/opencv2/core/mat.hpp:3589:20:[m[K [01;36m[Knote: [m[K  candidate expects 2 arguments, 1 provided
[5.855s] [01m[K/usr/include/opencv4/opencv2/core/mat.hpp:3590:20:[m[K [01;36m[Knote: [m[Kcandidate: â€˜[01m[Kcv::MatExpr cv::operator*(const cv::Mat&, const cv::MatExpr&)[m[Kâ€™
[5.855s]  3590 | CV_EXPORTS MatExpr [01;36m[Koperator[m[K * (const Mat& m, const MatExpr& e);
[5.855s]       |                    [01;36m[K^~~~~~~~[m[K
[5.855s] [01m[K/usr/include/opencv4/opencv2/core/mat.hpp:3590:20:[m[K [01;36m[Knote: [m[K  candidate expects 2 arguments, 1 provided
[5.855s] [01m[K/usr/include/opencv4/opencv2/core/mat.hpp:3591:20:[m[K [01;36m[Knote: [m[Kcandidate: â€˜[01m[Kcv::MatExpr cv::operator*(const cv::MatExpr&, double)[m[Kâ€™
[5.855s]  3591 | CV_EXPORTS MatExpr [01;36m[Koperator[m[K * (const MatExpr& e, double s);
[5.855s]       |                    [01;36m[K^~~~~~~~[m[K
[5.858s] [01m[K/usr/include/opencv4/opencv2/core/mat.hpp:3591:20:[m[K [01;36m[Knote: [m[K  candidate expects 2 arguments, 1 provided
[5.858s] [01m[K/usr/include/opencv4/opencv2/core/mat.hpp:3592:20:[m[K [01;36m[Knote: [m[Kcandidate: â€˜[01m[Kcv::MatExpr cv::operator*(double, const cv::MatExpr&)[m[Kâ€™
[5.858s]  3592 | CV_EXPORTS MatExpr [01;36m[Koperator[m[K * (double s, const MatExpr& e);
[5.858s]       |                    [01;36m[K^~~~~~~~[m[K
[5.858s] [01m[K/usr/include/opencv4/opencv2/core/mat.hpp:3592:20:[m[K [01;36m[Knote: [m[K  candidate expects 2 arguments, 1 provided
[5.858s] [01m[K/usr/include/opencv4/opencv2/core/mat.hpp:3593:20:[m[K [01;36m[Knote: [m[Kcandidate: â€˜[01m[Kcv::MatExpr cv::operator*(const cv::MatExpr&, const cv::MatExpr&)[m[Kâ€™
[5.858s]  3593 | CV_EXPORTS MatExpr [01;36m[Koperator[m[K * (const MatExpr& e1, const MatExpr& e2);
[5.859s]       |                    [01;36m[K^~~~~~~~[m[K
[5.862s] [01m[K/usr/include/opencv4/opencv2/core/mat.hpp:3593:20:[m[K [01;36m[Knote: [m[K  candidate expects 2 arguments, 1 provided
[5.862s] [01m[K/usr/include/opencv4/opencv2/core/mat.hpp:3595:9:[m[K [01;36m[Knote: [m[Kcandidate: â€˜[01m[Ktemplate<class _Tp, int m, int n> cv::MatExpr cv::operator*(const cv::Mat&, const cv::Matx<_Tp, m, n>&)[m[Kâ€™
[5.862s]  3595 | MatExpr [01;36m[Koperator[m[K * (const Mat& a, const Matx<_Tp, m, n>& b) { return a * Mat(b); }
[5.862s]       |         [01;36m[K^~~~~~~~[m[K
[5.863s] [01m[K/usr/include/opencv4/opencv2/core/mat.hpp:3595:9:[m[K [01;36m[Knote: [m[K  template argument deduction/substitution failed:
[5.863s] [01m[K/home/rtsd-user/dev_ws/src/cpp_pubsub/src/subscriber_member_function.cpp:175:26:[m[K [01;36m[Knote: [m[K  candidate expects 2 arguments, 1 provided
[5.866s]   175 |     publisher_->publish(*[01;36m[KcvImg[m[K);
[5.867s]       |                          [01;36m[K^~~~~[m[K
[5.867s] In file included from [01m[K/usr/include/opencv4/opencv2/core.hpp:59[m[K,
[5.867s]                  from [01m[K/usr/include/opencv4/opencv2/core/core.hpp:48[m[K,
[5.867s]                  from [01m[K/opt/ros/galactic/include/cv_bridge/cv_bridge.h:43[m[K,
[5.867s]                  from [01m[K/home/rtsd-user/dev_ws/src/cpp_pubsub/src/subscriber_member_function.cpp:27[m[K:
[5.867s] [01m[K/usr/include/opencv4/opencv2/core/mat.hpp:3597:9:[m[K [01;36m[Knote: [m[Kcandidate: â€˜[01m[Ktemplate<class _Tp, int m, int n> cv::MatExpr cv::operator*(const cv::Matx<_Tp, m, n>&, const cv::Mat&)[m[Kâ€™
[5.867s]  3597 | MatExpr [01;36m[Koperator[m[K * (const Matx<_Tp, m, n>& a, const Mat& b) { return Mat(a) * b; }
[5.869s]       |         [01;36m[K^~~~~~~~[m[K
[5.869s] [01m[K/usr/include/opencv4/opencv2/core/mat.hpp:3597:9:[m[K [01;36m[Knote: [m[K  template argument deduction/substitution failed:
[5.869s] [01m[K/home/rtsd-user/dev_ws/src/cpp_pubsub/src/subscriber_member_function.cpp:175:26:[m[K [01;36m[Knote: [m[K  â€˜[01m[Kcv::Mat[m[Kâ€™ is not derived from â€˜[01m[Kconst cv::Matx<_Tp, m, n>[m[Kâ€™
[5.876s]   175 |     publisher_->publish(*[01;36m[KcvImg[m[K);
[5.876s]       |                          [01;36m[K^~~~~[m[K
[5.876s] [01m[K/home/rtsd-user/dev_ws/src/cpp_pubsub/src/subscriber_member_function.cpp:145:9:[m[K [01;35m[Kwarning: [m[Kunused variable â€˜[01m[Krows[m[Kâ€™ [[01;35m[K-Wunused-variable[m[K]
[5.877s]   145 |     int [01;35m[Krows[m[K = msg->height;
[5.877s]       |         [01;35m[K^~~~[m[K
[5.877s] [01m[K/home/rtsd-user/dev_ws/src/cpp_pubsub/src/subscriber_member_function.cpp:146:9:[m[K [01;35m[Kwarning: [m[Kunused variable â€˜[01m[Kcolumns[m[Kâ€™ [[01;35m[K-Wunused-variable[m[K]
[5.877s]   146 |     int [01;35m[Kcolumns[m[K = msg->width;
[5.877s]       |         [01;35m[K^~~~~~~[m[K
[10.305s] make[2]: *** [CMakeFiles/listener.dir/build.make:63: CMakeFiles/listener.dir/src/subscriber_member_function.cpp.o] Error 1
[10.315s] make[1]: *** [CMakeFiles/Makefile2:80: CMakeFiles/listener.dir/all] Error 2
[10.322s] make: *** [Makefile:141: all] Error 2
[10.323s] Invoked command in '/home/rtsd-user/dev_ws/build/cpp_pubsub' returned '2': CMAKE_PREFIX_PATH=${CMAKE_PREFIX_PATH}:/opt/ros/galactic /usr/bin/cmake --build /home/rtsd-user/dev_ws/build/cpp_pubsub -- -j1 -l1
