[0.020s] Invoking command in '/home/rtsd-user/dev_ws/build/cpp_parameters': CMAKE_PREFIX_PATH=/opt/ros/galactic /usr/bin/cmake --build /home/rtsd-user/dev_ws/build/cpp_parameters -- -j1 -l1
[0.111s] [35m[1mScanning dependencies of target parameter_node[0m
[0.157s] [ 50%] [32mBuilding CXX object CMakeFiles/parameter_node.dir/src/cpp_parameters_node.cpp.o[0m
[3.193s] [01m[K/home/rtsd-user/dev_ws/src/cpp_parameters/src/cpp_parameters_node.cpp:34:25:[m[K [01;31m[Kerror: [m[Kâ€˜[01m[Kstd_msgs[m[Kâ€™ was not declared in this scope
[3.193s]    34 |       rclcpp::Publisher<[01;31m[Kstd_msgs[m[K::msg::String>::SharedPtr publisher_;
[3.193s]       |                         [01;31m[K^~~~~~~~[m[K
[3.193s] [01m[K/home/rtsd-user/dev_ws/src/cpp_parameters/src/cpp_parameters_node.cpp:34:46:[m[K [01;31m[Kerror: [m[Ktemplate argument 1 is invalid
[3.193s]    34 |       rclcpp::Publisher<std_msgs::msg::String[01;31m[K>[m[K::SharedPtr publisher_;
[3.194s]       |                                              [01;31m[K^[m[K
[3.194s] [01m[K/home/rtsd-user/dev_ws/src/cpp_parameters/src/cpp_parameters_node.cpp:34:49:[m[K [01;31m[Kerror: [m[Kexpected â€˜[01m[K;[m[Kâ€™ at end of member declaration
[3.194s]    34 |       rclcpp::Publisher<std_msgs::msg::String>::[01;31m[KSharedPtr[m[K publisher_;
[3.194s]       |                                                 [01;31m[K^~~~~~~~~[m[K
[3.195s]       |                                                          [32m[K;[m[K
[3.198s] [01m[K/home/rtsd-user/dev_ws/src/cpp_parameters/src/cpp_parameters_node.cpp:34:59:[m[K [01;31m[Kerror: [m[Kâ€˜[01m[Kpublisher_[m[Kâ€™ does not name a type; did you mean â€˜[01m[Krcl_publisher_t[m[Kâ€™?
[3.198s]    34 |       rclcpp::Publisher<std_msgs::msg::String>::SharedPtr [01;31m[Kpublisher_[m[K;
[3.199s]       |                                                           [01;31m[K^~~~~~~~~~[m[K
[3.199s]       |                                                           [32m[Krcl_publisher_t[m[K
[3.205s] [01m[K/home/rtsd-user/dev_ws/src/cpp_parameters/src/cpp_parameters_node.cpp:[m[K In constructor â€˜[01m[KParametersClass::ParametersClass()[m[Kâ€™:
[3.205s] [01m[K/home/rtsd-user/dev_ws/src/cpp_parameters/src/cpp_parameters_node.cpp:15:7:[m[K [01;31m[Kerror: [m[Kâ€˜[01m[Kpublisher_[m[Kâ€™ was not declared in this scope; did you mean â€˜[01m[Krcl_publisher_t[m[Kâ€™?
[3.205s]    15 |       [01;31m[Kpublisher_[m[K = this->create_publisher<std_msgs::msg::String>("topicParameter", 10);
[3.205s]       |       [01;31m[K^~~~~~~~~~[m[K
[3.205s]       |       [32m[Krcl_publisher_t[m[K
[3.210s] [01m[K/home/rtsd-user/dev_ws/src/cpp_parameters/src/cpp_parameters_node.cpp:15:43:[m[K [01;31m[Kerror: [m[Kâ€˜[01m[Kstd_msgs[m[Kâ€™ was not declared in this scope
[3.210s]    15 |       publisher_ = this->create_publisher<[01;31m[Kstd_msgs[m[K::msg::String>("topicParameter", 10);
[3.210s]       |                                           [01;31m[K^~~~~~~~[m[K
[3.210s] [01m[K/home/rtsd-user/dev_ws/src/cpp_parameters/src/cpp_parameters_node.cpp:15:26:[m[K [01;31m[Kerror: [m[Kparse error in template argument list
[3.211s]    15 |       publisher_ = this->[01;31m[Kcreate_publisher<std_msgs::msg::String>[m[K("topicParameter", 10);
[3.211s]       |                          [01;31m[K^~~~~~~~~~~~~~~~~~~~~~~~~~~~~~~~~~~~~~~[m[K
[3.211s] [01m[K/home/rtsd-user/dev_ws/src/cpp_parameters/src/cpp_parameters_node.cpp:15:86:[m[K [01;31m[Kerror: [m[Kno matching function for call to â€˜[01m[KParametersClass::create_publisher<<expression error> >(const char [15], int)[m[Kâ€™
[3.211s]    15 | >create_publisher<std_msgs::msg::String>("topicParameter", 10[01;31m[K)[m[K;
[3.212s]       |                                                              [01;31m[K^[m[K
[3.212s] 
[3.212s] In file included from [01m[K/opt/ros/galactic/include/rclcpp/executors/single_threaded_executor.hpp:28[m[K,
[3.212s]                  from [01m[K/opt/ros/galactic/include/rclcpp/executors.hpp:22[m[K,
[3.212s]                  from [01m[K/opt/ros/galactic/include/rclcpp/rclcpp.hpp:156[m[K,
[3.213s]                  from [01m[K/home/rtsd-user/dev_ws/src/cpp_parameters/src/cpp_parameters_node.cpp:1[m[K:
[3.213s] [01m[K/opt/ros/galactic/include/rclcpp/node.hpp:189:3:[m[K [01;36m[Knote: [m[Kcandidate: â€˜[01m[Ktemplate<class MessageT, class AllocatorT, class PublisherT> std::shared_ptr<PublisherT> rclcpp::Node::create_publisher(const string&, const rclcpp::QoS&, const rclcpp::PublisherOptionsWithAllocator<AllocatorT>&)[m[Kâ€™
[3.213s]   189 |   [01;36m[Kcreate_publisher[m[K(
[3.213s]       |   [01;36m[K^~~~~~~~~~~~~~~~[m[K
[3.214s] [01m[K/opt/ros/galactic/include/rclcpp/node.hpp:189:3:[m[K [01;36m[Knote: [m[K  template argument deduction/substitution failed:
[3.214s] [01m[K/home/rtsd-user/dev_ws/src/cpp_parameters/src/cpp_parameters_node.cpp:15:86:[m[K [01;31m[Kerror: [m[Ktemplate argument 1 is invalid
[3.214s]    15 | >create_publisher<std_msgs::msg::String>("topicParameter", 10[01;31m[K)[m[K;
[3.214s]       |                                                              [01;31m[K^[m[K
[3.214s] 
[3.239s] [01m[K/home/rtsd-user/dev_ws/src/cpp_parameters/src/cpp_parameters_node.cpp:[m[K In member function â€˜[01m[Kvoid ParametersClass::respond()[m[Kâ€™:
[3.240s] [01m[K/home/rtsd-user/dev_ws/src/cpp_parameters/src/cpp_parameters_node.cpp:25:22:[m[K [01;31m[Kerror: [m[Kâ€˜[01m[Kstd_msgs[m[Kâ€™ has not been declared
[3.240s]    25 |       auto message = [01;31m[Kstd_msgs[m[K::msg::String();
[3.240s]       |                      [01;31m[K^~~~~~~~[m[K
[3.245s] [01m[K/home/rtsd-user/dev_ws/src/cpp_parameters/src/cpp_parameters_node.cpp:28:7:[m[K [01;31m[Kerror: [m[Kâ€˜[01m[Kpublisher_[m[Kâ€™ was not declared in this scope; did you mean â€˜[01m[Krcl_publisher_t[m[Kâ€™?
[3.245s]    28 |       [01;31m[Kpublisher_[m[K->publish(message);
[3.245s]       |       [01;31m[K^~~~~~~~~~[m[K
[3.245s]       |       [32m[Krcl_publisher_t[m[K
[4.737s] make[2]: *** [CMakeFiles/parameter_node.dir/build.make:63: CMakeFiles/parameter_node.dir/src/cpp_parameters_node.cpp.o] Error 1
[4.739s] make[1]: *** [CMakeFiles/Makefile2:78: CMakeFiles/parameter_node.dir/all] Error 2
[4.739s] make: *** [Makefile:141: all] Error 2
[4.744s] Invoked command in '/home/rtsd-user/dev_ws/build/cpp_parameters' returned '2': CMAKE_PREFIX_PATH=/opt/ros/galactic /usr/bin/cmake --build /home/rtsd-user/dev_ws/build/cpp_parameters -- -j1 -l1
