[0.056s] Invoking command in '/home/rtsd-user/dev_ws/build/cpp_pubsub': CMAKE_PREFIX_PATH=${CMAKE_PREFIX_PATH}:/opt/ros/galactic /usr/bin/cmake --build /home/rtsd-user/dev_ws/build/cpp_pubsub -- -j1 -l1
[0.158s] [35m[1mScanning dependencies of target listener[0m
[0.233s] [ 25%] [32mBuilding CXX object CMakeFiles/listener.dir/src/subscriber_member_function.cpp.o[0m
[5.743s] [01m[K/home/rtsd-user/dev_ws/src/cpp_pubsub/src/subscriber_member_function.cpp:[m[K In member function â€˜[01m[Kvoid MinimalSubscriber::topic_callback(sensor_msgs::msg::Image_<std::allocator<void> >::ConstSharedPtr) const[m[Kâ€™:
[5.744s] [01m[K/home/rtsd-user/dev_ws/src/cpp_pubsub/src/subscriber_member_function.cpp:173:27:[m[K [01;31m[Kerror: [m[Kâ€˜[01m[KcvImgOut[m[Kâ€™ was not declared in this scope; did you mean â€˜[01m[KcvImg[m[Kâ€™?
[5.744s]   173 |     cv::cvtColor(greyMat, [01;31m[KcvImgOut[m[K, CV_BGR2GRAY);
[5.744s]       |                           [01;31m[K^~~~~~~~[m[K
[5.744s]       |                           [32m[KcvImg[m[K
[10.246s] make[2]: *** [CMakeFiles/listener.dir/build.make:63: CMakeFiles/listener.dir/src/subscriber_member_function.cpp.o] Error 1
[10.249s] make[1]: *** [CMakeFiles/Makefile2:80: CMakeFiles/listener.dir/all] Error 2
[10.251s] make: *** [Makefile:141: all] Error 2
[10.255s] Invoked command in '/home/rtsd-user/dev_ws/build/cpp_pubsub' returned '2': CMAKE_PREFIX_PATH=${CMAKE_PREFIX_PATH}:/opt/ros/galactic /usr/bin/cmake --build /home/rtsd-user/dev_ws/build/cpp_pubsub -- -j1 -l1
