[01m[K/home/rtsd-user/dev_ws/src/cpp_pubsub/src/subscriber_member_function.cpp:[m[K In member function â€˜[01m[Kvoid MinimalSubscriber::topic_callback(sensor_msgs::msg::Image_<std::allocator<void> >::ConstSharedPtr) const[m[Kâ€™:
[01m[K/home/rtsd-user/dev_ws/src/cpp_pubsub/src/subscriber_member_function.cpp:176:57:[m[K [01;31m[Kerror: [m[Kexpected â€˜[01m[K;[m[Kâ€™ before â€˜[01m[Kconst[m[Kâ€™
  176 |     this->get_parameter("threshold", darknessThreshold_)[01;31m[K [m[K[32m[Kconst[m[K;
      |                                                         [01;31m[K^[m[K[32m[K~~~~~[m[K
      |                                                         [32m[K;[m[K
In file included from [01m[K/opt/ros/galactic/include/rclcpp/node.hpp:1315[m[K,
                 from [01m[K/opt/ros/galactic/include/rclcpp/executors/single_threaded_executor.hpp:28[m[K,
                 from [01m[K/opt/ros/galactic/include/rclcpp/executors.hpp:22[m[K,
                 from [01m[K/opt/ros/galactic/include/rclcpp/rclcpp.hpp:156[m[K,
                 from [01m[K/home/rtsd-user/dev_ws/src/cpp_pubsub/src/subscriber_member_function.cpp:20[m[K:
/opt/ros/galactic/include/rclcpp/node_impl.hpp: In instantiation of â€˜[01m[Kbool rclcpp::Node::get_parameter(const string&, ParameterT&) const [with ParameterT = const int; std::string = std::__cxx11::basic_string<char>][m[Kâ€™:
[01m[K/home/rtsd-user/dev_ws/src/cpp_pubsub/src/subscriber_member_function.cpp:176:56:[m[K   required from here
[01m[K/opt/ros/galactic/include/rclcpp/node_impl.hpp:291:15:[m[K [01;31m[Kerror: [m[Kassignment of read-only reference â€˜[01m[Kparameter[m[Kâ€™
  291 |     [01;31m[Kparameter = static_cast<ParameterT>(parameter_variant.get_value<ParameterT>())[m[K;
      |     [01;31m[K~~~~~~~~~~^~~~~~~~~~~~~~~~~~~~~~~~~~~~~~~~~~~~~~~~~~~~~~~~~~~~~~~~~~~~~~~~~~~~[m[K
make[2]: *** [CMakeFiles/listener.dir/build.make:63: CMakeFiles/listener.dir/src/subscriber_member_function.cpp.o] Error 1
make[1]: *** [CMakeFiles/Makefile2:80: CMakeFiles/listener.dir/all] Error 2
make: *** [Makefile:141: all] Error 2
