[01m[K/home/rtsd-user/dev_ws/src/cpp_pubsub/src/subscriber_member_function.cpp:[m[K In member function â€˜[01m[Kvoid MinimalSubscriber::topic_callback(sensor_msgs::msg::Image_<std::allocator<void> >::ConstSharedPtr) const[m[Kâ€™:
[01m[K/home/rtsd-user/dev_ws/src/cpp_pubsub/src/subscriber_member_function.cpp:176:5:[m[K [01;31m[Kerror: [m[Kâ€˜[01m[Krclcpp::Parameter::__ct [m[Kâ€™ names the constructor, not the type
  176 |     [01;31m[Krclcpp[m[K::Parameter::Parameter testParam;
      |     [01;31m[K^~~~~~[m[K
[01m[K/home/rtsd-user/dev_ws/src/cpp_pubsub/src/subscriber_member_function.cpp:176:33:[m[K [01;31m[Kerror: [m[Kexpected â€˜[01m[K;[m[Kâ€™ before â€˜[01m[KtestParam[m[Kâ€™
  176 |     rclcpp::Parameter::Parameter[01;31m[K [m[K[32m[KtestParam[m[K;
      |                                 [01;31m[K^[m[K[32m[K~~~~~~~~~[m[K
      |                                 [32m[K;[m[K
[01m[K/home/rtsd-user/dev_ws/src/cpp_pubsub/src/subscriber_member_function.cpp:176:43:[m[K [01;31m[Kerror: [m[Kstatement cannot resolve address of overloaded function
  176 |     rclcpp::Parameter::Parameter testParam[01;31m[K;[m[K
      |                                           [01;31m[K^[m[K
[01m[K/home/rtsd-user/dev_ws/src/cpp_pubsub/src/subscriber_member_function.cpp:177:38:[m[K [01;31m[Kerror: [m[Kâ€˜[01m[KtestParam[m[Kâ€™ was not declared in this scope
  177 |     this->get_parameter("threshold", [01;31m[KtestParam[m[K);
      |                                      [01;31m[K^~~~~~~~~[m[K
make[2]: *** [CMakeFiles/listener.dir/build.make:63: CMakeFiles/listener.dir/src/subscriber_member_function.cpp.o] Error 1
make[1]: *** [CMakeFiles/Makefile2:80: CMakeFiles/listener.dir/all] Error 2
make: *** [Makefile:141: all] Error 2
