[0.024s] Invoking command in '/home/rtsd-user/dev_ws/build/cpp_pubsub': CMAKE_PREFIX_PATH=${CMAKE_PREFIX_PATH}:/opt/ros/galactic /usr/bin/cmake --build /home/rtsd-user/dev_ws/build/cpp_pubsub -- -j1 -l1
[0.144s] [35m[1mScanning dependencies of target listener[0m
[0.209s] [ 25%] [32mBuilding CXX object CMakeFiles/listener.dir/src/subscriber_member_function.cpp.o[0m
[5.626s] [01m[K/home/rtsd-user/dev_ws/src/cpp_pubsub/src/subscriber_member_function.cpp:[m[K In member function â€˜[01m[Kvoid MinimalSubscriber::topic_callback(sensor_msgs::msg::Image_<std::allocator<void> >::ConstSharedPtr) const[m[Kâ€™:
[5.626s] [01m[K/home/rtsd-user/dev_ws/src/cpp_pubsub/src/subscriber_member_function.cpp:172:75:[m[K [01;31m[Kerror: [m[Kâ€˜[01m[Kbgr8[m[Kâ€™ is not a member of â€˜[01m[Ksensor_msgs::image_encodings[m[Kâ€™
[5.627s]   172 | bridge = cv_bridge::CvImage(header, sensor_msgs::image_encodings::[01;31m[Kbgr8[m[K, cvImg);
[5.627s]       |                                                                   [01;31m[K^~~~[m[K
[5.627s] 
[5.627s] [01m[K/home/rtsd-user/dev_ws/src/cpp_pubsub/src/subscriber_member_function.cpp:173:37:[m[K [01;31m[Kerror: [m[Kno matching function for call to â€˜[01m[Kcv_bridge::CvImage::toImageMsg(cv_bridge::CvImage&)[m[Kâ€™
[5.628s]   173 |     img_bridge.toImageMsg(img_bridge[01;31m[K)[m[K; // from cv_bridge to sensor_msgs::Image
[5.628s]       |                                     [01;31m[K^[m[K
[5.628s] In file included from [01m[K/home/rtsd-user/dev_ws/src/cpp_pubsub/src/subscriber_member_function.cpp:27[m[K:
[5.628s] [01m[K/opt/ros/galactic/include/cv_bridge/cv_bridge.h:110:38:[m[K [01;36m[Knote: [m[Kcandidate: â€˜[01m[Ksensor_msgs::msg::Image_<std::allocator<void> >::SharedPtr cv_bridge::CvImage::toImageMsg() const[m[Kâ€™
[5.629s]   110 |   sensor_msgs::msg::Image::SharedPtr [01;36m[KtoImageMsg[m[K() const;
[5.629s]       |                                      [01;36m[K^~~~~~~~~~[m[K
[5.629s] [01m[K/opt/ros/galactic/include/cv_bridge/cv_bridge.h:110:38:[m[K [01;36m[Knote: [m[K  candidate expects 0 arguments, 1 provided
[5.629s] In file included from [01m[K/home/rtsd-user/dev_ws/src/cpp_pubsub/src/subscriber_member_function.cpp:27[m[K:
[5.629s] [01m[K/opt/ros/galactic/include/cv_bridge/cv_bridge.h:129:8:[m[K [01;36m[Knote: [m[Kcandidate: â€˜[01m[Kvoid cv_bridge::CvImage::toImageMsg(sensor_msgs::msg::Image&) const[m[Kâ€™
[5.630s]   129 |   void [01;36m[KtoImageMsg[m[K(sensor_msgs::msg::Image & ros_image) const;
[5.630s]       |        [01;36m[K^~~~~~~~~~[m[K
[5.630s] [01m[K/opt/ros/galactic/include/cv_bridge/cv_bridge.h:129:45:[m[K [01;36m[Knote: [m[K  no known conversion for argument 1 from â€˜[01m[Kcv_bridge::CvImage[m[Kâ€™ to â€˜[01m[Ksensor_msgs::msg::Image&[m[Kâ€™ {aka â€˜[01m[Ksensor_msgs::msg::Image_<std::allocator<void> >&[m[Kâ€™}
[5.630s]   129 |   void toImageMsg([01;36m[Ksensor_msgs::msg::Image & ros_image[m[K) const;
[5.631s]       |                   [01;36m[K~~~~~~~~~~~~~~~~~~~~~~~~~~^~~~~~~~~[m[K
[5.631s] [01m[K/home/rtsd-user/dev_ws/src/cpp_pubsub/src/subscriber_member_function.cpp:175:25:[m[K [01;31m[Kerror: [m[Kno match for â€˜[01m[Koperator*[m[Kâ€™ (operand type is â€˜[01m[Kcv::Mat[m[Kâ€™)
[5.632s]   175 |     publisher_->publish([01;31m[K*cvImg[m[K);
[5.632s]       |                         [01;31m[K^~~~~~[m[K
[5.633s] In file included from [01m[K/usr/include/opencv4/opencv2/core.hpp:57[m[K,
[5.633s]                  from [01m[K/usr/include/opencv4/opencv2/core/core.hpp:48[m[K,
[5.633s]                  from [01m[K/opt/ros/galactic/include/cv_bridge/cv_bridge.h:43[m[K,
[5.636s]                  from [01m[K/home/rtsd-user/dev_ws/src/cpp_pubsub/src/subscriber_member_function.cpp:27[m[K:
[5.637s] [01m[K/usr/include/opencv4/opencv2/core/matx.hpp:1237:17:[m[K [01;36m[Knote: [m[Kcandidate: â€˜[01m[Ktemplate<class _Tp, int m, int n> cv::Matx<_Tp, m, n> cv::operator*(const cv::Matx<_Tp, m, n>&, int)[m[Kâ€™
[5.637s]  1237 | Matx<_Tp, m, n> [01;36m[Koperator[m[K * (const Matx<_Tp, m, n>& a, int alpha)
[5.637s]       |                 [01;36m[K^~~~~~~~[m[K
[5.637s] [01m[K/usr/include/opencv4/opencv2/core/matx.hpp:1237:17:[m[K [01;36m[Knote: [m[K  template argument deduction/substitution failed:
[5.637s] [01m[K/home/rtsd-user/dev_ws/src/cpp_pubsub/src/subscriber_member_function.cpp:175:26:[m[K [01;36m[Knote: [m[K  â€˜[01m[Kcv::Mat[m[Kâ€™ is not derived from â€˜[01m[Kconst cv::Matx<_Tp, m, n>[m[Kâ€™
[5.637s]   175 |     publisher_->publish(*[01;36m[KcvImg[m[K);
[5.637s]       |                          [01;36m[K^~~~~[m[K
[5.637s] In file included from [01m[K/usr/include/opencv4/opencv2/core.hpp:57[m[K,
[5.638s]                  from [01m[K/usr/include/opencv4/opencv2/core/core.hpp:48[m[K,
[5.638s]                  from [01m[K/opt/ros/galactic/include/cv_bridge/cv_bridge.h:43[m[K,
[5.638s]                  from [01m[K/home/rtsd-user/dev_ws/src/cpp_pubsub/src/subscriber_member_function.cpp:27[m[K:
[5.643s] [01m[K/usr/include/opencv4/opencv2/core/matx.hpp:1243:17:[m[K [01;36m[Knote: [m[Kcandidate: â€˜[01m[Ktemplate<class _Tp, int m, int n> cv::Matx<_Tp, m, n> cv::operator*(const cv::Matx<_Tp, m, n>&, float)[m[Kâ€™
[5.643s]  1243 | Matx<_Tp, m, n> [01;36m[Koperator[m[K * (const Matx<_Tp, m, n>& a, float alpha)
[5.643s]       |                 [01;36m[K^~~~~~~~[m[K
[5.643s] [01m[K/usr/include/opencv4/opencv2/core/matx.hpp:1243:17:[m[K [01;36m[Knote: [m[K  template argument deduction/substitution failed:
[5.643s] [01m[K/home/rtsd-user/dev_ws/src/cpp_pubsub/src/subscriber_member_function.cpp:175:26:[m[K [01;36m[Knote: [m[K  â€˜[01m[Kcv::Mat[m[Kâ€™ is not derived from â€˜[01m[Kconst cv::Matx<_Tp, m, n>[m[Kâ€™
[5.643s]   175 |     publisher_->publish(*[01;36m[KcvImg[m[K);
[5.643s]       |                          [01;36m[K^~~~~[m[K
[5.644s] In file included from [01m[K/usr/include/opencv4/opencv2/core.hpp:57[m[K,
[5.660s]                  from [01m[K/usr/include/opencv4/opencv2/core/core.hpp:48[m[K,
[5.660s]                  from [01m[K/opt/ros/galactic/include/cv_bridge/cv_bridge.h:43[m[K,
[5.660s]                  from [01m[K/home/rtsd-user/dev_ws/src/cpp_pubsub/src/subscriber_member_function.cpp:27[m[K:
[5.660s] [01m[K/usr/include/opencv4/opencv2/core/matx.hpp:1249:17:[m[K [01;36m[Knote: [m[Kcandidate: â€˜[01m[Ktemplate<class _Tp, int m, int n> cv::Matx<_Tp, m, n> cv::operator*(const cv::Matx<_Tp, m, n>&, double)[m[Kâ€™
[5.660s]  1249 | Matx<_Tp, m, n> [01;36m[Koperator[m[K * (const Matx<_Tp, m, n>& a, double alpha)
[5.660s]       |                 [01;36m[K^~~~~~~~[m[K
[5.660s] [01m[K/usr/include/opencv4/opencv2/core/matx.hpp:1249:17:[m[K [01;36m[Knote: [m[K  template argument deduction/substitution failed:
[5.661s] [01m[K/home/rtsd-user/dev_ws/src/cpp_pubsub/src/subscriber_member_function.cpp:175:26:[m[K [01;36m[Knote: [m[K  â€˜[01m[Kcv::Mat[m[Kâ€™ is not derived from â€˜[01m[Kconst cv::Matx<_Tp, m, n>[m[Kâ€™
[5.661s]   175 |     publisher_->publish(*[01;36m[KcvImg[m[K);
[5.661s]       |                          [01;36m[K^~~~~[m[K
[5.661s] In file included from [01m[K/usr/include/opencv4/opencv2/core.hpp:57[m[K,
[5.661s]                  from [01m[K/usr/include/opencv4/opencv2/core/core.hpp:48[m[K,
[5.661s]                  from [01m[K/opt/ros/galactic/include/cv_bridge/cv_bridge.h:43[m[K,
[5.661s]                  from [01m[K/home/rtsd-user/dev_ws/src/cpp_pubsub/src/subscriber_member_function.cpp:27[m[K:
[5.661s] [01m[K/usr/include/opencv4/opencv2/core/matx.hpp:1255:17:[m[K [01;36m[Knote: [m[Kcandidate: â€˜[01m[Ktemplate<class _Tp, int m, int n> cv::Matx<_Tp, m, n> cv::operator*(int, const cv::Matx<_Tp, m, n>&)[m[Kâ€™
[5.662s]  1255 | Matx<_Tp, m, n> [01;36m[Koperator[m[K * (int alpha, const Matx<_Tp, m, n>& a)
[5.662s]       |                 [01;36m[K^~~~~~~~[m[K
[5.662s] [01m[K/usr/include/opencv4/opencv2/core/matx.hpp:1255:17:[m[K [01;36m[Knote: [m[K  template argument deduction/substitution failed:
[5.662s] [01m[K/home/rtsd-user/dev_ws/src/cpp_pubsub/src/subscriber_member_function.cpp:175:26:[m[K [01;36m[Knote: [m[K  candidate expects 2 arguments, 1 provided
[5.662s]   175 |     publisher_->publish(*[01;36m[KcvImg[m[K);
[5.662s]       |                          [01;36m[K^~~~~[m[K
[5.662s] In file included from [01m[K/usr/include/opencv4/opencv2/core.hpp:57[m[K,
[5.663s]                  from [01m[K/usr/include/opencv4/opencv2/core/core.hpp:48[m[K,
[5.663s]                  from [01m[K/opt/ros/galactic/include/cv_bridge/cv_bridge.h:43[m[K,
[5.670s]                  from [01m[K/home/rtsd-user/dev_ws/src/cpp_pubsub/src/subscriber_member_function.cpp:27[m[K:
[5.670s] [01m[K/usr/include/opencv4/opencv2/core/matx.hpp:1261:17:[m[K [01;36m[Knote: [m[Kcandidate: â€˜[01m[Ktemplate<class _Tp, int m, int n> cv::Matx<_Tp, m, n> cv::operator*(float, const cv::Matx<_Tp, m, n>&)[m[Kâ€™
[5.671s]  1261 | Matx<_Tp, m, n> [01;36m[Koperator[m[K * (float alpha, const Matx<_Tp, m, n>& a)
[5.671s]       |                 [01;36m[K^~~~~~~~[m[K
[5.671s] [01m[K/usr/include/opencv4/opencv2/core/matx.hpp:1261:17:[m[K [01;36m[Knote: [m[K  template argument deduction/substitution failed:
[5.671s] [01m[K/home/rtsd-user/dev_ws/src/cpp_pubsub/src/subscriber_member_function.cpp:175:26:[m[K [01;36m[Knote: [m[K  candidate expects 2 arguments, 1 provided
[5.671s]   175 |     publisher_->publish(*[01;36m[KcvImg[m[K);
[5.671s]       |                          [01;36m[K^~~~~[m[K
[5.671s] In file included from [01m[K/usr/include/opencv4/opencv2/core.hpp:57[m[K,
[5.671s]                  from [01m[K/usr/include/opencv4/opencv2/core/core.hpp:48[m[K,
[5.672s]                  from [01m[K/opt/ros/galactic/include/cv_bridge/cv_bridge.h:43[m[K,
[5.672s]                  from [01m[K/home/rtsd-user/dev_ws/src/cpp_pubsub/src/subscriber_member_function.cpp:27[m[K:
[5.672s] [01m[K/usr/include/opencv4/opencv2/core/matx.hpp:1267:17:[m[K [01;36m[Knote: [m[Kcandidate: â€˜[01m[Ktemplate<class _Tp, int m, int n> cv::Matx<_Tp, m, n> cv::operator*(double, const cv::Matx<_Tp, m, n>&)[m[Kâ€™
[5.672s]  1267 | Matx<_Tp, m, n> [01;36m[Koperator[m[K * (double alpha, const Matx<_Tp, m, n>& a)
[5.672s]       |                 [01;36m[K^~~~~~~~[m[K
[5.673s] [01m[K/usr/include/opencv4/opencv2/core/matx.hpp:1267:17:[m[K [01;36m[Knote: [m[K  template argument deduction/substitution failed:
[5.673s] [01m[K/home/rtsd-user/dev_ws/src/cpp_pubsub/src/subscriber_member_function.cpp:175:26:[m[K [01;36m[Knote: [m[K  candidate expects 2 arguments, 1 provided
[5.673s]   175 |     publisher_->publish(*[01;36m[KcvImg[m[K);
[5.673s]       |                          [01;36m[K^~~~~[m[K
[5.673s] In file included from [01m[K/usr/include/opencv4/opencv2/core.hpp:57[m[K,
[5.673s]                  from [01m[K/usr/include/opencv4/opencv2/core/core.hpp:48[m[K,
[5.673s]                  from [01m[K/opt/ros/galactic/include/cv_bridge/cv_bridge.h:43[m[K,
[5.673s]                  from [01m[K/home/rtsd-user/dev_ws/src/cpp_pubsub/src/subscriber_member_function.cpp:27[m[K:
[5.674s] [01m[K/usr/include/opencv4/opencv2/core/matx.hpp:1279:17:[m[K [01;36m[Knote: [m[Kcandidate: â€˜[01m[Ktemplate<class _Tp, int m, int n, int l> cv::Matx<_Tp, m, n> cv::operator*(const cv::Matx<_Tp, m, l>&, const cv::Matx<_Tp, l, n>&)[m[Kâ€™
[5.674s]  1279 | Matx<_Tp, m, n> [01;36m[Koperator[m[K * (const Matx<_Tp, m, l>& a, const Matx<_Tp, l, n>& b)
[5.674s]       |                 [01;36m[K^~~~~~~~[m[K
[5.676s] [01m[K/usr/include/opencv4/opencv2/core/matx.hpp:1279:17:[m[K [01;36m[Knote: [m[K  template argument deduction/substitution failed:
[5.676s] [01m[K/home/rtsd-user/dev_ws/src/cpp_pubsub/src/subscriber_member_function.cpp:175:26:[m[K [01;36m[Knote: [m[K  â€˜[01m[Kcv::Mat[m[Kâ€™ is not derived from â€˜[01m[Kconst cv::Matx<_Tp, m, l>[m[Kâ€™
[5.677s]   175 |     publisher_->publish(*[01;36m[KcvImg[m[K);
[5.677s]       |                          [01;36m[K^~~~~[m[K
[5.677s] In file included from [01m[K/usr/include/opencv4/opencv2/core.hpp:57[m[K,
[5.677s]                  from [01m[K/usr/include/opencv4/opencv2/core/core.hpp:48[m[K,
[5.677s]                  from [01m[K/opt/ros/galactic/include/cv_bridge/cv_bridge.h:43[m[K,
[5.677s]                  from [01m[K/home/rtsd-user/dev_ws/src/cpp_pubsub/src/subscriber_member_function.cpp:27[m[K:
[5.677s] [01m[K/usr/include/opencv4/opencv2/core/matx.hpp:1285:13:[m[K [01;36m[Knote: [m[Kcandidate: â€˜[01m[Ktemplate<class _Tp, int m, int n> cv::Vec<_Tp, m> cv::operator*(const cv::Matx<_Tp, m, n>&, const cv::Vec<_Tp, n>&)[m[Kâ€™
[5.677s]  1285 | Vec<_Tp, m> [01;36m[Koperator[m[K * (const Matx<_Tp, m, n>& a, const Vec<_Tp, n>& b)
[5.678s]       |             [01;36m[K^~~~~~~~[m[K
[5.678s] [01m[K/usr/include/opencv4/opencv2/core/matx.hpp:1285:13:[m[K [01;36m[Knote: [m[K  template argument deduction/substitution failed:
[5.678s] [01m[K/home/rtsd-user/dev_ws/src/cpp_pubsub/src/subscriber_member_function.cpp:175:26:[m[K [01;36m[Knote: [m[K  â€˜[01m[Kcv::Mat[m[Kâ€™ is not derived from â€˜[01m[Kconst cv::Matx<_Tp, m, n>[m[Kâ€™
[5.693s]   175 |     publisher_->publish(*[01;36m[KcvImg[m[K);
[5.693s]       |                          [01;36m[K^~~~~[m[K
[5.694s] In file included from [01m[K/usr/include/opencv4/opencv2/core.hpp:57[m[K,
[5.694s]                  from [01m[K/usr/include/opencv4/opencv2/core/core.hpp:48[m[K,
[5.694s]                  from [01m[K/opt/ros/galactic/include/cv_bridge/cv_bridge.h:43[m[K,
[5.694s]                  from [01m[K/home/rtsd-user/dev_ws/src/cpp_pubsub/src/subscriber_member_function.cpp:27[m[K:
[5.694s] [01m[K/usr/include/opencv4/opencv2/core/matx.hpp:1392:14:[m[K [01;36m[Knote: [m[Kcandidate: â€˜[01m[Ktemplate<class _Tp, int cn> cv::Vec<_Tp, m> cv::operator*(const cv::Vec<_Tp, m>&, int)[m[Kâ€™
[5.695s]  1392 | Vec<_Tp, cn> [01;36m[Koperator[m[K * (const Vec<_Tp, cn>& a, int alpha)
[5.695s]       |              [01;36m[K^~~~~~~~[m[K
[5.695s] [01m[K/usr/include/opencv4/opencv2/core/matx.hpp:1392:14:[m[K [01;36m[Knote: [m[K  template argument deduction/substitution failed:
[5.695s] [01m[K/home/rtsd-user/dev_ws/src/cpp_pubsub/src/subscriber_member_function.cpp:175:26:[m[K [01;36m[Knote: [m[K  â€˜[01m[Kcv::Mat[m[Kâ€™ is not derived from â€˜[01m[Kconst cv::Vec<_Tp, m>[m[Kâ€™
[5.697s]   175 |     publisher_->publish(*[01;36m[KcvImg[m[K);
[5.698s]       |                          [01;36m[K^~~~~[m[K
[5.698s] In file included from [01m[K/usr/include/opencv4/opencv2/core.hpp:57[m[K,
[5.698s]                  from [01m[K/usr/include/opencv4/opencv2/core/core.hpp:48[m[K,
[5.698s]                  from [01m[K/opt/ros/galactic/include/cv_bridge/cv_bridge.h:43[m[K,
[5.698s]                  from [01m[K/home/rtsd-user/dev_ws/src/cpp_pubsub/src/subscriber_member_function.cpp:27[m[K:
[5.699s] [01m[K/usr/include/opencv4/opencv2/core/matx.hpp:1398:14:[m[K [01;36m[Knote: [m[Kcandidate: â€˜[01m[Ktemplate<class _Tp, int cn> cv::Vec<_Tp, m> cv::operator*(int, const cv::Vec<_Tp, m>&)[m[Kâ€™
[5.699s]  1398 | Vec<_Tp, cn> [01;36m[Koperator[m[K * (int alpha, const Vec<_Tp, cn>& a)
[5.699s]       |              [01;36m[K^~~~~~~~[m[K
[5.699s] [01m[K/usr/include/opencv4/opencv2/core/matx.hpp:1398:14:[m[K [01;36m[Knote: [m[K  template argument deduction/substitution failed:
[5.699s] [01m[K/home/rtsd-user/dev_ws/src/cpp_pubsub/src/subscriber_member_function.cpp:175:26:[m[K [01;36m[Knote: [m[K  candidate expects 2 arguments, 1 provided
[5.699s]   175 |     publisher_->publish(*[01;36m[KcvImg[m[K);
[5.699s]       |                          [01;36m[K^~~~~[m[K
[5.700s] In file included from [01m[K/usr/include/opencv4/opencv2/core.hpp:57[m[K,
[5.700s]                  from [01m[K/usr/include/opencv4/opencv2/core/core.hpp:48[m[K,
[5.700s]                  from [01m[K/opt/ros/galactic/include/cv_bridge/cv_bridge.h:43[m[K,
[5.700s]                  from [01m[K/home/rtsd-user/dev_ws/src/cpp_pubsub/src/subscriber_member_function.cpp:27[m[K:
[5.701s] [01m[K/usr/include/opencv4/opencv2/core/matx.hpp:1404:14:[m[K [01;36m[Knote: [m[Kcandidate: â€˜[01m[Ktemplate<class _Tp, int cn> cv::Vec<_Tp, m> cv::operator*(const cv::Vec<_Tp, m>&, float)[m[Kâ€™
[5.701s]  1404 | Vec<_Tp, cn> [01;36m[Koperator[m[K * (const Vec<_Tp, cn>& a, float alpha)
[5.701s]       |              [01;36m[K^~~~~~~~[m[K
[5.701s] [01m[K/usr/include/opencv4/opencv2/core/matx.hpp:1404:14:[m[K [01;36m[Knote: [m[K  template argument deduction/substitution failed:
[5.701s] [01m[K/home/rtsd-user/dev_ws/src/cpp_pubsub/src/subscriber_member_function.cpp:175:26:[m[K [01;36m[Knote: [m[K  â€˜[01m[Kcv::Mat[m[Kâ€™ is not derived from â€˜[01m[Kconst cv::Vec<_Tp, m>[m[Kâ€™
[5.701s]   175 |     publisher_->publish(*[01;36m[KcvImg[m[K);
[5.703s]       |                          [01;36m[K^~~~~[m[K
[5.704s] In file included from [01m[K/usr/include/opencv4/opencv2/core.hpp:57[m[K,
[5.704s]                  from [01m[K/usr/include/opencv4/opencv2/core/core.hpp:48[m[K,
[5.704s]                  from [01m[K/opt/ros/galactic/include/cv_bridge/cv_bridge.h:43[m[K,
[5.704s]                  from [01m[K/home/rtsd-user/dev_ws/src/cpp_pubsub/src/subscriber_member_function.cpp:27[m[K:
[5.704s] [01m[K/usr/include/opencv4/opencv2/core/matx.hpp:1410:14:[m[K [01;36m[Knote: [m[Kcandidate: â€˜[01m[Ktemplate<class _Tp, int cn> cv::Vec<_Tp, m> cv::operator*(float, const cv::Vec<_Tp, m>&)[m[Kâ€™
[5.704s]  1410 | Vec<_Tp, cn> [01;36m[Koperator[m[K * (float alpha, const Vec<_Tp, cn>& a)
[5.705s]       |              [01;36m[K^~~~~~~~[m[K
[5.705s] [01m[K/usr/include/opencv4/opencv2/core/matx.hpp:1410:14:[m[K [01;36m[Knote: [m[K  template argument deduction/substitution failed:
[5.705s] [01m[K/home/rtsd-user/dev_ws/src/cpp_pubsub/src/subscriber_member_function.cpp:175:26:[m[K [01;36m[Knote: [m[K  candidate expects 2 arguments, 1 provided
[5.705s]   175 |     publisher_->publish(*[01;36m[KcvImg[m[K);
[5.705s]       |                          [01;36m[K^~~~~[m[K
[5.705s] In file included from [01m[K/usr/include/opencv4/opencv2/core.hpp:57[m[K,
[5.707s]                  from [01m[K/usr/include/opencv4/opencv2/core/core.hpp:48[m[K,
[5.708s]                  from [01m[K/opt/ros/galactic/include/cv_bridge/cv_bridge.h:43[m[K,
[5.708s]                  from [01m[K/home/rtsd-user/dev_ws/src/cpp_pubsub/src/subscriber_member_function.cpp:27[m[K:
[5.709s] [01m[K/usr/include/opencv4/opencv2/core/matx.hpp:1416:14:[m[K [01;36m[Knote: [m[Kcandidate: â€˜[01m[Ktemplate<class _Tp, int cn> cv::Vec<_Tp, m> cv::operator*(const cv::Vec<_Tp, m>&, double)[m[Kâ€™
[5.709s]  1416 | Vec<_Tp, cn> [01;36m[Koperator[m[K * (const Vec<_Tp, cn>& a, double alpha)
[5.710s]       |              [01;36m[K^~~~~~~~[m[K
[5.710s] [01m[K/usr/include/opencv4/opencv2/core/matx.hpp:1416:14:[m[K [01;36m[Knote: [m[K  template argument deduction/substitution failed:
[5.710s] [01m[K/home/rtsd-user/dev_ws/src/cpp_pubsub/src/subscriber_member_function.cpp:175:26:[m[K [01;36m[Knote: [m[K  â€˜[01m[Kcv::Mat[m[Kâ€™ is not derived from â€˜[01m[Kconst cv::Vec<_Tp, m>[m[Kâ€™
[5.710s]   175 |     publisher_->publish(*[01;36m[KcvImg[m[K);
[5.710s]       |                          [01;36m[K^~~~~[m[K
[5.711s] In file included from [01m[K/usr/include/opencv4/opencv2/core.hpp:57[m[K,
[5.712s]                  from [01m[K/usr/include/opencv4/opencv2/core/core.hpp:48[m[K,
[5.712s]                  from [01m[K/opt/ros/galactic/include/cv_bridge/cv_bridge.h:43[m[K,
[5.712s]                  from [01m[K/home/rtsd-user/dev_ws/src/cpp_pubsub/src/subscriber_member_function.cpp:27[m[K:
[5.712s] [01m[K/usr/include/opencv4/opencv2/core/matx.hpp:1422:14:[m[K [01;36m[Knote: [m[Kcandidate: â€˜[01m[Ktemplate<class _Tp, int cn> cv::Vec<_Tp, m> cv::operator*(double, const cv::Vec<_Tp, m>&)[m[Kâ€™
[5.713s]  1422 | Vec<_Tp, cn> [01;36m[Koperator[m[K * (double alpha, const Vec<_Tp, cn>& a)
[5.713s]       |              [01;36m[K^~~~~~~~[m[K
[5.713s] [01m[K/usr/include/opencv4/opencv2/core/matx.hpp:1422:14:[m[K [01;36m[Knote: [m[K  template argument deduction/substitution failed:
[5.713s] [01m[K/home/rtsd-user/dev_ws/src/cpp_pubsub/src/subscriber_member_function.cpp:175:26:[m[K [01;36m[Knote: [m[K  candidate expects 2 arguments, 1 provided
[5.716s]   175 |     publisher_->publish(*[01;36m[KcvImg[m[K);
[5.716s]       |                          [01;36m[K^~~~~[m[K
[5.716s] In file included from [01m[K/usr/include/opencv4/opencv2/core.hpp:57[m[K,
[5.716s]                  from [01m[K/usr/include/opencv4/opencv2/core/core.hpp:48[m[K,
[5.717s]                  from [01m[K/opt/ros/galactic/include/cv_bridge/cv_bridge.h:43[m[K,
[5.717s]                  from [01m[K/home/rtsd-user/dev_ws/src/cpp_pubsub/src/subscriber_member_function.cpp:27[m[K:
[5.724s] [01m[K/usr/include/opencv4/opencv2/core/matx.hpp:1453:43:[m[K [01;36m[Knote: [m[Kcandidate: â€˜[01m[Ktemplate<class _Tp> cv::Vec<_Tp, 4> cv::operator*(const cv::Vec<_Tp, 4>&, const cv::Vec<_Tp, 4>&)[m[Kâ€™
[5.724s]  1453 | template<typename _Tp> inline Vec<_Tp, 4> [01;36m[Koperator[m[K * (const Vec<_Tp, 4>& v1, const Vec<_Tp, 4>& v2)
[5.724s]       |                                           [01;36m[K^~~~~~~~[m[K
[5.724s] [01m[K/usr/include/opencv4/opencv2/core/matx.hpp:1453:43:[m[K [01;36m[Knote: [m[K  template argument deduction/substitution failed:
[5.725s] [01m[K/home/rtsd-user/dev_ws/src/cpp_pubsub/src/subscriber_member_function.cpp:175:26:[m[K [01;36m[Knote: [m[K  â€˜[01m[Kcv::Mat[m[Kâ€™ is not derived from â€˜[01m[Kconst cv::Vec<_Tp, 4>[m[Kâ€™
[5.725s]   175 |     publisher_->publish(*[01;36m[KcvImg[m[K);
[5.725s]       |                          [01;36m[K^~~~~[m[K
[5.725s] In file included from [01m[K/usr/include/opencv4/opencv2/core.hpp:58[m[K,
[5.725s]                  from [01m[K/usr/include/opencv4/opencv2/core/core.hpp:48[m[K,
[5.725s]                  from [01m[K/opt/ros/galactic/include/cv_bridge/cv_bridge.h:43[m[K,
[5.725s]                  from [01m[K/home/rtsd-user/dev_ws/src/cpp_pubsub/src/subscriber_member_function.cpp:27[m[K:
[5.726s] [01m[K/usr/include/opencv4/opencv2/core/types.hpp:1057:14:[m[K [01;36m[Knote: [m[Kcandidate: â€˜[01m[Ktemplate<class _Tp> cv::Complex<_Tp> cv::operator*(const cv::Complex<_Tp>&, const cv::Complex<_Tp>&)[m[Kâ€™
[5.726s]  1057 | Complex<_Tp> [01;36m[Koperator[m[K * (const Complex<_Tp>& a, const Complex<_Tp>& b)
[5.726s]       |              [01;36m[K^~~~~~~~[m[K
[5.726s] [01m[K/usr/include/opencv4/opencv2/core/types.hpp:1057:14:[m[K [01;36m[Knote: [m[K  template argument deduction/substitution failed:
[5.726s] [01m[K/home/rtsd-user/dev_ws/src/cpp_pubsub/src/subscriber_member_function.cpp:175:26:[m[K [01;36m[Knote: [m[K  â€˜[01m[Kcv::Mat[m[Kâ€™ is not derived from â€˜[01m[Kconst cv::Complex<_Tp>[m[Kâ€™
[5.726s]   175 |     publisher_->publish(*[01;36m[KcvImg[m[K);
[5.726s]       |                          [01;36m[K^~~~~[m[K
[5.727s] In file included from [01m[K/usr/include/opencv4/opencv2/core.hpp:58[m[K,
[5.727s]                  from [01m[K/usr/include/opencv4/opencv2/core/core.hpp:48[m[K,
[5.727s]                  from [01m[K/opt/ros/galactic/include/cv_bridge/cv_bridge.h:43[m[K,
[5.727s]                  from [01m[K/home/rtsd-user/dev_ws/src/cpp_pubsub/src/subscriber_member_function.cpp:27[m[K:
[5.727s] [01m[K/usr/include/opencv4/opencv2/core/types.hpp:1063:14:[m[K [01;36m[Knote: [m[Kcandidate: â€˜[01m[Ktemplate<class _Tp> cv::Complex<_Tp> cv::operator*(const cv::Complex<_Tp>&, _Tp)[m[Kâ€™
[5.727s]  1063 | Complex<_Tp> [01;36m[Koperator[m[K * (const Complex<_Tp>& a, _Tp b)
[5.728s]       |              [01;36m[K^~~~~~~~[m[K
[5.728s] [01m[K/usr/include/opencv4/opencv2/core/types.hpp:1063:14:[m[K [01;36m[Knote: [m[K  template argument deduction/substitution failed:
[5.728s] [01m[K/home/rtsd-user/dev_ws/src/cpp_pubsub/src/subscriber_member_function.cpp:175:26:[m[K [01;36m[Knote: [m[K  â€˜[01m[Kcv::Mat[m[Kâ€™ is not derived from â€˜[01m[Kconst cv::Complex<_Tp>[m[Kâ€™
[5.728s]   175 |     publisher_->publish(*[01;36m[KcvImg[m[K);
[5.728s]       |                          [01;36m[K^~~~~[m[K
[5.728s] In file included from [01m[K/usr/include/opencv4/opencv2/core.hpp:58[m[K,
[5.728s]                  from [01m[K/usr/include/opencv4/opencv2/core/core.hpp:48[m[K,
[5.729s]                  from [01m[K/opt/ros/galactic/include/cv_bridge/cv_bridge.h:43[m[K,
[5.729s]                  from [01m[K/home/rtsd-user/dev_ws/src/cpp_pubsub/src/subscriber_member_function.cpp:27[m[K:
[5.729s] [01m[K/usr/include/opencv4/opencv2/core/types.hpp:1069:14:[m[K [01;36m[Knote: [m[Kcandidate: â€˜[01m[Ktemplate<class _Tp> cv::Complex<_Tp> cv::operator*(_Tp, const cv::Complex<_Tp>&)[m[Kâ€™
[5.729s]  1069 | Complex<_Tp> [01;36m[Koperator[m[K * (_Tp b, const Complex<_Tp>& a)
[5.729s]       |              [01;36m[K^~~~~~~~[m[K
[5.729s] [01m[K/usr/include/opencv4/opencv2/core/types.hpp:1069:14:[m[K [01;36m[Knote: [m[K  template argument deduction/substitution failed:
[5.729s] [01m[K/home/rtsd-user/dev_ws/src/cpp_pubsub/src/subscriber_member_function.cpp:175:26:[m[K [01;36m[Knote: [m[K  candidate expects 2 arguments, 1 provided
[5.729s]   175 |     publisher_->publish(*[01;36m[KcvImg[m[K);
[5.732s]       |                          [01;36m[K^~~~~[m[K
[5.732s] In file included from [01m[K/usr/include/opencv4/opencv2/core.hpp:58[m[K,
[5.732s]                  from [01m[K/usr/include/opencv4/opencv2/core/core.hpp:48[m[K,
[5.732s]                  from [01m[K/opt/ros/galactic/include/cv_bridge/cv_bridge.h:43[m[K,
[5.732s]                  from [01m[K/home/rtsd-user/dev_ws/src/cpp_pubsub/src/subscriber_member_function.cpp:27[m[K:
[5.732s] [01m[K/usr/include/opencv4/opencv2/core/types.hpp:1335:13:[m[K [01;36m[Knote: [m[Kcandidate: â€˜[01m[Ktemplate<class _Tp> cv::Point_<_Tp> cv::operator*(const cv::Point_<_Tp>&, int)[m[Kâ€™
[5.733s]  1335 | Point_<_Tp> [01;36m[Koperator[m[K * (const Point_<_Tp>& a, int b)
[5.733s]       |             [01;36m[K^~~~~~~~[m[K
[5.733s] [01m[K/usr/include/opencv4/opencv2/core/types.hpp:1335:13:[m[K [01;36m[Knote: [m[K  template argument deduction/substitution failed:
[5.733s] [01m[K/home/rtsd-user/dev_ws/src/cpp_pubsub/src/subscriber_member_function.cpp:175:26:[m[K [01;36m[Knote: [m[K  â€˜[01m[Kcv::Mat[m[Kâ€™ is not derived from â€˜[01m[Kconst cv::Point_<_Tp>[m[Kâ€™
[5.733s]   175 |     publisher_->publish(*[01;36m[KcvImg[m[K);
[5.733s]       |                          [01;36m[K^~~~~[m[K
[5.733s] In file included from [01m[K/usr/include/opencv4/opencv2/core.hpp:58[m[K,
[5.736s]                  from [01m[K/usr/include/opencv4/opencv2/core/core.hpp:48[m[K,
[5.736s]                  from [01m[K/opt/ros/galactic/include/cv_bridge/cv_bridge.h:43[m[K,
[5.736s]                  from [01m[K/home/rtsd-user/dev_ws/src/cpp_pubsub/src/subscriber_member_function.cpp:27[m[K:
[5.736s] [01m[K/usr/include/opencv4/opencv2/core/types.hpp:1341:13:[m[K [01;36m[Knote: [m[Kcandidate: â€˜[01m[Ktemplate<class _Tp> cv::Point_<_Tp> cv::operator*(int, const cv::Point_<_Tp>&)[m[Kâ€™
[5.737s]  1341 | Point_<_Tp> [01;36m[Koperator[m[K * (int a, const Point_<_Tp>& b)
[5.737s]       |             [01;36m[K^~~~~~~~[m[K
[5.737s] [01m[K/usr/include/opencv4/opencv2/core/types.hpp:1341:13:[m[K [01;36m[Knote: [m[K  template argument deduction/substitution failed:
[5.737s] [01m[K/home/rtsd-user/dev_ws/src/cpp_pubsub/src/subscriber_member_function.cpp:175:26:[m[K [01;36m[Knote: [m[K  candidate expects 2 arguments, 1 provided
[5.737s]   175 |     publisher_->publish(*[01;36m[KcvImg[m[K);
[5.737s]       |                          [01;36m[K^~~~~[m[K
[5.737s] In file included from [01m[K/usr/include/opencv4/opencv2/core.hpp:58[m[K,
[5.739s]                  from [01m[K/usr/include/opencv4/opencv2/core/core.hpp:48[m[K,
[5.740s]                  from [01m[K/opt/ros/galactic/include/cv_bridge/cv_bridge.h:43[m[K,
[5.740s]                  from [01m[K/home/rtsd-user/dev_ws/src/cpp_pubsub/src/subscriber_member_function.cpp:27[m[K:
[5.740s] [01m[K/usr/include/opencv4/opencv2/core/types.hpp:1347:13:[m[K [01;36m[Knote: [m[Kcandidate: â€˜[01m[Ktemplate<class _Tp> cv::Point_<_Tp> cv::operator*(const cv::Point_<_Tp>&, float)[m[Kâ€™
[5.740s]  1347 | Point_<_Tp> [01;36m[Koperator[m[K * (const Point_<_Tp>& a, float b)
[5.740s]       |             [01;36m[K^~~~~~~~[m[K
[5.740s] [01m[K/usr/include/opencv4/opencv2/core/types.hpp:1347:13:[m[K [01;36m[Knote: [m[K  template argument deduction/substitution failed:
[5.740s] [01m[K/home/rtsd-user/dev_ws/src/cpp_pubsub/src/subscriber_member_function.cpp:175:26:[m[K [01;36m[Knote: [m[K  â€˜[01m[Kcv::Mat[m[Kâ€™ is not derived from â€˜[01m[Kconst cv::Point_<_Tp>[m[Kâ€™
[5.741s]   175 |     publisher_->publish(*[01;36m[KcvImg[m[K);
[5.741s]       |                          [01;36m[K^~~~~[m[K
[5.741s] In file included from [01m[K/usr/include/opencv4/opencv2/core.hpp:58[m[K,
[5.741s]                  from [01m[K/usr/include/opencv4/opencv2/core/core.hpp:48[m[K,
[5.754s]                  from [01m[K/opt/ros/galactic/include/cv_bridge/cv_bridge.h:43[m[K,
[5.754s]                  from [01m[K/home/rtsd-user/dev_ws/src/cpp_pubsub/src/subscriber_member_function.cpp:27[m[K:
[5.754s] [01m[K/usr/include/opencv4/opencv2/core/types.hpp:1353:13:[m[K [01;36m[Knote: [m[Kcandidate: â€˜[01m[Ktemplate<class _Tp> cv::Point_<_Tp> cv::operator*(float, const cv::Point_<_Tp>&)[m[Kâ€™
[5.754s]  1353 | Point_<_Tp> [01;36m[Koperator[m[K * (float a, const Point_<_Tp>& b)
[5.755s]       |             [01;36m[K^~~~~~~~[m[K
[5.755s] [01m[K/usr/include/opencv4/opencv2/core/types.hpp:1353:13:[m[K [01;36m[Knote: [m[K  template argument deduction/substitution failed:
[5.755s] [01m[K/home/rtsd-user/dev_ws/src/cpp_pubsub/src/subscriber_member_function.cpp:175:26:[m[K [01;36m[Knote: [m[K  candidate expects 2 arguments, 1 provided
[5.755s]   175 |     publisher_->publish(*[01;36m[KcvImg[m[K);
[5.755s]       |                          [01;36m[K^~~~~[m[K
[5.755s] In file included from [01m[K/usr/include/opencv4/opencv2/core.hpp:58[m[K,
[5.755s]                  from [01m[K/usr/include/opencv4/opencv2/core/core.hpp:48[m[K,
[5.755s]                  from [01m[K/opt/ros/galactic/include/cv_bridge/cv_bridge.h:43[m[K,
[5.756s]                  from [01m[K/home/rtsd-user/dev_ws/src/cpp_pubsub/src/subscriber_member_function.cpp:27[m[K:
[5.756s] [01m[K/usr/include/opencv4/opencv2/core/types.hpp:1359:13:[m[K [01;36m[Knote: [m[Kcandidate: â€˜[01m[Ktemplate<class _Tp> cv::Point_<_Tp> cv::operator*(const cv::Point_<_Tp>&, double)[m[Kâ€™
[5.759s]  1359 | Point_<_Tp> [01;36m[Koperator[m[K * (const Point_<_Tp>& a, double b)
[5.759s]       |             [01;36m[K^~~~~~~~[m[K
[5.759s] [01m[K/usr/include/opencv4/opencv2/core/types.hpp:1359:13:[m[K [01;36m[Knote: [m[K  template argument deduction/substitution failed:
[5.759s] [01m[K/home/rtsd-user/dev_ws/src/cpp_pubsub/src/subscriber_member_function.cpp:175:26:[m[K [01;36m[Knote: [m[K  â€˜[01m[Kcv::Mat[m[Kâ€™ is not derived from â€˜[01m[Kconst cv::Point_<_Tp>[m[Kâ€™
[5.759s]   175 |     publisher_->publish(*[01;36m[KcvImg[m[K);
[5.759s]       |                          [01;36m[K^~~~~[m[K
[5.759s] In file included from [01m[K/usr/include/opencv4/opencv2/core.hpp:58[m[K,
[5.760s]                  from [01m[K/usr/include/opencv4/opencv2/core/core.hpp:48[m[K,
[5.760s]                  from [01m[K/opt/ros/galactic/include/cv_bridge/cv_bridge.h:43[m[K,
[5.760s]                  from [01m[K/home/rtsd-user/dev_ws/src/cpp_pubsub/src/subscriber_member_function.cpp:27[m[K:
[5.760s] [01m[K/usr/include/opencv4/opencv2/core/types.hpp:1365:13:[m[K [01;36m[Knote: [m[Kcandidate: â€˜[01m[Ktemplate<class _Tp> cv::Point_<_Tp> cv::operator*(double, const cv::Point_<_Tp>&)[m[Kâ€™
[5.760s]  1365 | Point_<_Tp> [01;36m[Koperator[m[K * (double a, const Point_<_Tp>& b)
[5.760s]       |             [01;36m[K^~~~~~~~[m[K
[5.760s] [01m[K/usr/include/opencv4/opencv2/core/types.hpp:1365:13:[m[K [01;36m[Knote: [m[K  template argument deduction/substitution failed:
[5.761s] [01m[K/home/rtsd-user/dev_ws/src/cpp_pubsub/src/subscriber_member_function.cpp:175:26:[m[K [01;36m[Knote: [m[K  candidate expects 2 arguments, 1 provided
[5.761s]   175 |     publisher_->publish(*[01;36m[KcvImg[m[K);
[5.761s]       |                          [01;36m[K^~~~~[m[K
[5.761s] In file included from [01m[K/usr/include/opencv4/opencv2/core.hpp:58[m[K,
[5.761s]                  from [01m[K/usr/include/opencv4/opencv2/core/core.hpp:48[m[K,
[5.761s]                  from [01m[K/opt/ros/galactic/include/cv_bridge/cv_bridge.h:43[m[K,
[5.761s]                  from [01m[K/home/rtsd-user/dev_ws/src/cpp_pubsub/src/subscriber_member_function.cpp:27[m[K:
[5.761s] [01m[K/usr/include/opencv4/opencv2/core/types.hpp:1371:13:[m[K [01;36m[Knote: [m[Kcandidate: â€˜[01m[Ktemplate<class _Tp> cv::Point_<_Tp> cv::operator*(const cv::Matx<_Tp, 2, 2>&, const cv::Point_<_Tp>&)[m[Kâ€™
[5.761s]  1371 | Point_<_Tp> [01;36m[Koperator[m[K * (const Matx<_Tp, 2, 2>& a, const Point_<_Tp>& b)
[5.762s]       |             [01;36m[K^~~~~~~~[m[K
[5.764s] [01m[K/usr/include/opencv4/opencv2/core/types.hpp:1371:13:[m[K [01;36m[Knote: [m[K  template argument deduction/substitution failed:
[5.764s] [01m[K/home/rtsd-user/dev_ws/src/cpp_pubsub/src/subscriber_member_function.cpp:175:26:[m[K [01;36m[Knote: [m[K  â€˜[01m[Kcv::Mat[m[Kâ€™ is not derived from â€˜[01m[Kconst cv::Matx<_Tp, 2, 2>[m[Kâ€™
[5.764s]   175 |     publisher_->publish(*[01;36m[KcvImg[m[K);
[5.764s]       |                          [01;36m[K^~~~~[m[K
[5.764s] In file included from [01m[K/usr/include/opencv4/opencv2/core.hpp:58[m[K,
[5.765s]                  from [01m[K/usr/include/opencv4/opencv2/core/core.hpp:48[m[K,
[5.765s]                  from [01m[K/opt/ros/galactic/include/cv_bridge/cv_bridge.h:43[m[K,
[5.765s]                  from [01m[K/home/rtsd-user/dev_ws/src/cpp_pubsub/src/subscriber_member_function.cpp:27[m[K:
[5.765s] [01m[K/usr/include/opencv4/opencv2/core/types.hpp:1378:14:[m[K [01;36m[Knote: [m[Kcandidate: â€˜[01m[Ktemplate<class _Tp> cv::Point3_<_Tp> cv::operator*(const cv::Matx<_Tp, 3, 3>&, const cv::Point_<_Tp>&)[m[Kâ€™
[5.765s]  1378 | Point3_<_Tp> [01;36m[Koperator[m[K * (const Matx<_Tp, 3, 3>& a, const Point_<_Tp>& b)
[5.765s]       |              [01;36m[K^~~~~~~~[m[K
[5.765s] [01m[K/usr/include/opencv4/opencv2/core/types.hpp:1378:14:[m[K [01;36m[Knote: [m[K  template argument deduction/substitution failed:
[5.765s] [01m[K/home/rtsd-user/dev_ws/src/cpp_pubsub/src/subscriber_member_function.cpp:175:26:[m[K [01;36m[Knote: [m[K  â€˜[01m[Kcv::Mat[m[Kâ€™ is not derived from â€˜[01m[Kconst cv::Matx<_Tp, 3, 3>[m[Kâ€™
[5.766s]   175 |     publisher_->publish(*[01;36m[KcvImg[m[K);
[5.768s]       |                          [01;36m[K^~~~~[m[K
[5.768s] In file included from [01m[K/usr/include/opencv4/opencv2/core.hpp:58[m[K,
[5.768s]                  from [01m[K/usr/include/opencv4/opencv2/core/core.hpp:48[m[K,
[5.768s]                  from [01m[K/opt/ros/galactic/include/cv_bridge/cv_bridge.h:43[m[K,
[5.768s]                  from [01m[K/home/rtsd-user/dev_ws/src/cpp_pubsub/src/subscriber_member_function.cpp:27[m[K:
[5.769s] [01m[K/usr/include/opencv4/opencv2/core/types.hpp:1604:14:[m[K [01;36m[Knote: [m[Kcandidate: â€˜[01m[Ktemplate<class _Tp> cv::Point3_<_Tp> cv::operator*(const cv::Point3_<_Tp>&, int)[m[Kâ€™
[5.769s]  1604 | Point3_<_Tp> [01;36m[Koperator[m[K * (const Point3_<_Tp>& a, int b)
[5.769s]       |              [01;36m[K^~~~~~~~[m[K
[5.769s] [01m[K/usr/include/opencv4/opencv2/core/types.hpp:1604:14:[m[K [01;36m[Knote: [m[K  template argument deduction/substitution failed:
[5.769s] [01m[K/home/rtsd-user/dev_ws/src/cpp_pubsub/src/subscriber_member_function.cpp:175:26:[m[K [01;36m[Knote: [m[K  â€˜[01m[Kcv::Mat[m[Kâ€™ is not derived from â€˜[01m[Kconst cv::Point3_<_Tp>[m[Kâ€™
[5.769s]   175 |     publisher_->publish(*[01;36m[KcvImg[m[K);
[5.772s]       |                          [01;36m[K^~~~~[m[K
[5.773s] In file included from [01m[K/usr/include/opencv4/opencv2/core.hpp:58[m[K,
[5.773s]                  from [01m[K/usr/include/opencv4/opencv2/core/core.hpp:48[m[K,
[5.774s]                  from [01m[K/opt/ros/galactic/include/cv_bridge/cv_bridge.h:43[m[K,
[5.774s]                  from [01m[K/home/rtsd-user/dev_ws/src/cpp_pubsub/src/subscriber_member_function.cpp:27[m[K:
[5.774s] [01m[K/usr/include/opencv4/opencv2/core/types.hpp:1610:14:[m[K [01;36m[Knote: [m[Kcandidate: â€˜[01m[Ktemplate<class _Tp> cv::Point3_<_Tp> cv::operator*(int, const cv::Point3_<_Tp>&)[m[Kâ€™
[5.774s]  1610 | Point3_<_Tp> [01;36m[Koperator[m[K * (int a, const Point3_<_Tp>& b)
[5.774s]       |              [01;36m[K^~~~~~~~[m[K
[5.774s] [01m[K/usr/include/opencv4/opencv2/core/types.hpp:1610:14:[m[K [01;36m[Knote: [m[K  template argument deduction/substitution failed:
[5.774s] [01m[K/home/rtsd-user/dev_ws/src/cpp_pubsub/src/subscriber_member_function.cpp:175:26:[m[K [01;36m[Knote: [m[K  candidate expects 2 arguments, 1 provided
[5.775s]   175 |     publisher_->publish(*[01;36m[KcvImg[m[K);
[5.775s]       |                          [01;36m[K^~~~~[m[K
[5.775s] In file included from [01m[K/usr/include/opencv4/opencv2/core.hpp:58[m[K,
[5.775s]                  from [01m[K/usr/include/opencv4/opencv2/core/core.hpp:48[m[K,
[5.775s]                  from [01m[K/opt/ros/galactic/include/cv_bridge/cv_bridge.h:43[m[K,
[5.775s]                  from [01m[K/home/rtsd-user/dev_ws/src/cpp_pubsub/src/subscriber_member_function.cpp:27[m[K:
[5.775s] [01m[K/usr/include/opencv4/opencv2/core/types.hpp:1616:14:[m[K [01;36m[Knote: [m[Kcandidate: â€˜[01m[Ktemplate<class _Tp> cv::Point3_<_Tp> cv::operator*(const cv::Point3_<_Tp>&, float)[m[Kâ€™
[5.778s]  1616 | Point3_<_Tp> [01;36m[Koperator[m[K * (const Point3_<_Tp>& a, float b)
[5.778s]       |              [01;36m[K^~~~~~~~[m[K
[5.778s] [01m[K/usr/include/opencv4/opencv2/core/types.hpp:1616:14:[m[K [01;36m[Knote: [m[K  template argument deduction/substitution failed:
[5.778s] [01m[K/home/rtsd-user/dev_ws/src/cpp_pubsub/src/subscriber_member_function.cpp:175:26:[m[K [01;36m[Knote: [m[K  â€˜[01m[Kcv::Mat[m[Kâ€™ is not derived from â€˜[01m[Kconst cv::Point3_<_Tp>[m[Kâ€™
[5.778s]   175 |     publisher_->publish(*[01;36m[KcvImg[m[K);
[5.778s]       |                          [01;36m[K^~~~~[m[K
[5.779s] In file included from [01m[K/usr/include/opencv4/opencv2/core.hpp:58[m[K,
[5.779s]                  from [01m[K/usr/include/opencv4/opencv2/core/core.hpp:48[m[K,
[5.779s]                  from [01m[K/opt/ros/galactic/include/cv_bridge/cv_bridge.h:43[m[K,
[5.779s]                  from [01m[K/home/rtsd-user/dev_ws/src/cpp_pubsub/src/subscriber_member_function.cpp:27[m[K:
[5.779s] [01m[K/usr/include/opencv4/opencv2/core/types.hpp:1622:14:[m[K [01;36m[Knote: [m[Kcandidate: â€˜[01m[Ktemplate<class _Tp> cv::Point3_<_Tp> cv::operator*(float, const cv::Point3_<_Tp>&)[m[Kâ€™
[5.779s]  1622 | Point3_<_Tp> [01;36m[Koperator[m[K * (float a, const Point3_<_Tp>& b)
[5.779s]       |              [01;36m[K^~~~~~~~[m[K
[5.783s] [01m[K/usr/include/opencv4/opencv2/core/types.hpp:1622:14:[m[K [01;36m[Knote: [m[K  template argument deduction/substitution failed:
[5.783s] [01m[K/home/rtsd-user/dev_ws/src/cpp_pubsub/src/subscriber_member_function.cpp:175:26:[m[K [01;36m[Knote: [m[K  candidate expects 2 arguments, 1 provided
[5.783s]   175 |     publisher_->publish(*[01;36m[KcvImg[m[K);
[5.783s]       |                          [01;36m[K^~~~~[m[K
[5.783s] In file included from [01m[K/usr/include/opencv4/opencv2/core.hpp:58[m[K,
[5.784s]                  from [01m[K/usr/include/opencv4/opencv2/core/core.hpp:48[m[K,
[5.784s]                  from [01m[K/opt/ros/galactic/include/cv_bridge/cv_bridge.h:43[m[K,
[5.784s]                  from [01m[K/home/rtsd-user/dev_ws/src/cpp_pubsub/src/subscriber_member_function.cpp:27[m[K:
[5.784s] [01m[K/usr/include/opencv4/opencv2/core/types.hpp:1628:14:[m[K [01;36m[Knote: [m[Kcandidate: â€˜[01m[Ktemplate<class _Tp> cv::Point3_<_Tp> cv::operator*(const cv::Point3_<_Tp>&, double)[m[Kâ€™
[5.784s]  1628 | Point3_<_Tp> [01;36m[Koperator[m[K * (const Point3_<_Tp>& a, double b)
[5.784s]       |              [01;36m[K^~~~~~~~[m[K
[5.784s] [01m[K/usr/include/opencv4/opencv2/core/types.hpp:1628:14:[m[K [01;36m[Knote: [m[K  template argument deduction/substitution failed:
[5.784s] [01m[K/home/rtsd-user/dev_ws/src/cpp_pubsub/src/subscriber_member_function.cpp:175:26:[m[K [01;36m[Knote: [m[K  â€˜[01m[Kcv::Mat[m[Kâ€™ is not derived from â€˜[01m[Kconst cv::Point3_<_Tp>[m[Kâ€™
[5.785s]   175 |     publisher_->publish(*[01;36m[KcvImg[m[K);
[5.785s]       |                          [01;36m[K^~~~~[m[K
[5.785s] In file included from [01m[K/usr/include/opencv4/opencv2/core.hpp:58[m[K,
[5.785s]                  from [01m[K/usr/include/opencv4/opencv2/core/core.hpp:48[m[K,
[5.785s]                  from [01m[K/opt/ros/galactic/include/cv_bridge/cv_bridge.h:43[m[K,
[5.785s]                  from [01m[K/home/rtsd-user/dev_ws/src/cpp_pubsub/src/subscriber_member_function.cpp:27[m[K:
[5.785s] [01m[K/usr/include/opencv4/opencv2/core/types.hpp:1634:14:[m[K [01;36m[Knote: [m[Kcandidate: â€˜[01m[Ktemplate<class _Tp> cv::Point3_<_Tp> cv::operator*(double, const cv::Point3_<_Tp>&)[m[Kâ€™
[5.785s]  1634 | Point3_<_Tp> [01;36m[Koperator[m[K * (double a, const Point3_<_Tp>& b)
[5.786s]       |              [01;36m[K^~~~~~~~[m[K
[5.786s] [01m[K/usr/include/opencv4/opencv2/core/types.hpp:1634:14:[m[K [01;36m[Knote: [m[K  template argument deduction/substitution failed:
[5.786s] [01m[K/home/rtsd-user/dev_ws/src/cpp_pubsub/src/subscriber_member_function.cpp:175:26:[m[K [01;36m[Knote: [m[K  candidate expects 2 arguments, 1 provided
[5.786s]   175 |     publisher_->publish(*[01;36m[KcvImg[m[K);
[5.786s]       |                          [01;36m[K^~~~~[m[K
[5.786s] In file included from [01m[K/usr/include/opencv4/opencv2/core.hpp:58[m[K,
[5.786s]                  from [01m[K/usr/include/opencv4/opencv2/core/core.hpp:48[m[K,
[5.786s]                  from [01m[K/opt/ros/galactic/include/cv_bridge/cv_bridge.h:43[m[K,
[5.787s]                  from [01m[K/home/rtsd-user/dev_ws/src/cpp_pubsub/src/subscriber_member_function.cpp:27[m[K:
[5.787s] [01m[K/usr/include/opencv4/opencv2/core/types.hpp:1640:14:[m[K [01;36m[Knote: [m[Kcandidate: â€˜[01m[Ktemplate<class _Tp> cv::Point3_<_Tp> cv::operator*(const cv::Matx<_Tp, 3, 3>&, const cv::Point3_<_Tp>&)[m[Kâ€™
[5.787s]  1640 | Point3_<_Tp> [01;36m[Koperator[m[K * (const Matx<_Tp, 3, 3>& a, const Point3_<_Tp>& b)
[5.787s]       |              [01;36m[K^~~~~~~~[m[K
[5.787s] [01m[K/usr/include/opencv4/opencv2/core/types.hpp:1640:14:[m[K [01;36m[Knote: [m[K  template argument deduction/substitution failed:
[5.787s] [01m[K/home/rtsd-user/dev_ws/src/cpp_pubsub/src/subscriber_member_function.cpp:175:26:[m[K [01;36m[Knote: [m[K  â€˜[01m[Kcv::Mat[m[Kâ€™ is not derived from â€˜[01m[Kconst cv::Matx<_Tp, 3, 3>[m[Kâ€™
[5.787s]   175 |     publisher_->publish(*[01;36m[KcvImg[m[K);
[5.787s]       |                          [01;36m[K^~~~~[m[K
[5.788s] In file included from [01m[K/usr/include/opencv4/opencv2/core.hpp:58[m[K,
[5.788s]                  from [01m[K/usr/include/opencv4/opencv2/core/core.hpp:48[m[K,
[5.788s]                  from [01m[K/opt/ros/galactic/include/cv_bridge/cv_bridge.h:43[m[K,
[5.796s]                  from [01m[K/home/rtsd-user/dev_ws/src/cpp_pubsub/src/subscriber_member_function.cpp:27[m[K:
[5.796s] [01m[K/usr/include/opencv4/opencv2/core/types.hpp:1647:17:[m[K [01;36m[Knote: [m[Kcandidate: â€˜[01m[Ktemplate<class _Tp> cv::Matx<T2, 4, 1> cv::operator*(const cv::Matx<_Tp, 4, 4>&, const cv::Point3_<_Tp>&)[m[Kâ€™
[5.796s]  1647 | Matx<_Tp, 4, 1> [01;36m[Koperator[m[K * (const Matx<_Tp, 4, 4>& a, const Point3_<_Tp>& b)
[5.797s]       |                 [01;36m[K^~~~~~~~[m[K
[5.797s] [01m[K/usr/include/opencv4/opencv2/core/types.hpp:1647:17:[m[K [01;36m[Knote: [m[K  template argument deduction/substitution failed:
[5.797s] [01m[K/home/rtsd-user/dev_ws/src/cpp_pubsub/src/subscriber_member_function.cpp:175:26:[m[K [01;36m[Knote: [m[K  â€˜[01m[Kcv::Mat[m[Kâ€™ is not derived from â€˜[01m[Kconst cv::Matx<_Tp, 4, 4>[m[Kâ€™
[5.797s]   175 |     publisher_->publish(*[01;36m[KcvImg[m[K);
[5.797s]       |                          [01;36m[K^~~~~[m[K
[5.797s] In file included from [01m[K/usr/include/opencv4/opencv2/core.hpp:58[m[K,
[5.797s]                  from [01m[K/usr/include/opencv4/opencv2/core/core.hpp:48[m[K,
[5.798s]                  from [01m[K/opt/ros/galactic/include/cv_bridge/cv_bridge.h:43[m[K,
[5.798s]                  from [01m[K/home/rtsd-user/dev_ws/src/cpp_pubsub/src/subscriber_member_function.cpp:27[m[K:
[5.798s] [01m[K/usr/include/opencv4/opencv2/core/types.hpp:1751:12:[m[K [01;36m[Knote: [m[Kcandidate: â€˜[01m[Ktemplate<class _Tp> cv::Size_<_Tp> cv::operator*(const cv::Size_<_Tp>&, _Tp)[m[Kâ€™
[5.798s]  1751 | Size_<_Tp> [01;36m[Koperator[m[K * (const Size_<_Tp>& a, _Tp b)
[5.798s]       |            [01;36m[K^~~~~~~~[m[K
[5.798s] [01m[K/usr/include/opencv4/opencv2/core/types.hpp:1751:12:[m[K [01;36m[Knote: [m[K  template argument deduction/substitution failed:
[5.798s] [01m[K/home/rtsd-user/dev_ws/src/cpp_pubsub/src/subscriber_member_function.cpp:175:26:[m[K [01;36m[Knote: [m[K  â€˜[01m[Kcv::Mat[m[Kâ€™ is not derived from â€˜[01m[Kconst cv::Size_<_Tp>[m[Kâ€™
[5.798s]   175 |     publisher_->publish(*[01;36m[KcvImg[m[K);
[5.798s]       |                          [01;36m[K^~~~~[m[K
[5.799s] In file included from [01m[K/usr/include/opencv4/opencv2/core.hpp:58[m[K,
[5.799s]                  from [01m[K/usr/include/opencv4/opencv2/core/core.hpp:48[m[K,
[5.799s]                  from [01m[K/opt/ros/galactic/include/cv_bridge/cv_bridge.h:43[m[K,
[5.799s]                  from [01m[K/home/rtsd-user/dev_ws/src/cpp_pubsub/src/subscriber_member_function.cpp:27[m[K:
[5.799s] [01m[K/usr/include/opencv4/opencv2/core/types.hpp:2318:14:[m[K [01;36m[Knote: [m[Kcandidate: â€˜[01m[Ktemplate<class _Tp> cv::Scalar_<_Tp> cv::operator*(const cv::Scalar_<_Tp>&, _Tp)[m[Kâ€™
[5.799s]  2318 | Scalar_<_Tp> [01;36m[Koperator[m[K * (const Scalar_<_Tp>& a, _Tp alpha)
[5.799s]       |              [01;36m[K^~~~~~~~[m[K
[5.799s] [01m[K/usr/include/opencv4/opencv2/core/types.hpp:2318:14:[m[K [01;36m[Knote: [m[K  template argument deduction/substitution failed:
[5.800s] [01m[K/home/rtsd-user/dev_ws/src/cpp_pubsub/src/subscriber_member_function.cpp:175:26:[m[K [01;36m[Knote: [m[K  â€˜[01m[Kcv::Mat[m[Kâ€™ is not derived from â€˜[01m[Kconst cv::Scalar_<_Tp>[m[Kâ€™
[5.800s]   175 |     publisher_->publish(*[01;36m[KcvImg[m[K);
[5.800s]       |                          [01;36m[K^~~~~[m[K
[5.801s] In file included from [01m[K/usr/include/opencv4/opencv2/core.hpp:58[m[K,
[5.801s]                  from [01m[K/usr/include/opencv4/opencv2/core/core.hpp:48[m[K,
[5.801s]                  from [01m[K/opt/ros/galactic/include/cv_bridge/cv_bridge.h:43[m[K,
[5.802s]                  from [01m[K/home/rtsd-user/dev_ws/src/cpp_pubsub/src/subscriber_member_function.cpp:27[m[K:
[5.802s] [01m[K/usr/include/opencv4/opencv2/core/types.hpp:2327:14:[m[K [01;36m[Knote: [m[Kcandidate: â€˜[01m[Ktemplate<class _Tp> cv::Scalar_<_Tp> cv::operator*(_Tp, const cv::Scalar_<_Tp>&)[m[Kâ€™
[5.802s]  2327 | Scalar_<_Tp> [01;36m[Koperator[m[K * (_Tp alpha, const Scalar_<_Tp>& a)
[5.802s]       |              [01;36m[K^~~~~~~~[m[K
[5.802s] [01m[K/usr/include/opencv4/opencv2/core/types.hpp:2327:14:[m[K [01;36m[Knote: [m[K  template argument deduction/substitution failed:
[5.802s] [01m[K/home/rtsd-user/dev_ws/src/cpp_pubsub/src/subscriber_member_function.cpp:175:26:[m[K [01;36m[Knote: [m[K  candidate expects 2 arguments, 1 provided
[5.802s]   175 |     publisher_->publish(*[01;36m[KcvImg[m[K);
[5.802s]       |                          [01;36m[K^~~~~[m[K
[5.803s] In file included from [01m[K/usr/include/opencv4/opencv2/core.hpp:58[m[K,
[5.803s]                  from [01m[K/usr/include/opencv4/opencv2/core/core.hpp:48[m[K,
[5.803s]                  from [01m[K/opt/ros/galactic/include/cv_bridge/cv_bridge.h:43[m[K,
[5.803s]                  from [01m[K/home/rtsd-user/dev_ws/src/cpp_pubsub/src/subscriber_member_function.cpp:27[m[K:
[5.803s] [01m[K/usr/include/opencv4/opencv2/core/types.hpp:2343:14:[m[K [01;36m[Knote: [m[Kcandidate: â€˜[01m[Ktemplate<class _Tp> cv::Scalar_<_Tp> cv::operator*(const cv::Scalar_<_Tp>&, const cv::Scalar_<_Tp>&)[m[Kâ€™
[5.803s]  2343 | Scalar_<_Tp> [01;36m[Koperator[m[K * (const Scalar_<_Tp>& a, const Scalar_<_Tp>& b)
[5.803s]       |              [01;36m[K^~~~~~~~[m[K
[5.803s] [01m[K/usr/include/opencv4/opencv2/core/types.hpp:2343:14:[m[K [01;36m[Knote: [m[K  template argument deduction/substitution failed:
[5.804s] [01m[K/home/rtsd-user/dev_ws/src/cpp_pubsub/src/subscriber_member_function.cpp:175:26:[m[K [01;36m[Knote: [m[K  â€˜[01m[Kcv::Mat[m[Kâ€™ is not derived from â€˜[01m[Kconst cv::Scalar_<_Tp>[m[Kâ€™
[5.809s]   175 |     publisher_->publish(*[01;36m[KcvImg[m[K);
[5.809s]       |                          [01;36m[K^~~~~[m[K
[5.809s] In file included from [01m[K/usr/include/opencv4/opencv2/core.hpp:58[m[K,
[5.809s]                  from [01m[K/usr/include/opencv4/opencv2/core/core.hpp:48[m[K,
[5.809s]                  from [01m[K/opt/ros/galactic/include/cv_bridge/cv_bridge.h:43[m[K,
[5.810s]                  from [01m[K/home/rtsd-user/dev_ws/src/cpp_pubsub/src/subscriber_member_function.cpp:27[m[K:
[5.810s] [01m[K/usr/include/opencv4/opencv2/core/types.hpp:2409:8:[m[K [01;36m[Knote: [m[Kcandidate: â€˜[01m[Ktemplate<class _Tp> cv::Scalar cv::operator*(const cv::Matx<_Tp, 4, 4>&, const Scalar&)[m[Kâ€™
[5.810s]  2409 | Scalar [01;36m[Koperator[m[K * (const Matx<_Tp, 4, 4>& a, const Scalar& b)
[5.810s]       |        [01;36m[K^~~~~~~~[m[K
[5.810s] [01m[K/usr/include/opencv4/opencv2/core/types.hpp:2409:8:[m[K [01;36m[Knote: [m[K  template argument deduction/substitution failed:
[5.810s] [01m[K/home/rtsd-user/dev_ws/src/cpp_pubsub/src/subscriber_member_function.cpp:175:26:[m[K [01;36m[Knote: [m[K  â€˜[01m[Kcv::Mat[m[Kâ€™ is not derived from â€˜[01m[Kconst cv::Matx<_Tp, 4, 4>[m[Kâ€™
[5.810s]   175 |     publisher_->publish(*[01;36m[KcvImg[m[K);
[5.810s]       |                          [01;36m[K^~~~~[m[K
[5.811s] In file included from [01m[K/usr/include/opencv4/opencv2/core.hpp:59[m[K,
[5.813s]                  from [01m[K/usr/include/opencv4/opencv2/core/core.hpp:48[m[K,
[5.813s]                  from [01m[K/opt/ros/galactic/include/cv_bridge/cv_bridge.h:43[m[K,
[5.813s]                  from [01m[K/home/rtsd-user/dev_ws/src/cpp_pubsub/src/subscriber_member_function.cpp:27[m[K:
[5.813s] [01m[K/usr/include/opencv4/opencv2/core/mat.hpp:3586:20:[m[K [01;36m[Knote: [m[Kcandidate: â€˜[01m[Kcv::MatExpr cv::operator*(const cv::Mat&, const cv::Mat&)[m[Kâ€™
[5.813s]  3586 | CV_EXPORTS MatExpr [01;36m[Koperator[m[K * (const Mat& a, const Mat& b);
[5.813s]       |                    [01;36m[K^~~~~~~~[m[K
[5.814s] [01m[K/usr/include/opencv4/opencv2/core/mat.hpp:3586:20:[m[K [01;36m[Knote: [m[K  candidate expects 2 arguments, 1 provided
[5.814s] [01m[K/usr/include/opencv4/opencv2/core/mat.hpp:3587:20:[m[K [01;36m[Knote: [m[Kcandidate: â€˜[01m[Kcv::MatExpr cv::operator*(const cv::Mat&, double)[m[Kâ€™
[5.814s]  3587 | CV_EXPORTS MatExpr [01;36m[Koperator[m[K * (const Mat& a, double s);
[5.814s]       |                    [01;36m[K^~~~~~~~[m[K
[5.814s] [01m[K/usr/include/opencv4/opencv2/core/mat.hpp:3587:20:[m[K [01;36m[Knote: [m[K  candidate expects 2 arguments, 1 provided
[5.814s] [01m[K/usr/include/opencv4/opencv2/core/mat.hpp:3588:20:[m[K [01;36m[Knote: [m[Kcandidate: â€˜[01m[Kcv::MatExpr cv::operator*(double, const cv::Mat&)[m[Kâ€™
[5.814s]  3588 | CV_EXPORTS MatExpr [01;36m[Koperator[m[K * (double s, const Mat& a);
[5.814s]       |                    [01;36m[K^~~~~~~~[m[K
[5.815s] [01m[K/usr/include/opencv4/opencv2/core/mat.hpp:3588:20:[m[K [01;36m[Knote: [m[K  candidate expects 2 arguments, 1 provided
[5.816s] [01m[K/usr/include/opencv4/opencv2/core/mat.hpp:3589:20:[m[K [01;36m[Knote: [m[Kcandidate: â€˜[01m[Kcv::MatExpr cv::operator*(const cv::MatExpr&, const cv::Mat&)[m[Kâ€™
[5.816s]  3589 | CV_EXPORTS MatExpr [01;36m[Koperator[m[K * (const MatExpr& e, const Mat& m);
[5.816s]       |                    [01;36m[K^~~~~~~~[m[K
[5.816s] [01m[K/usr/include/opencv4/opencv2/core/mat.hpp:3589:20:[m[K [01;36m[Knote: [m[K  candidate expects 2 arguments, 1 provided
[5.816s] [01m[K/usr/include/opencv4/opencv2/core/mat.hpp:3590:20:[m[K [01;36m[Knote: [m[Kcandidate: â€˜[01m[Kcv::MatExpr cv::operator*(const cv::Mat&, const cv::MatExpr&)[m[Kâ€™
[5.816s]  3590 | CV_EXPORTS MatExpr [01;36m[Koperator[m[K * (const Mat& m, const MatExpr& e);
[5.816s]       |                    [01;36m[K^~~~~~~~[m[K
[5.819s] [01m[K/usr/include/opencv4/opencv2/core/mat.hpp:3590:20:[m[K [01;36m[Knote: [m[K  candidate expects 2 arguments, 1 provided
[5.819s] [01m[K/usr/include/opencv4/opencv2/core/mat.hpp:3591:20:[m[K [01;36m[Knote: [m[Kcandidate: â€˜[01m[Kcv::MatExpr cv::operator*(const cv::MatExpr&, double)[m[Kâ€™
[5.819s]  3591 | CV_EXPORTS MatExpr [01;36m[Koperator[m[K * (const MatExpr& e, double s);
[5.819s]       |                    [01;36m[K^~~~~~~~[m[K
[5.819s] [01m[K/usr/include/opencv4/opencv2/core/mat.hpp:3591:20:[m[K [01;36m[Knote: [m[K  candidate expects 2 arguments, 1 provided
[5.819s] [01m[K/usr/include/opencv4/opencv2/core/mat.hpp:3592:20:[m[K [01;36m[Knote: [m[Kcandidate: â€˜[01m[Kcv::MatExpr cv::operator*(double, const cv::MatExpr&)[m[Kâ€™
[5.820s]  3592 | CV_EXPORTS MatExpr [01;36m[Koperator[m[K * (double s, const MatExpr& e);
[5.820s]       |                    [01;36m[K^~~~~~~~[m[K
[5.820s] [01m[K/usr/include/opencv4/opencv2/core/mat.hpp:3592:20:[m[K [01;36m[Knote: [m[K  candidate expects 2 arguments, 1 provided
[5.820s] [01m[K/usr/include/opencv4/opencv2/core/mat.hpp:3593:20:[m[K [01;36m[Knote: [m[Kcandidate: â€˜[01m[Kcv::MatExpr cv::operator*(const cv::MatExpr&, const cv::MatExpr&)[m[Kâ€™
[5.820s]  3593 | CV_EXPORTS MatExpr [01;36m[Koperator[m[K * (const MatExpr& e1, const MatExpr& e2);
[5.820s]       |                    [01;36m[K^~~~~~~~[m[K
[5.820s] [01m[K/usr/include/opencv4/opencv2/core/mat.hpp:3593:20:[m[K [01;36m[Knote: [m[K  candidate expects 2 arguments, 1 provided
[5.823s] [01m[K/usr/include/opencv4/opencv2/core/mat.hpp:3595:9:[m[K [01;36m[Knote: [m[Kcandidate: â€˜[01m[Ktemplate<class _Tp, int m, int n> cv::MatExpr cv::operator*(const cv::Mat&, const cv::Matx<_Tp, m, n>&)[m[Kâ€™
[5.823s]  3595 | MatExpr [01;36m[Koperator[m[K * (const Mat& a, const Matx<_Tp, m, n>& b) { return a * Mat(b); }
[5.823s]       |         [01;36m[K^~~~~~~~[m[K
[5.823s] [01m[K/usr/include/opencv4/opencv2/core/mat.hpp:3595:9:[m[K [01;36m[Knote: [m[K  template argument deduction/substitution failed:
[5.823s] [01m[K/home/rtsd-user/dev_ws/src/cpp_pubsub/src/subscriber_member_function.cpp:175:26:[m[K [01;36m[Knote: [m[K  candidate expects 2 arguments, 1 provided
[5.823s]   175 |     publisher_->publish(*[01;36m[KcvImg[m[K);
[5.823s]       |                          [01;36m[K^~~~~[m[K
[5.824s] In file included from [01m[K/usr/include/opencv4/opencv2/core.hpp:59[m[K,
[5.824s]                  from [01m[K/usr/include/opencv4/opencv2/core/core.hpp:48[m[K,
[5.824s]                  from [01m[K/opt/ros/galactic/include/cv_bridge/cv_bridge.h:43[m[K,
[5.824s]                  from [01m[K/home/rtsd-user/dev_ws/src/cpp_pubsub/src/subscriber_member_function.cpp:27[m[K:
[5.824s] [01m[K/usr/include/opencv4/opencv2/core/mat.hpp:3597:9:[m[K [01;36m[Knote: [m[Kcandidate: â€˜[01m[Ktemplate<class _Tp, int m, int n> cv::MatExpr cv::operator*(const cv::Matx<_Tp, m, n>&, const cv::Mat&)[m[Kâ€™
[5.824s]  3597 | MatExpr [01;36m[Koperator[m[K * (const Matx<_Tp, m, n>& a, const Mat& b) { return Mat(a) * b; }
[5.826s]       |         [01;36m[K^~~~~~~~[m[K
[5.826s] [01m[K/usr/include/opencv4/opencv2/core/mat.hpp:3597:9:[m[K [01;36m[Knote: [m[K  template argument deduction/substitution failed:
[5.827s] [01m[K/home/rtsd-user/dev_ws/src/cpp_pubsub/src/subscriber_member_function.cpp:175:26:[m[K [01;36m[Knote: [m[K  â€˜[01m[Kcv::Mat[m[Kâ€™ is not derived from â€˜[01m[Kconst cv::Matx<_Tp, m, n>[m[Kâ€™
[5.827s]   175 |     publisher_->publish(*[01;36m[KcvImg[m[K);
[5.827s]       |                          [01;36m[K^~~~~[m[K
[5.827s] [01m[K/home/rtsd-user/dev_ws/src/cpp_pubsub/src/subscriber_member_function.cpp:145:9:[m[K [01;35m[Kwarning: [m[Kunused variable â€˜[01m[Krows[m[Kâ€™ [[01;35m[K-Wunused-variable[m[K]
[5.827s]   145 |     int [01;35m[Krows[m[K = msg->height;
[5.827s]       |         [01;35m[K^~~~[m[K
[5.827s] [01m[K/home/rtsd-user/dev_ws/src/cpp_pubsub/src/subscriber_member_function.cpp:146:9:[m[K [01;35m[Kwarning: [m[Kunused variable â€˜[01m[Kcolumns[m[Kâ€™ [[01;35m[K-Wunused-variable[m[K]
[5.827s]   146 |     int [01;35m[Kcolumns[m[K = msg->width;
[5.828s]       |         [01;35m[K^~~~~~~[m[K
[10.252s] make[2]: *** [CMakeFiles/listener.dir/build.make:63: CMakeFiles/listener.dir/src/subscriber_member_function.cpp.o] Error 1
[10.255s] make[1]: *** [CMakeFiles/Makefile2:80: CMakeFiles/listener.dir/all] Error 2
[10.255s] make: *** [Makefile:141: all] Error 2
[10.260s] Invoked command in '/home/rtsd-user/dev_ws/build/cpp_pubsub' returned '2': CMAKE_PREFIX_PATH=${CMAKE_PREFIX_PATH}:/opt/ros/galactic /usr/bin/cmake --build /home/rtsd-user/dev_ws/build/cpp_pubsub -- -j1 -l1
